TN:
SF:src\App.tsx
FN:30,App
FN:37,(anonymous_2)
FN:74,(anonymous_3)
FN:95,(anonymous_4)
FNF:4
FNH:0
FNDA:0,App
FNDA:0,(anonymous_2)
FNDA:0,(anonymous_3)
FNDA:0,(anonymous_4)
DA:1,0
DA:2,0
DA:3,0
DA:4,0
DA:5,0
DA:6,0
DA:7,0
DA:8,0
DA:9,0
DA:10,0
DA:11,0
DA:12,0
DA:13,0
DA:14,0
DA:15,0
DA:17,0
DA:18,0
DA:19,0
DA:20,0
DA:30,0
DA:31,0
DA:32,0
DA:33,0
DA:34,0
DA:37,0
DA:38,0
DA:39,0
DA:40,0
DA:41,0
DA:43,0
DA:50,0
DA:51,0
DA:53,0
DA:54,0
DA:58,0
DA:59,0
DA:62,0
DA:63,0
DA:64,0
DA:65,0
DA:66,0
DA:68,0
DA:74,0
DA:79,0
DA:81,0
DA:82,0
DA:83,0
DA:84,0
DA:87,0
DA:88,0
DA:89,0
DA:90,0
DA:92,0
DA:95,0
DA:96,0
DA:98,0
DA:99,0
DA:100,0
DA:101,0
DA:103,0
DA:104,0
DA:105,0
DA:106,0
DA:108,0
DA:111,0
DA:227,0
LF:66
LH:0
BRDA:50,0,0,0
BRDA:50,0,1,0
BRDA:50,1,0,0
BRDA:50,1,1,0
BRDA:53,2,0,0
BRDA:53,2,1,0
BRDA:53,3,0,0
BRDA:53,3,1,0
BRDA:53,3,2,0
BRDA:62,4,0,0
BRDA:62,4,1,0
BRDA:132,5,0,0
BRDA:132,5,1,0
BRDA:142,6,0,0
BRDA:142,6,1,0
BRF:15
BRH:0
end_of_record
TN:
SF:src\index.tsx
FNF:0
FNH:0
DA:1,0
DA:2,0
DA:3,0
DA:4,0
DA:6,0
DA:7,0
LF:6
LH:0
BRF:0
BRH:0
end_of_record
TN:
SF:src\components\Chatbot.tsx
FN:35,Chatbot
FN:57,(anonymous_1)
FN:65,(anonymous_2)
FN:70,(anonymous_3)
FN:75,(anonymous_4)
FN:89,(anonymous_5)
FN:90,(anonymous_6)
FN:93,(anonymous_7)
FN:104,(anonymous_8)
FN:110,(anonymous_9)
FN:111,(anonymous_10)
FN:121,(anonymous_11)
FN:126,(anonymous_12)
FN:133,(anonymous_13)
FN:140,(anonymous_14)
FN:144,(anonymous_15)
FN:148,(anonymous_16)
FN:164,(anonymous_17)
FN:169,(anonymous_18)
FN:183,(anonymous_19)
FN:189,(anonymous_20)
FN:196,(anonymous_21)
FN:230,(anonymous_22)
FN:250,(anonymous_23)
FN:260,(anonymous_24)
FN:270,(anonymous_25)
FN:280,(anonymous_26)
FN:284,(anonymous_27)
FN:299,(anonymous_28)
FN:335,(anonymous_29)
FN:344,(anonymous_30)
FN:369,(anonymous_31)
FN:374,(anonymous_32)
FN:439,(anonymous_33)
FNF:34
FNH:0
FNDA:0,Chatbot
FNDA:0,(anonymous_1)
FNDA:0,(anonymous_2)
FNDA:0,(anonymous_3)
FNDA:0,(anonymous_4)
FNDA:0,(anonymous_5)
FNDA:0,(anonymous_6)
FNDA:0,(anonymous_7)
FNDA:0,(anonymous_8)
FNDA:0,(anonymous_9)
FNDA:0,(anonymous_10)
FNDA:0,(anonymous_11)
FNDA:0,(anonymous_12)
FNDA:0,(anonymous_13)
FNDA:0,(anonymous_14)
FNDA:0,(anonymous_15)
FNDA:0,(anonymous_16)
FNDA:0,(anonymous_17)
FNDA:0,(anonymous_18)
FNDA:0,(anonymous_19)
FNDA:0,(anonymous_20)
FNDA:0,(anonymous_21)
FNDA:0,(anonymous_22)
FNDA:0,(anonymous_23)
FNDA:0,(anonymous_24)
FNDA:0,(anonymous_25)
FNDA:0,(anonymous_26)
FNDA:0,(anonymous_27)
FNDA:0,(anonymous_28)
FNDA:0,(anonymous_29)
FNDA:0,(anonymous_30)
FNDA:0,(anonymous_31)
FNDA:0,(anonymous_32)
FNDA:0,(anonymous_33)
DA:1,0
DA:2,0
DA:3,0
DA:4,0
DA:6,0
DA:35,0
DA:36,0
DA:37,0
DA:47,0
DA:48,0
DA:49,0
DA:50,0
DA:51,0
DA:52,0
DA:54,0
DA:55,0
DA:57,0
DA:58,0
DA:65,0
DA:66,0
DA:67,0
DA:70,0
DA:71,0
DA:72,0
DA:75,0
DA:76,0
DA:78,0
DA:84,0
DA:85,0
DA:89,0
DA:90,0
DA:93,0
DA:94,0
DA:104,0
DA:105,0
DA:106,0
DA:107,0
DA:110,0
DA:111,0
DA:112,0
DA:113,0
DA:114,0
DA:115,0
DA:117,0
DA:121,0
DA:122,0
DA:123,0
DA:126,0
DA:127,0
DA:128,0
DA:133,0
DA:135,0
DA:136,0
DA:140,0
DA:141,0
DA:144,0
DA:145,0
DA:148,0
DA:149,0
DA:150,0
DA:151,0
DA:152,0
DA:155,0
DA:164,0
DA:165,0
DA:166,0
DA:167,0
DA:169,0
DA:174,0
DA:175,0
DA:183,0
DA:184,0
DA:185,0
DA:186,0
DA:189,0
DA:190,0
DA:191,0
DA:192,0
DA:196,0
DA:197,0
DA:208,0
DA:209,0
DA:210,0
DA:212,0
DA:214,0
DA:218,0
DA:219,0
DA:221,0
DA:230,0
DA:231,0
DA:241,0
DA:243,0
DA:250,0
DA:251,0
DA:252,0
DA:254,0
DA:255,0
DA:257,0
DA:260,0
DA:261,0
DA:262,0
DA:264,0
DA:265,0
DA:267,0
DA:270,0
DA:271,0
DA:272,0
DA:274,0
DA:275,0
DA:277,0
DA:280,0
DA:281,0
DA:284,0
DA:285,0
DA:286,0
DA:287,0
DA:288,0
DA:291,0
DA:299,0
DA:335,0
DA:345,0
DA:370,0
DA:374,0
DA:439,0
LF:124
LH:0
BRDA:84,0,0,0
BRDA:84,0,1,0
BRDA:99,1,0,0
BRDA:99,1,1,0
BRDA:101,2,0,0
BRDA:101,2,1,0
BRDA:114,3,0,0
BRDA:114,3,1,0
BRDA:114,4,0,0
BRDA:114,4,1,0
BRDA:127,5,0,0
BRDA:127,5,1,0
BRDA:135,6,0,0
BRDA:135,6,1,0
BRDA:149,7,0,0
BRDA:149,7,1,0
BRDA:150,8,0,0
BRDA:150,8,1,0
BRDA:174,9,0,0
BRDA:174,9,1,0
BRDA:190,10,0,0
BRDA:190,10,1,0
BRDA:190,11,0,0
BRDA:190,11,1,0
BRDA:208,12,0,0
BRDA:208,12,1,0
BRDA:210,13,0,0
BRDA:210,13,1,0
BRDA:212,14,0,0
BRDA:212,14,1,0
BRDA:218,15,0,0
BRDA:218,15,1,0
BRDA:241,16,0,0
BRDA:241,16,1,0
BRDA:251,17,0,0
BRDA:251,17,1,0
BRDA:254,18,0,0
BRDA:254,18,1,0
BRDA:261,19,0,0
BRDA:261,19,1,0
BRDA:264,20,0,0
BRDA:264,20,1,0
BRDA:271,21,0,0
BRDA:271,21,1,0
BRDA:274,22,0,0
BRDA:274,22,1,0
BRDA:281,23,0,0
BRDA:281,23,1,0
BRDA:285,24,0,0
BRDA:285,24,1,0
BRDA:286,25,0,0
BRDA:286,25,1,0
BRDA:287,26,0,0
BRDA:287,26,1,0
BRDA:294,27,0,0
BRDA:294,27,1,0
BRDA:303,28,0,0
BRDA:303,28,1,0
BRDA:311,29,0,0
BRDA:311,29,1,0
BRDA:323,30,0,0
BRDA:323,30,1,0
BRDA:350,31,0,0
BRDA:350,31,1,0
BRDA:352,32,0,0
BRDA:352,32,1,0
BRDA:363,33,0,0
BRDA:363,33,1,0
BRDA:363,33,2,0
BRDA:367,34,0,0
BRDA:367,34,1,0
BRDA:367,34,2,0
BRDA:367,34,3,0
BRDA:387,35,0,0
BRDA:387,35,1,0
BRDA:387,35,2,0
BRDA:402,36,0,0
BRDA:402,36,1,0
BRDA:402,36,2,0
BRDA:428,37,0,0
BRDA:428,37,1,0
BRDA:448,38,0,0
BRDA:448,38,1,0
BRDA:448,38,2,0
BRDA:449,39,0,0
BRDA:449,39,1,0
BRDA:449,40,0,0
BRDA:449,40,1,0
BRDA:450,41,0,0
BRDA:450,41,1,0
BRDA:450,42,0,0
BRDA:450,42,1,0
BRDA:453,43,0,0
BRDA:453,43,1,0
BRF:94
BRH:0
end_of_record
TN:
SF:src\components\FeatureSection.tsx
FN:4,FeatureSection
FN:8,(anonymous_1)
FN:10,(anonymous_2)
FN:11,(anonymous_3)
FN:13,(anonymous_4)
FN:20,(anonymous_5)
FN:24,(anonymous_6)
FN:30,(anonymous_7)
FN:130,(anonymous_8)
FN:180,(anonymous_9)
FNF:10
FNH:0
FNDA:0,FeatureSection
FNDA:0,(anonymous_1)
FNDA:0,(anonymous_2)
FNDA:0,(anonymous_3)
FNDA:0,(anonymous_4)
FNDA:0,(anonymous_5)
FNDA:0,(anonymous_6)
FNDA:0,(anonymous_7)
FNDA:0,(anonymous_8)
FNDA:0,(anonymous_9)
DA:1,0
DA:2,0
DA:4,0
DA:5,0
DA:6,0
DA:8,0
DA:9,0
DA:11,0
DA:12,0
DA:13,0
DA:20,0
DA:21,0
DA:24,0
DA:25,0
DA:28,0
DA:30,0
DA:31,0
DA:32,0
DA:36,0
DA:87,0
DA:94,0
DA:131,0
DA:181,0
LF:23
LH:0
BRDA:12,0,0,0
BRDA:12,0,1,0
BRDA:113,1,0,0
BRDA:113,1,1,0
BRDA:114,2,0,0
BRDA:114,2,1,0
BRDA:164,3,0,0
BRDA:164,3,1,0
BRDA:165,4,0,0
BRDA:165,4,1,0
BRDA:185,5,0,0
BRDA:185,5,1,0
BRDA:186,6,0,0
BRDA:186,6,1,0
BRF:14
BRH:0
end_of_record
TN:
SF:src\components\Footer.tsx
FN:12,Footer
FN:82,(anonymous_1)
FN:111,(anonymous_2)
FN:138,(anonymous_3)
FN:165,(anonymous_4)
FN:212,(anonymous_5)
FNF:6
FNH:0
FNDA:0,Footer
FNDA:0,(anonymous_1)
FNDA:0,(anonymous_2)
FNDA:0,(anonymous_3)
FNDA:0,(anonymous_4)
FNDA:0,(anonymous_5)
DA:1,0
DA:12,0
DA:13,0
DA:83,0
DA:112,0
DA:139,0
DA:166,0
DA:213,0
LF:8
LH:0
BRF:0
BRH:0
end_of_record
TN:
SF:src\components\Header.tsx
FN:5,Header
FN:14,(anonymous_10)
FN:67,(anonymous_11)
FN:78,(anonymous_12)
FN:81,(anonymous_13)
FN:84,(anonymous_14)
FN:87,(anonymous_15)
FN:95,(anonymous_16)
FN:102,(anonymous_17)
FNF:9
FNH:0
FNDA:0,Header
FNDA:0,(anonymous_10)
FNDA:0,(anonymous_11)
FNDA:0,(anonymous_12)
FNDA:0,(anonymous_13)
FNDA:0,(anonymous_14)
FNDA:0,(anonymous_15)
FNDA:0,(anonymous_16)
FNDA:0,(anonymous_17)
DA:1,0
DA:2,0
DA:3,0
DA:5,0
DA:6,0
DA:8,0
DA:9,0
DA:12,0
DA:14,0
DA:16,0
DA:17,0
DA:18,0
DA:19,0
DA:22,0
DA:67,0
DA:78,0
DA:81,0
DA:84,0
DA:87,0
DA:95,0
DA:102,0
LF:21
LH:0
BRDA:8,0,0,0
BRDA:8,0,1,0
BRDA:9,1,0,0
BRDA:9,1,1,0
BRDA:18,2,0,0
BRDA:18,2,1,0
BRDA:68,3,0,0
BRDA:68,3,1,0
BRDA:70,4,0,0
BRDA:70,4,1,0
BRDA:75,5,0,0
BRDA:75,5,1,0
BRF:12
BRH:0
end_of_record
TN:
SF:src\components\HeroSection.tsx
FN:4,HeroSection
FN:8,(anonymous_1)
FN:10,(anonymous_2)
FN:11,(anonymous_3)
FN:13,(anonymous_4)
FN:20,(anonymous_5)
FN:24,(anonymous_6)
FN:30,(anonymous_7)
FN:37,(anonymous_8)
FN:84,(anonymous_9)
FN:170,(anonymous_10)
FNF:11
FNH:0
FNDA:0,HeroSection
FNDA:0,(anonymous_1)
FNDA:0,(anonymous_2)
FNDA:0,(anonymous_3)
FNDA:0,(anonymous_4)
FNDA:0,(anonymous_5)
FNDA:0,(anonymous_6)
FNDA:0,(anonymous_7)
FNDA:0,(anonymous_8)
FNDA:0,(anonymous_9)
FNDA:0,(anonymous_10)
DA:1,0
DA:2,0
DA:4,0
DA:5,0
DA:6,0
DA:8,0
DA:9,0
DA:11,0
DA:12,0
DA:13,0
DA:20,0
DA:21,0
DA:24,0
DA:25,0
DA:28,0
DA:30,0
DA:31,0
DA:32,0
DA:37,0
DA:38,0
DA:39,0
DA:40,0
DA:47,0
DA:68,0
DA:85,0
DA:171,0
LF:26
LH:0
BRDA:12,0,0,0
BRDA:12,0,1,0
BRDA:39,1,0,0
BRDA:39,1,1,0
BRDA:104,2,0,0
BRDA:104,2,1,0
BRDA:105,3,0,0
BRDA:105,3,1,0
BRDA:141,4,0,0
BRDA:141,4,1,0
BRDA:142,5,0,0
BRDA:142,5,1,0
BRDA:175,6,0,0
BRDA:175,6,1,0
BRDA:176,7,0,0
BRDA:176,7,1,0
BRF:16
BRH:0
end_of_record
TN:
SF:src\components\Modal.tsx
FN:9,Modal
FN:11,(anonymous_10)
FN:12,(anonymous_11)
FN:17,(anonymous_12)
FN:27,(anonymous_13)
FNF:5
FNH:0
FNDA:0,Modal
FNDA:0,(anonymous_10)
FNDA:0,(anonymous_11)
FNDA:0,(anonymous_12)
FNDA:0,(anonymous_13)
DA:1,0
DA:2,0
DA:9,0
DA:10,0
DA:11,0
DA:12,0
DA:13,0
DA:14,0
DA:17,0
DA:18,0
DA:19,0
DA:22,0
DA:23,0
DA:24,0
DA:25,0
DA:27,0
DA:28,0
DA:29,0
DA:30,0
DA:33,0
DA:34,0
LF:21
LH:0
BRDA:13,0,0,0
BRDA:13,0,1,0
BRDA:18,1,0,0
BRDA:18,1,1,0
BRDA:18,2,0,0
BRDA:18,2,1,0
BRDA:22,3,0,0
BRDA:22,3,1,0
BRDA:33,4,0,0
BRDA:33,4,1,0
BRF:10
BRH:0
end_of_record
TN:
SF:src\components\PricingSection.tsx
FN:4,PricingSection
FN:8,(anonymous_1)
FN:10,(anonymous_2)
FN:11,(anonymous_3)
FN:13,(anonymous_4)
FN:20,(anonymous_5)
FN:24,(anonymous_6)
FN:30,(anonymous_7)
FNF:8
FNH:0
FNDA:0,PricingSection
FNDA:0,(anonymous_1)
FNDA:0,(anonymous_2)
FNDA:0,(anonymous_3)
FNDA:0,(anonymous_4)
FNDA:0,(anonymous_5)
FNDA:0,(anonymous_6)
FNDA:0,(anonymous_7)
DA:1,0
DA:2,0
DA:4,0
DA:5,0
DA:6,0
DA:8,0
DA:9,0
DA:11,0
DA:12,0
DA:13,0
DA:20,0
DA:21,0
DA:24,0
DA:25,0
DA:28,0
DA:30,0
DA:31,0
DA:32,0
DA:86,0
LF:19
LH:0
BRDA:12,0,0,0
BRDA:12,0,1,0
BRDA:234,1,0,0
BRDA:234,1,1,0
BRDA:235,2,0,0
BRDA:235,2,1,0
BRF:6
BRH:0
end_of_record
TN:
SF:src\components\ProtectedRoute.tsx
FN:10,(anonymous_0)
FNF:1
FNH:0
FNDA:0,(anonymous_0)
DA:1,0
DA:10,0
DA:11,0
DA:12,0
DA:15,0
DA:16,0
DA:19,0
DA:22,0
LF:8
LH:0
BRDA:10,0,0,0
BRDA:11,1,0,0
BRDA:11,1,1,0
BRDA:15,2,0,0
BRDA:15,2,1,0
BRDA:15,3,0,0
BRDA:15,3,1,0
BRDA:15,3,2,0
BRF:8
BRH:0
end_of_record
TN:
SF:src\components\TestimonialSection.tsx
FN:4,TestimonialSection
FN:8,(anonymous_1)
FN:10,(anonymous_2)
FN:11,(anonymous_3)
FN:13,(anonymous_4)
FN:20,(anonymous_5)
FN:24,(anonymous_6)
FN:30,(anonymous_7)
FN:79,(anonymous_8)
FN:112,(anonymous_9)
FN:127,(anonymous_10)
FNF:11
FNH:0
FNDA:0,TestimonialSection
FNDA:0,(anonymous_1)
FNDA:0,(anonymous_2)
FNDA:0,(anonymous_3)
FNDA:0,(anonymous_4)
FNDA:0,(anonymous_5)
FNDA:0,(anonymous_6)
FNDA:0,(anonymous_7)
FNDA:0,(anonymous_8)
FNDA:0,(anonymous_9)
FNDA:0,(anonymous_10)
DA:1,0
DA:2,0
DA:4,0
DA:5,0
DA:6,0
DA:8,0
DA:9,0
DA:11,0
DA:12,0
DA:13,0
DA:20,0
DA:21,0
DA:24,0
DA:25,0
DA:28,0
DA:30,0
DA:31,0
DA:32,0
DA:36,0
DA:63,0
DA:80,0
DA:113,0
DA:128,0
LF:23
LH:0
BRDA:12,0,0,0
BRDA:12,0,1,0
BRDA:97,1,0,0
BRDA:97,1,1,0
BRDA:98,2,0,0
BRDA:98,2,1,0
BRDA:117,3,0,0
BRDA:117,3,1,0
BRDA:118,4,0,0
BRDA:118,4,1,0
BRDA:130,5,0,0
BRDA:130,5,1,0
BRF:12
BRH:0
end_of_record
TN:
SF:src\components\TrialModal.tsx
FN:8,TrialModal
FN:18,(anonymous_10)
FN:29,(anonymous_11)
FN:33,(anonymous_12)
FNF:4
FNH:0
FNDA:0,TrialModal
FNDA:0,(anonymous_10)
FNDA:0,(anonymous_11)
FNDA:0,(anonymous_12)
DA:1,0
DA:2,0
DA:3,0
DA:8,0
DA:9,0
DA:17,0
DA:18,0
DA:21,0
DA:23,0
DA:24,0
DA:29,0
DA:30,0
DA:31,0
DA:33,0
DA:34,0
DA:35,0
DA:36,0
DA:39,0
LF:18
LH:0
BRDA:23,0,0,0
BRDA:23,0,1,0
BRDA:26,1,0,0
BRDA:26,1,1,0
BRDA:202,2,0,0
BRDA:202,2,1,0
BRDA:205,3,0,0
BRDA:205,3,1,0
BRF:8
BRH:0
end_of_record
TN:
SF:src\components\VerifyEmail.tsx
FN:6,(anonymous_9)
FN:12,(anonymous_10)
FN:13,(anonymous_11)
FN:31,(anonymous_12)
FN:55,(anonymous_13)
FNF:5
FNH:0
FNDA:0,(anonymous_9)
FNDA:0,(anonymous_10)
FNDA:0,(anonymous_11)
FNDA:0,(anonymous_12)
FNDA:0,(anonymous_13)
DA:1,0
DA:2,0
DA:3,0
DA:4,0
DA:6,0
DA:7,0
DA:8,0
DA:9,0
DA:10,0
DA:12,0
DA:13,0
DA:14,0
DA:16,0
DA:17,0
DA:18,0
DA:19,0
DA:22,0
DA:23,0
DA:24,0
DA:26,0
DA:27,0
DA:28,0
DA:31,0
DA:32,0
DA:35,0
DA:36,0
DA:39,0
DA:40,0
DA:44,0
DA:47,0
DA:55,0
DA:95,0
LF:32
LH:0
BRDA:16,0,0,0
BRDA:16,0,1,0
BRDA:26,1,0,0
BRDA:26,1,1,0
BRDA:61,2,0,0
BRDA:61,2,1,0
BRDA:68,3,0,0
BRDA:68,3,1,0
BRDA:77,4,0,0
BRDA:77,4,1,0
BRF:10
BRH:0
end_of_record
TN:
SF:src\components\Layout\AuthLayout.tsx
FN:4,(anonymous_1)
FNF:1
FNH:0
FNDA:0,(anonymous_1)
DA:1,0
DA:2,0
DA:4,0
DA:5,0
DA:8,0
LF:5
LH:0
BRF:0
BRH:0
end_of_record
TN:
SF:src\components\Layout\Header.tsx
FN:38,(anonymous_10)
FN:39,(anonymous_11)
FN:50,(anonymous_12)
FN:53,(anonymous_13)
FN:167,(anonymous_14)
FN:189,(anonymous_15)
FN:196,(anonymous_16)
FN:197,(anonymous_17)
FN:203,(anonymous_18)
FN:209,(anonymous_19)
FN:214,(anonymous_20)
FN:218,(anonymous_21)
FN:222,(anonymous_22)
FN:228,(anonymous_23)
FN:228,(anonymous_24)
FN:234,(anonymous_25)
FN:237,(anonymous_26)
FN:246,(anonymous_27)
FN:254,(anonymous_28)
FN:257,(anonymous_29)
FN:257,(anonymous_30)
FN:267,(anonymous_31)
FN:272,(anonymous_32)
FN:276,(anonymous_33)
FN:285,(anonymous_34)
FN:292,(anonymous_35)
FN:299,(anonymous_36)
FN:309,(anonymous_37)
FN:334,(anonymous_38)
FN:360,(anonymous_39)
FN:391,(anonymous_40)
FN:396,(anonymous_41)
FN:401,(anonymous_42)
FN:407,(anonymous_43)
FN:414,(anonymous_44)
FN:492,(anonymous_45)
FN:508,(anonymous_46)
FN:516,(anonymous_47)
FN:637,(anonymous_48)
FN:641,(anonymous_49)
FN:642,(anonymous_50)
FN:680,(anonymous_51)
FNF:42
FNH:0
FNDA:0,(anonymous_10)
FNDA:0,(anonymous_11)
FNDA:0,(anonymous_12)
FNDA:0,(anonymous_13)
FNDA:0,(anonymous_14)
FNDA:0,(anonymous_15)
FNDA:0,(anonymous_16)
FNDA:0,(anonymous_17)
FNDA:0,(anonymous_18)
FNDA:0,(anonymous_19)
FNDA:0,(anonymous_20)
FNDA:0,(anonymous_21)
FNDA:0,(anonymous_22)
FNDA:0,(anonymous_23)
FNDA:0,(anonymous_24)
FNDA:0,(anonymous_25)
FNDA:0,(anonymous_26)
FNDA:0,(anonymous_27)
FNDA:0,(anonymous_28)
FNDA:0,(anonymous_29)
FNDA:0,(anonymous_30)
FNDA:0,(anonymous_31)
FNDA:0,(anonymous_32)
FNDA:0,(anonymous_33)
FNDA:0,(anonymous_34)
FNDA:0,(anonymous_35)
FNDA:0,(anonymous_36)
FNDA:0,(anonymous_37)
FNDA:0,(anonymous_38)
FNDA:0,(anonymous_39)
FNDA:0,(anonymous_40)
FNDA:0,(anonymous_41)
FNDA:0,(anonymous_42)
FNDA:0,(anonymous_43)
FNDA:0,(anonymous_44)
FNDA:0,(anonymous_45)
FNDA:0,(anonymous_46)
FNDA:0,(anonymous_47)
FNDA:0,(anonymous_48)
FNDA:0,(anonymous_49)
FNDA:0,(anonymous_50)
FNDA:0,(anonymous_51)
DA:1,0
DA:2,0
DA:19,0
DA:20,0
DA:38,0
DA:39,0
DA:40,0
DA:50,0
DA:51,0
DA:53,0
DA:54,0
DA:61,0
DA:167,0
DA:168,0
DA:169,0
DA:170,0
DA:171,0
DA:172,0
DA:173,0
DA:175,0
DA:176,0
DA:186,0
DA:189,0
DA:190,0
DA:191,0
DA:192,0
DA:196,0
DA:197,0
DA:198,0
DA:201,0
DA:203,0
DA:204,0
DA:209,0
DA:210,0
DA:211,0
DA:214,0
DA:215,0
DA:218,0
DA:219,0
DA:222,0
DA:223,0
DA:225,0
DA:228,0
DA:229,0
DA:234,0
DA:237,0
DA:238,0
DA:239,0
DA:242,0
DA:244,0
DA:246,0
DA:247,0
DA:248,0
DA:250,0
DA:254,0
DA:255,0
DA:256,0
DA:257,0
DA:261,0
DA:263,0
DA:267,0
DA:268,0
DA:269,0
DA:272,0
DA:273,0
DA:276,0
DA:277,0
DA:278,0
DA:281,0
DA:285,0
DA:286,0
DA:292,0
DA:293,0
DA:299,0
DA:300,0
DA:309,0
DA:310,0
DA:311,0
DA:312,0
DA:313,0
DA:315,0
DA:316,0
DA:317,0
DA:320,0
DA:321,0
DA:324,0
DA:334,0
DA:335,0
DA:336,0
DA:358,0
DA:360,0
DA:361,0
DA:365,0
DA:391,0
DA:396,0
DA:401,0
DA:407,0
DA:414,0
DA:492,0
DA:509,0
DA:516,0
DA:638,0
DA:641,0
DA:642,0
DA:680,0
DA:697,0
LF:106
LH:0
BRDA:51,0,0,0
BRDA:51,0,1,0
BRDA:90,1,0,0
BRDA:90,1,1,0
BRDA:95,2,0,0
BRDA:95,2,1,0
BRDA:127,3,0,0
BRDA:127,3,1,0
BRDA:136,4,0,0
BRDA:136,4,1,0
BRDA:136,4,2,0
BRDA:190,5,0,0
BRDA:190,5,1,0
BRDA:190,6,0,0
BRDA:190,6,1,0
BRDA:229,7,0,0
BRDA:229,7,1,0
BRDA:238,8,0,0
BRDA:238,8,1,0
BRDA:247,9,0,0
BRDA:247,9,1,0
BRDA:281,10,0,0
BRDA:281,10,1,0
BRDA:282,11,0,0
BRDA:282,11,1,0
BRDA:287,12,0,0
BRDA:287,12,1,0
BRDA:294,13,0,0
BRDA:294,13,1,0
BRDA:315,14,0,0
BRDA:315,14,1,0
BRDA:316,15,0,0
BRDA:316,15,1,0
BRDA:320,16,0,0
BRDA:320,16,1,0
BRDA:321,17,0,0
BRDA:321,17,1,0
BRDA:328,18,0,0
BRDA:328,18,1,0
BRDA:329,19,0,0
BRDA:329,19,1,0
BRDA:329,20,0,0
BRDA:329,20,1,0
BRDA:330,21,0,0
BRDA:330,21,1,0
BRDA:368,22,0,0
BRDA:368,22,1,0
BRDA:406,23,0,0
BRDA:406,23,1,0
BRDA:413,24,0,0
BRDA:413,24,1,0
BRDA:413,24,2,0
BRDA:424,25,0,0
BRDA:424,25,1,0
BRDA:429,26,0,0
BRDA:429,26,1,0
BRDA:435,27,0,0
BRDA:435,27,1,0
BRDA:444,28,0,0
BRDA:444,28,1,0
BRDA:446,29,0,0
BRDA:446,29,1,0
BRDA:452,30,0,0
BRDA:452,30,1,0
BRDA:460,31,0,0
BRDA:460,31,1,0
BRDA:462,32,0,0
BRDA:462,32,1,0
BRDA:466,33,0,0
BRDA:466,33,1,0
BRDA:482,34,0,0
BRDA:482,34,1,0
BRDA:487,35,0,0
BRDA:487,35,1,0
BRDA:498,36,0,0
BRDA:498,36,1,0
BRDA:512,37,0,0
BRDA:512,37,1,0
BRDA:521,38,0,0
BRDA:521,38,1,0
BRDA:530,39,0,0
BRDA:530,39,1,0
BRDA:597,40,0,0
BRDA:597,40,1,0
BRDA:620,41,0,0
BRDA:620,41,1,0
BRDA:632,42,0,0
BRDA:632,42,1,0
BRDA:646,43,0,0
BRDA:646,43,1,0
BRDA:646,43,2,0
BRDA:663,44,0,0
BRDA:663,44,1,0
BRDA:677,45,0,0
BRDA:677,45,1,0
BRDA:686,46,0,0
BRDA:686,46,1,0
BRF:97
BRH:0
end_of_record
TN:
SF:src\components\Layout\Layout.tsx
FN:4,(anonymous_1)
FN:12,(anonymous_2)
FNF:2
FNH:0
FNDA:0,(anonymous_1)
FNDA:0,(anonymous_2)
DA:1,0
DA:2,0
DA:4,0
DA:8,0
DA:13,0
DA:37,0
LF:6
LH:0
BRF:0
BRH:0
end_of_record
TN:
SF:src\components\Layout\PublicLayout.tsx
FN:6,(anonymous_1)
FNF:1
FNH:0
FNDA:0,(anonymous_1)
DA:1,0
DA:2,0
DA:3,0
DA:4,0
DA:6,0
DA:7,0
DA:18,0
LF:7
LH:0
BRF:0
BRH:0
end_of_record
TN:
SF:src\components\modals\EquipmentModal.tsx
FN:56,(anonymous_9)
FN:83,(anonymous_10)
FN:103,(anonymous_11)
FN:156,(anonymous_12)
FN:162,(anonymous_13)
FN:197,(anonymous_14)
FN:199,(anonymous_15)
FN:205,(anonymous_16)
FN:207,(anonymous_17)
FN:271,(anonymous_18)
FN:324,(anonymous_19)
FN:325,(anonymous_20)
FN:347,(anonymous_21)
FNF:13
FNH:0
FNDA:0,(anonymous_9)
FNDA:0,(anonymous_10)
FNDA:0,(anonymous_11)
FNDA:0,(anonymous_12)
FNDA:0,(anonymous_13)
FNDA:0,(anonymous_14)
FNDA:0,(anonymous_15)
FNDA:0,(anonymous_16)
FNDA:0,(anonymous_17)
FNDA:0,(anonymous_18)
FNDA:0,(anonymous_19)
FNDA:0,(anonymous_20)
FNDA:0,(anonymous_21)
DA:1,0
DA:2,0
DA:20,0
DA:43,0
DA:56,0
DA:70,0
DA:78,0
DA:83,0
DA:84,0
DA:85,0
DA:86,0
DA:87,0
DA:88,0
DA:89,0
DA:91,0
DA:92,0
DA:94,0
DA:102,0
DA:103,0
DA:104,0
DA:106,0
DA:110,0
DA:114,0
DA:115,0
DA:118,0
DA:119,0
DA:123,0
DA:128,0
DA:133,0
DA:134,0
DA:141,0
DA:142,0
DA:149,0
DA:156,0
DA:157,0
DA:162,0
DA:163,0
DA:166,0
DA:167,0
DA:168,0
DA:170,0
DA:171,0
DA:172,0
DA:174,0
DA:175,0
DA:176,0
DA:178,0
DA:179,0
DA:180,0
DA:182,0
DA:183,0
DA:184,0
DA:187,0
DA:194,0
DA:197,0
DA:198,0
DA:199,0
DA:205,0
DA:206,0
DA:207,0
DA:213,0
DA:215,0
DA:272,0
DA:324,0
DA:326,0
DA:348,0
DA:405,0
LF:67
LH:0
BRDA:67,0,0,0
BRDA:68,1,0,0
BRDA:91,2,0,0
BRDA:91,2,1,0
BRDA:91,3,0,0
BRDA:91,3,1,0
BRDA:95,4,0,0
BRDA:95,4,1,0
BRDA:96,5,0,0
BRDA:96,5,1,0
BRDA:97,6,0,0
BRDA:97,6,1,0
BRDA:98,7,0,0
BRDA:98,7,1,0
BRDA:99,8,0,0
BRDA:99,8,1,0
BRDA:102,9,0,0
BRDA:102,9,1,0
BRDA:102,10,0,0
BRDA:102,10,1,0
BRDA:104,11,0,0
BRDA:104,11,1,0
BRDA:104,12,0,0
BRDA:104,12,1,0
BRDA:106,13,0,0
BRDA:106,13,1,0
BRDA:107,14,0,0
BRDA:107,14,1,0
BRDA:110,15,0,0
BRDA:110,15,1,0
BRDA:110,15,2,0
BRDA:118,16,0,0
BRDA:118,16,1,0
BRDA:118,17,0,0
BRDA:118,17,1,0
BRDA:119,18,0,0
BRDA:119,18,1,0
BRDA:120,19,0,0
BRDA:120,19,1,0
BRDA:129,20,0,0
BRDA:129,20,1,0
BRDA:130,21,0,0
BRDA:130,21,1,0
BRDA:166,22,0,0
BRDA:166,22,1,0
BRDA:170,23,0,0
BRDA:170,23,1,0
BRDA:174,24,0,0
BRDA:174,24,1,0
BRDA:178,25,0,0
BRDA:178,25,1,0
BRDA:182,26,0,0
BRDA:182,26,1,0
BRDA:182,27,0,0
BRDA:182,27,1,0
BRDA:189,28,0,0
BRDA:189,28,1,0
BRDA:191,29,0,0
BRDA:191,29,1,0
BRDA:191,30,0,0
BRDA:191,30,1,0
BRDA:213,31,0,0
BRDA:213,31,1,0
BRDA:225,32,0,0
BRDA:225,32,1,0
BRDA:228,33,0,0
BRDA:228,33,1,0
BRDA:324,34,0,0
BRDA:324,34,1,0
BRDA:359,35,0,0
BRDA:359,35,1,0
BRDA:386,36,0,0
BRDA:386,36,1,0
BRDA:394,37,0,0
BRDA:394,37,1,0
BRF:75
BRH:0
end_of_record
TN:
SF:src\components\modals\IncidentModal.tsx
FN:72,(anonymous_10)
FN:85,(anonymous_11)
FN:118,(anonymous_12)
FN:154,(anonymous_13)
FN:155,(anonymous_14)
FN:163,(anonymous_15)
FN:169,(anonymous_16)
FN:173,(anonymous_17)
FN:182,(anonymous_18)
FN:191,(anonymous_19)
FN:211,(anonymous_20)
FN:220,(anonymous_21)
FN:224,(anonymous_22)
FN:241,(anonymous_23)
FN:247,(anonymous_24)
FN:248,(anonymous_25)
FN:278,(anonymous_26)
FN:319,(anonymous_27)
FN:330,(anonymous_28)
FN:353,(anonymous_29)
FN:373,(anonymous_30)
FN:380,(anonymous_31)
FN:390,(anonymous_32)
FN:429,(anonymous_33)
FN:439,(anonymous_34)
FN:466,(anonymous_35)
FN:545,(anonymous_36)
FN:550,(anonymous_37)
FN:582,(anonymous_38)
FN:614,(anonymous_39)
FN:622,(anonymous_40)
FN:643,(anonymous_41)
FN:653,(anonymous_42)
FN:777,(anonymous_43)
FN:808,(anonymous_44)
FN:847,(anonymous_45)
FN:852,(anonymous_46)
FN:863,(anonymous_47)
FN:887,(anonymous_48)
FN:905,(anonymous_49)
FN:907,(anonymous_50)
FN:921,(anonymous_51)
FN:956,(anonymous_52)
FN:958,(anonymous_53)
FN:972,(anonymous_54)
FN:996,(anonymous_55)
FNF:46
FNH:0
FNDA:0,(anonymous_10)
FNDA:0,(anonymous_11)
FNDA:0,(anonymous_12)
FNDA:0,(anonymous_13)
FNDA:0,(anonymous_14)
FNDA:0,(anonymous_15)
FNDA:0,(anonymous_16)
FNDA:0,(anonymous_17)
FNDA:0,(anonymous_18)
FNDA:0,(anonymous_19)
FNDA:0,(anonymous_20)
FNDA:0,(anonymous_21)
FNDA:0,(anonymous_22)
FNDA:0,(anonymous_23)
FNDA:0,(anonymous_24)
FNDA:0,(anonymous_25)
FNDA:0,(anonymous_26)
FNDA:0,(anonymous_27)
FNDA:0,(anonymous_28)
FNDA:0,(anonymous_29)
FNDA:0,(anonymous_30)
FNDA:0,(anonymous_31)
FNDA:0,(anonymous_32)
FNDA:0,(anonymous_33)
FNDA:0,(anonymous_34)
FNDA:0,(anonymous_35)
FNDA:0,(anonymous_36)
FNDA:0,(anonymous_37)
FNDA:0,(anonymous_38)
FNDA:0,(anonymous_39)
FNDA:0,(anonymous_40)
FNDA:0,(anonymous_41)
FNDA:0,(anonymous_42)
FNDA:0,(anonymous_43)
FNDA:0,(anonymous_44)
FNDA:0,(anonymous_45)
FNDA:0,(anonymous_46)
FNDA:0,(anonymous_47)
FNDA:0,(anonymous_48)
FNDA:0,(anonymous_49)
FNDA:0,(anonymous_50)
FNDA:0,(anonymous_51)
FNDA:0,(anonymous_52)
FNDA:0,(anonymous_53)
FNDA:0,(anonymous_54)
FNDA:0,(anonymous_55)
DA:1,0
DA:2,0
DA:3,0
DA:4,0
DA:5,0
DA:6,0
DA:9,0
DA:56,0
DA:73,0
DA:85,0
DA:99,0
DA:100,0
DA:101,0
DA:102,0
DA:103,0
DA:104,0
DA:105,0
DA:106,0
DA:107,0
DA:108,0
DA:111,0
DA:118,0
DA:119,0
DA:134,0
DA:149,0
DA:150,0
DA:151,0
DA:154,0
DA:155,0
DA:156,0
DA:159,0
DA:160,0
DA:163,0
DA:164,0
DA:169,0
DA:170,0
DA:171,0
DA:172,0
DA:173,0
DA:174,0
DA:176,0
DA:178,0
DA:182,0
DA:183,0
DA:184,0
DA:185,0
DA:187,0
DA:191,0
DA:192,0
DA:194,0
DA:196,0
DA:197,0
DA:198,0
DA:199,0
DA:200,0
DA:201,0
DA:202,0
DA:203,0
DA:204,0
DA:205,0
DA:208,0
DA:210,0
DA:211,0
DA:220,0
DA:224,0
DA:225,0
DA:226,0
DA:228,0
DA:231,0
DA:232,0
DA:233,0
DA:234,0
DA:238,0
DA:239,0
DA:240,0
DA:241,0
DA:242,0
DA:243,0
DA:244,0
DA:247,0
DA:248,0
DA:249,0
DA:251,0
DA:252,0
DA:255,0
DA:259,0
DA:260,0
DA:261,0
DA:262,0
DA:264,0
DA:268,0
DA:270,0
DA:271,0
DA:272,0
DA:278,0
DA:279,0
DA:281,0
DA:282,0
DA:289,0
DA:290,0
DA:291,0
DA:294,0
DA:295,0
DA:296,0
DA:297,0
DA:298,0
DA:300,0
DA:302,0
DA:303,0
DA:306,0
DA:308,0
DA:309,0
DA:310,0
DA:311,0
DA:312,0
DA:314,0
DA:317,0
DA:318,0
DA:319,0
DA:321,0
DA:322,0
DA:323,0
DA:330,0
DA:331,0
DA:333,0
DA:334,0
DA:335,0
DA:336,0
DA:338,0
DA:339,0
DA:340,0
DA:341,0
DA:343,0
DA:346,0
DA:348,0
DA:353,0
DA:354,0
DA:355,0
DA:356,0
DA:357,0
DA:358,0
DA:359,0
DA:360,0
DA:361,0
DA:362,0
DA:363,0
DA:365,0
DA:366,0
DA:367,0
DA:368,0
DA:369,0
DA:373,0
DA:374,0
DA:375,0
DA:376,0
DA:380,0
DA:381,0
DA:383,0
DA:384,0
DA:385,0
DA:388,0
DA:389,0
DA:390,0
DA:393,0
DA:394,0
DA:395,0
DA:396,0
DA:397,0
DA:398,0
DA:402,0
DA:404,0
DA:415,0
DA:417,0
DA:427,0
DA:429,0
DA:430,0
DA:431,0
DA:432,0
DA:433,0
DA:434,0
DA:439,0
DA:440,0
DA:442,0
DA:460,0
DA:461,0
DA:462,0
DA:466,0
DA:467,0
DA:469,0
DA:470,0
DA:471,0
DA:473,0
DA:474,0
DA:476,0
DA:483,0
DA:484,0
DA:485,0
DA:488,0
DA:495,0
DA:496,0
DA:500,0
DA:501,0
DA:502,0
DA:503,0
DA:506,0
DA:508,0
DA:509,0
DA:511,0
DA:512,0
DA:514,0
DA:515,0
DA:517,0
DA:518,0
DA:520,0
DA:521,0
DA:522,0
DA:524,0
DA:527,0
DA:528,0
DA:529,0
DA:532,0
DA:533,0
DA:535,0
DA:536,0
DA:538,0
DA:539,0
DA:541,0
DA:545,0
DA:546,0
DA:548,0
DA:549,0
DA:550,0
DA:555,0
DA:557,0
DA:558,0
DA:560,0
DA:561,0
DA:562,0
DA:563,0
DA:564,0
DA:565,0
DA:567,0
DA:569,0
DA:570,0
DA:571,0
DA:572,0
DA:574,0
DA:577,0
DA:582,0
DA:583,0
DA:584,0
DA:586,0
DA:587,0
DA:588,0
DA:589,0
DA:591,0
DA:593,0
DA:594,0
DA:596,0
DA:597,0
DA:598,0
DA:600,0
DA:601,0
DA:604,0
DA:607,0
DA:608,0
DA:609,0
DA:610,0
DA:614,0
DA:615,0
DA:616,0
DA:617,0
DA:622,0
DA:623,0
DA:625,0
DA:626,0
DA:629,0
DA:632,0
DA:635,0
DA:638,0
DA:639,0
DA:640,0
DA:643,0
DA:644,0
DA:645,0
DA:646,0
DA:647,0
DA:648,0
DA:653,0
DA:654,0
DA:655,0
DA:656,0
DA:657,0
DA:658,0
DA:662,0
DA:778,0
DA:809,0
DA:848,0
DA:852,0
DA:864,0
DA:887,0
DA:906,0
DA:908,0
DA:921,0
DA:957,0
DA:959,0
DA:972,0
DA:997,0
DA:1047,0
LF:309
LH:0
BRDA:9,0,0,0
BRDA:9,0,1,0
BRDA:73,1,0,0
BRDA:73,1,1,0
BRDA:88,2,0,0
BRDA:91,3,0,0
BRDA:92,4,0,0
BRDA:94,5,0,0
BRDA:159,6,0,0
BRDA:159,6,1,0
BRDA:170,7,0,0
BRDA:170,7,1,0
BRDA:171,8,0,0
BRDA:171,8,1,0
BRDA:183,9,0,0
BRDA:183,9,1,0
BRDA:183,10,0,0
BRDA:183,10,1,0
BRDA:192,11,0,0
BRDA:192,11,1,0
BRDA:196,12,0,0
BRDA:196,12,1,0
BRDA:198,13,0,0
BRDA:198,13,1,0
BRDA:198,14,0,0
BRDA:198,14,1,0
BRDA:200,15,0,0
BRDA:200,15,1,0
BRDA:200,16,0,0
BRDA:200,16,1,0
BRDA:202,17,0,0
BRDA:202,17,1,0
BRDA:202,18,0,0
BRDA:202,18,1,0
BRDA:204,19,0,0
BRDA:204,19,1,0
BRDA:204,20,0,0
BRDA:204,20,1,0
BRDA:208,21,0,0
BRDA:208,21,1,0
BRDA:212,22,0,0
BRDA:212,22,1,0
BRDA:212,22,2,0
BRDA:213,23,0,0
BRDA:213,23,1,0
BRDA:213,23,2,0
BRDA:213,23,3,0
BRDA:214,24,0,0
BRDA:214,24,1,0
BRDA:215,25,0,0
BRDA:215,25,1,0
BRDA:215,25,2,0
BRDA:215,25,3,0
BRDA:216,26,0,0
BRDA:216,26,1,0
BRDA:216,26,2,0
BRDA:217,27,0,0
BRDA:217,27,1,0
BRDA:217,27,2,0
BRDA:217,27,3,0
BRDA:218,28,0,0
BRDA:218,28,1,0
BRDA:218,28,2,0
BRDA:218,28,3,0
BRDA:220,29,0,0
BRDA:220,29,1,0
BRDA:231,30,0,0
BRDA:231,30,1,0
BRDA:231,31,0,0
BRDA:231,31,1,0
BRDA:238,32,0,0
BRDA:238,32,1,0
BRDA:238,33,0,0
BRDA:238,33,1,0
BRDA:240,34,0,0
BRDA:240,34,1,0
BRDA:249,35,0,0
BRDA:249,35,1,0
BRDA:260,36,0,0
BRDA:260,36,1,0
BRDA:260,37,0,0
BRDA:260,37,1,0
BRDA:271,38,0,0
BRDA:271,38,1,0
BRDA:271,39,0,0
BRDA:271,39,1,0
BRDA:279,40,0,0
BRDA:279,40,1,0
BRDA:289,41,0,0
BRDA:289,41,1,0
BRDA:290,42,0,0
BRDA:290,42,1,0
BRDA:302,43,0,0
BRDA:302,43,1,0
BRDA:308,44,0,0
BRDA:308,44,1,0
BRDA:310,45,0,0
BRDA:310,45,1,0
BRDA:310,46,0,0
BRDA:310,46,1,0
BRDA:317,47,0,0
BRDA:317,47,1,0
BRDA:322,48,0,0
BRDA:322,48,1,0
BRDA:322,49,0,0
BRDA:322,49,1,0
BRDA:331,50,0,0
BRDA:331,50,1,0
BRDA:339,51,0,0
BRDA:339,51,1,0
BRDA:339,52,0,0
BRDA:339,52,1,0
BRDA:361,53,0,0
BRDA:361,53,1,0
BRDA:361,54,0,0
BRDA:361,54,1,0
BRDA:374,55,0,0
BRDA:374,55,1,0
BRDA:375,56,0,0
BRDA:375,56,1,0
BRDA:383,57,0,0
BRDA:383,57,1,0
BRDA:383,58,0,0
BRDA:383,58,1,0
BRDA:388,59,0,0
BRDA:388,59,1,0
BRDA:388,60,0,0
BRDA:388,60,1,0
BRDA:394,61,0,0
BRDA:394,61,1,0
BRDA:395,62,0,0
BRDA:395,62,1,0
BRDA:395,63,0,0
BRDA:395,63,1,0
BRDA:397,64,0,0
BRDA:397,64,1,0
BRDA:406,65,0,0
BRDA:406,65,1,0
BRDA:407,66,0,0
BRDA:407,66,1,0
BRDA:409,67,0,0
BRDA:409,67,1,0
BRDA:410,68,0,0
BRDA:410,68,1,0
BRDA:411,69,0,0
BRDA:411,69,1,0
BRDA:412,70,0,0
BRDA:412,70,1,0
BRDA:448,71,0,0
BRDA:448,71,1,0
BRDA:467,72,0,0
BRDA:467,72,1,0
BRDA:483,73,0,0
BRDA:483,73,1,0
BRDA:484,74,0,0
BRDA:484,74,1,0
BRDA:500,75,0,0
BRDA:500,75,1,0
BRDA:502,76,0,0
BRDA:502,76,1,0
BRDA:514,77,0,0
BRDA:514,77,1,0
BRDA:517,78,0,0
BRDA:517,78,1,0
BRDA:518,79,0,0
BRDA:518,79,1,0
BRDA:520,80,0,0
BRDA:520,80,1,0
BRDA:520,81,0,0
BRDA:520,81,1,0
BRDA:524,82,0,0
BRDA:524,82,1,0
BRDA:527,83,0,0
BRDA:527,83,1,0
BRDA:527,84,0,0
BRDA:527,84,1,0
BRDA:549,85,0,0
BRDA:549,85,1,0
BRDA:549,86,0,0
BRDA:549,86,1,0
BRDA:557,87,0,0
BRDA:557,87,1,0
BRDA:560,88,0,0
BRDA:560,88,1,0
BRDA:562,89,0,0
BRDA:562,89,1,0
BRDA:564,90,0,0
BRDA:564,90,1,0
BRDA:569,91,0,0
BRDA:569,91,1,0
BRDA:569,92,0,0
BRDA:569,92,1,0
BRDA:571,93,0,0
BRDA:571,93,1,0
BRDA:583,94,0,0
BRDA:583,94,1,0
BRDA:593,95,0,0
BRDA:593,95,1,0
BRDA:593,96,0,0
BRDA:593,96,1,0
BRDA:596,97,0,0
BRDA:596,97,1,0
BRDA:615,98,0,0
BRDA:615,98,1,0
BRDA:615,99,0,0
BRDA:615,99,1,0
BRDA:615,99,2,0
BRDA:615,99,3,0
BRDA:615,99,4,0
BRDA:623,100,0,0
BRDA:623,100,1,0
BRDA:625,101,0,0
BRDA:625,101,1,0
BRDA:625,102,0,0
BRDA:625,102,1,0
BRDA:629,103,0,0
BRDA:629,103,1,0
BRDA:635,104,0,0
BRDA:635,104,1,0
BRDA:638,105,0,0
BRDA:638,105,1,0
BRDA:639,106,0,0
BRDA:639,106,1,0
BRDA:639,106,2,0
BRDA:640,107,0,0
BRDA:640,107,1,0
BRDA:644,108,0,0
BRDA:644,108,1,0
BRDA:644,108,2,0
BRDA:644,108,3,0
BRDA:654,109,0,0
BRDA:654,109,1,0
BRDA:654,109,2,0
BRDA:654,109,3,0
BRDA:684,110,0,0
BRDA:684,110,1,0
BRDA:687,111,0,0
BRDA:687,111,1,0
BRDA:687,112,0,0
BRDA:687,112,1,0
BRDA:688,113,0,0
BRDA:688,113,1,0
BRDA:688,113,2,0
BRDA:703,114,0,0
BRDA:703,114,1,0
BRDA:713,115,0,0
BRDA:713,115,1,0
BRDA:721,116,0,0
BRDA:721,116,1,0
BRDA:728,117,0,0
BRDA:728,117,1,0
BRDA:738,118,0,0
BRDA:738,118,1,0
BRDA:747,119,0,0
BRDA:747,119,1,0
BRDA:752,120,0,0
BRDA:752,120,1,0
BRDA:784,121,0,0
BRDA:784,121,1,0
BRDA:792,122,0,0
BRDA:792,122,1,0
BRDA:813,123,0,0
BRDA:813,123,1,0
BRDA:820,124,0,0
BRDA:820,124,1,0
BRDA:837,125,0,0
BRDA:837,125,1,0
BRDA:837,125,2,0
BRDA:851,126,0,0
BRDA:851,126,1,0
BRDA:854,127,0,0
BRDA:854,127,1,0
BRDA:856,128,0,0
BRDA:856,128,1,0
BRDA:856,128,2,0
BRDA:859,129,0,0
BRDA:859,129,1,0
BRDA:860,130,0,0
BRDA:860,130,1,0
BRDA:869,131,0,0
BRDA:869,131,1,0
BRDA:873,132,0,0
BRDA:873,132,1,0
BRDA:879,133,0,0
BRDA:879,133,1,0
BRDA:879,133,2,0
BRDA:879,133,3,0
BRDA:885,134,0,0
BRDA:885,134,1,0
BRDA:885,134,2,0
BRDA:911,135,0,0
BRDA:911,135,1,0
BRDA:927,136,0,0
BRDA:927,136,1,0
BRDA:936,137,0,0
BRDA:936,137,1,0
BRDA:946,138,0,0
BRDA:946,138,1,0
BRDA:946,138,2,0
BRDA:962,139,0,0
BRDA:962,139,1,0
BRDA:986,140,0,0
BRDA:986,140,1,0
BRDA:986,140,2,0
BRDA:986,140,3,0
BRDA:1026,141,0,0
BRDA:1026,141,1,0
BRDA:1026,141,2,0
BRDA:1026,141,3,0
BRDA:1028,142,0,0
BRDA:1028,142,1,0
BRDA:1036,143,0,0
BRDA:1036,143,1,0
BRF:313
BRH:0
end_of_record
TN:
SF:src\components\modals\QRCodeModal.tsx
FN:20,(anonymous_1)
FN:36,(anonymous_2)
FN:68,(anonymous_3)
FNF:3
FNH:0
FNDA:0,(anonymous_1)
FNDA:0,(anonymous_2)
FNDA:0,(anonymous_3)
DA:1,0
DA:2,0
DA:3,0
DA:20,0
DA:25,0
DA:28,0
DA:36,0
DA:37,0
DA:63,0
DA:64,0
DA:65,0
DA:66,0
DA:67,0
DA:68,0
DA:69,0
DA:74,0
DA:127,0
LF:17
LH:0
BRDA:25,0,0,0
BRDA:25,0,1,0
BRDA:25,1,0,0
BRDA:25,1,1,0
BRDA:33,2,0,0
BRDA:33,2,1,0
BRDA:57,3,0,0
BRDA:57,3,1,0
BRDA:64,4,0,0
BRDA:64,4,1,0
BRDA:106,5,0,0
BRDA:106,5,1,0
BRF:12
BRH:0
end_of_record
TN:
SF:src\components\modals\UserModal.tsx
FN:22,(anonymous_9)
FN:38,(anonymous_10)
FN:65,(anonymous_11)
FN:70,(anonymous_12)
FN:203,(anonymous_13)
FN:204,(anonymous_14)
FN:211,(anonymous_15)
FN:250,(anonymous_16)
FN:266,(anonymous_17)
FN:281,(anonymous_18)
FN:299,(anonymous_19)
FN:316,(anonymous_20)
FN:331,(anonymous_21)
FN:351,(anonymous_22)
FN:369,(anonymous_23)
FNF:15
FNH:0
FNDA:0,(anonymous_9)
FNDA:0,(anonymous_10)
FNDA:0,(anonymous_11)
FNDA:0,(anonymous_12)
FNDA:0,(anonymous_13)
FNDA:0,(anonymous_14)
FNDA:0,(anonymous_15)
FNDA:0,(anonymous_16)
FNDA:0,(anonymous_17)
FNDA:0,(anonymous_18)
FNDA:0,(anonymous_19)
FNDA:0,(anonymous_20)
FNDA:0,(anonymous_21)
FNDA:0,(anonymous_22)
FNDA:0,(anonymous_23)
DA:1,0
DA:2,0
DA:22,0
DA:23,0
DA:32,0
DA:33,0
DA:36,0
DA:38,0
DA:39,0
DA:41,0
DA:49,0
DA:50,0
DA:52,0
DA:60,0
DA:65,0
DA:66,0
DA:67,0
DA:70,0
DA:71,0
DA:74,0
DA:75,0
DA:76,0
DA:79,0
DA:80,0
DA:81,0
DA:85,0
DA:86,0
DA:87,0
DA:88,0
DA:92,0
DA:93,0
DA:94,0
DA:98,0
DA:99,0
DA:100,0
DA:104,0
DA:105,0
DA:106,0
DA:110,0
DA:111,0
DA:112,0
DA:116,0
DA:124,0
DA:125,0
DA:127,0
DA:128,0
DA:132,0
DA:134,0
DA:135,0
DA:137,0
DA:138,0
DA:139,0
DA:140,0
DA:143,0
DA:151,0
DA:152,0
DA:153,0
DA:155,0
DA:160,0
DA:161,0
DA:162,0
DA:164,0
DA:170,0
DA:173,0
DA:175,0
DA:176,0
DA:177,0
DA:178,0
DA:179,0
DA:180,0
DA:182,0
DA:184,0
DA:187,0
DA:188,0
DA:190,0
DA:191,0
DA:194,0
DA:196,0
DA:197,0
DA:199,0
DA:203,0
DA:204,0
DA:205,0
DA:206,0
DA:211,0
DA:212,0
DA:217,0
DA:220,0
DA:222,0
DA:250,0
DA:266,0
DA:281,0
DA:299,0
DA:316,0
DA:331,0
DA:351,0
DA:369,0
DA:418,0
LF:98
LH:0
BRDA:36,0,0,0
BRDA:36,0,1,0
BRDA:39,1,0,0
BRDA:39,1,1,0
BRDA:50,2,0,0
BRDA:50,2,1,0
BRDA:50,3,0,0
BRDA:50,3,1,0
BRDA:53,4,0,0
BRDA:53,4,1,0
BRDA:54,5,0,0
BRDA:54,5,1,0
BRDA:55,6,0,0
BRDA:55,6,1,0
BRDA:58,7,0,0
BRDA:58,7,1,0
BRDA:67,8,0,0
BRDA:67,8,1,0
BRDA:74,9,0,0
BRDA:74,9,1,0
BRDA:79,10,0,0
BRDA:79,10,1,0
BRDA:86,11,0,0
BRDA:86,11,1,0
BRDA:92,12,0,0
BRDA:92,12,1,0
BRDA:92,13,0,0
BRDA:92,13,1,0
BRDA:98,14,0,0
BRDA:98,14,1,0
BRDA:98,15,0,0
BRDA:98,15,1,0
BRDA:104,16,0,0
BRDA:104,16,1,0
BRDA:104,17,0,0
BRDA:104,17,1,0
BRDA:110,18,0,0
BRDA:110,18,1,0
BRDA:110,19,0,0
BRDA:110,19,1,0
BRDA:110,19,2,0
BRDA:120,20,0,0
BRDA:120,20,1,0
BRDA:124,21,0,0
BRDA:124,21,1,0
BRDA:124,22,0,0
BRDA:124,22,1,0
BRDA:127,23,0,0
BRDA:127,23,1,0
BRDA:139,24,0,0
BRDA:139,24,1,0
BRDA:151,25,0,0
BRDA:151,25,1,0
BRDA:160,26,0,0
BRDA:160,26,1,0
BRDA:160,27,0,0
BRDA:160,27,1,0
BRDA:175,28,0,0
BRDA:175,28,1,0
BRDA:179,29,0,0
BRDA:179,29,1,0
BRDA:179,29,2,0
BRDA:190,30,0,0
BRDA:190,30,1,0
BRDA:197,31,0,0
BRDA:197,31,1,0
BRDA:205,32,0,0
BRDA:205,32,1,0
BRDA:217,33,0,0
BRDA:217,33,1,0
BRDA:220,34,0,0
BRDA:220,34,1,0
BRDA:229,35,0,0
BRDA:229,35,1,0
BRDA:307,36,0,0
BRDA:307,36,1,0
BRDA:342,37,0,0
BRDA:342,37,1,0
BRDA:361,38,0,0
BRDA:361,38,1,0
BRDA:380,39,0,0
BRDA:380,39,1,0
BRDA:401,40,0,0
BRDA:401,40,1,0
BRDA:407,41,0,0
BRDA:407,41,1,0
BRF:86
BRH:0
end_of_record
TN:
SF:src\contexts\AuthContext.tsx
FN:25,(anonymous_9)
FN:30,(anonymous_10)
FN:34,(anonymous_11)
FN:60,(anonymous_12)
FN:68,(anonymous_13)
FN:96,(anonymous_14)
FNF:6
FNH:0
FNDA:0,(anonymous_9)
FNDA:0,(anonymous_10)
FNDA:0,(anonymous_11)
FNDA:0,(anonymous_12)
FNDA:0,(anonymous_13)
FNDA:0,(anonymous_14)
DA:2,0
DA:19,0
DA:25,0
DA:26,0
DA:27,0
DA:30,0
DA:31,0
DA:34,0
DA:35,0
DA:36,0
DA:38,0
DA:40,0
DA:41,0
DA:42,0
DA:43,0
DA:44,0
DA:45,0
DA:46,0
DA:48,0
DA:49,0
DA:50,0
DA:53,0
DA:54,0
DA:55,0
DA:56,0
DA:60,0
DA:61,0
DA:62,0
DA:63,0
DA:64,0
DA:65,0
DA:68,0
DA:69,0
DA:70,0
DA:71,0
DA:72,0
DA:73,0
DA:74,0
DA:76,0
DA:77,0
DA:81,0
DA:89,0
DA:96,0
DA:97,0
DA:98,0
DA:99,0
DA:101,0
LF:47
LH:0
BRDA:35,0,0,0
BRDA:35,0,1,0
BRDA:40,1,0,0
BRDA:40,1,1,0
BRDA:40,2,0,0
BRDA:40,2,1,0
BRDA:76,3,0,0
BRDA:76,3,1,0
BRDA:98,4,0,0
BRDA:98,4,1,0
BRF:10
BRH:0
end_of_record
TN:
SF:src\hooks\useAuth.ts
FN:10,(anonymous_0)
FN:14,(anonymous_1)
FN:18,(anonymous_2)
FN:36,(anonymous_3)
FN:43,(anonymous_4)
FN:51,(anonymous_5)
FN:56,(anonymous_6)
FNF:7
FNH:0
FNDA:0,(anonymous_0)
FNDA:0,(anonymous_1)
FNDA:0,(anonymous_2)
FNDA:0,(anonymous_3)
FNDA:0,(anonymous_4)
FNDA:0,(anonymous_5)
FNDA:0,(anonymous_6)
DA:1,0
DA:10,0
DA:11,0
DA:12,0
DA:14,0
DA:15,0
DA:18,0
DA:19,0
DA:20,0
DA:22,0
DA:23,0
DA:24,0
DA:25,0
DA:27,0
DA:28,0
DA:31,0
DA:33,0
DA:36,0
DA:37,0
DA:38,0
DA:39,0
DA:40,0
DA:43,0
DA:44,0
DA:45,0
DA:46,0
DA:47,0
DA:48,0
DA:51,0
DA:52,0
DA:53,0
DA:56,0
DA:57,0
DA:60,0
LF:34
LH:0
BRDA:22,0,0,0
BRDA:22,0,1,0
BRDA:22,1,0,0
BRDA:22,1,1,0
BRF:4
BRH:0
end_of_record
TN:
SF:src\hooks\useChatbot.ts
FN:10,useChatbot
FN:41,(anonymous_1)
FN:47,(anonymous_2)
FN:54,(anonymous_3)
FN:61,(anonymous_4)
FN:69,(anonymous_5)
FN:74,(anonymous_6)
FN:75,(anonymous_7)
FN:78,(anonymous_8)
FN:88,(anonymous_9)
FN:95,(anonymous_10)
FN:96,(anonymous_11)
FN:106,(anonymous_12)
FN:111,(anonymous_13)
FN:120,(anonymous_14)
FN:139,(anonymous_15)
FN:145,(anonymous_16)
FN:162,(anonymous_17)
FN:169,(anonymous_18)
FN:185,(anonymous_19)
FN:193,(anonymous_20)
FNF:21
FNH:0
FNDA:0,useChatbot
FNDA:0,(anonymous_1)
FNDA:0,(anonymous_2)
FNDA:0,(anonymous_3)
FNDA:0,(anonymous_4)
FNDA:0,(anonymous_5)
FNDA:0,(anonymous_6)
FNDA:0,(anonymous_7)
FNDA:0,(anonymous_8)
FNDA:0,(anonymous_9)
FNDA:0,(anonymous_10)
FNDA:0,(anonymous_11)
FNDA:0,(anonymous_12)
FNDA:0,(anonymous_13)
FNDA:0,(anonymous_14)
FNDA:0,(anonymous_15)
FNDA:0,(anonymous_16)
FNDA:0,(anonymous_17)
FNDA:0,(anonymous_18)
FNDA:0,(anonymous_19)
FNDA:0,(anonymous_20)
DA:1,0
DA:2,0
DA:3,0
DA:10,0
DA:17,0
DA:19,0
DA:30,0
DA:31,0
DA:32,0
DA:33,0
DA:34,0
DA:35,0
DA:37,0
DA:38,0
DA:41,0
DA:42,0
DA:44,0
DA:47,0
DA:48,0
DA:49,0
DA:50,0
DA:51,0
DA:54,0
DA:55,0
DA:56,0
DA:57,0
DA:58,0
DA:61,0
DA:62,0
DA:63,0
DA:64,0
DA:65,0
DA:69,0
DA:70,0
DA:71,0
DA:74,0
DA:75,0
DA:78,0
DA:79,0
DA:88,0
DA:89,0
DA:90,0
DA:91,0
DA:92,0
DA:95,0
DA:96,0
DA:97,0
DA:98,0
DA:99,0
DA:100,0
DA:102,0
DA:106,0
DA:107,0
DA:111,0
DA:112,0
DA:113,0
DA:114,0
DA:120,0
DA:121,0
DA:122,0
DA:123,0
DA:126,0
DA:127,0
DA:128,0
DA:129,0
DA:132,0
DA:139,0
DA:140,0
DA:141,0
DA:142,0
DA:145,0
DA:151,0
DA:157,0
DA:158,0
DA:162,0
DA:164,0
DA:165,0
DA:169,0
DA:170,0
DA:180,0
DA:181,0
DA:185,0
DA:186,0
DA:187,0
DA:188,0
DA:193,0
DA:194,0
DA:195,0
DA:196,0
DA:200,0
DA:220,0
LF:91
LH:0
BRDA:10,0,0,0
BRDA:12,1,0,0
BRDA:84,2,0,0
BRDA:84,2,1,0
BRDA:85,3,0,0
BRDA:85,3,1,0
BRDA:99,4,0,0
BRDA:99,4,1,0
BRDA:99,5,0,0
BRDA:99,5,1,0
BRDA:113,6,0,0
BRDA:113,6,1,0
BRDA:121,7,0,0
BRDA:121,7,1,0
BRDA:126,8,0,0
BRDA:126,8,1,0
BRDA:186,9,0,0
BRDA:186,9,1,0
BRDA:186,10,0,0
BRDA:186,10,1,0
BRDA:194,11,0,0
BRDA:194,11,1,0
BRDA:194,12,0,0
BRDA:194,12,1,0
BRF:24
BRH:0
end_of_record
TN:
SF:src\hooks\useContactNotifications.ts
FN:17,(anonymous_0)
FN:25,(anonymous_1)
FN:44,(anonymous_2)
FN:61,(anonymous_3)
FN:75,(anonymous_4)
FN:76,(anonymous_5)
FN:82,(anonymous_6)
FN:92,(anonymous_7)
FN:108,(anonymous_8)
FN:109,(anonymous_9)
FN:119,(anonymous_10)
FN:124,(anonymous_11)
FNF:12
FNH:0
FNDA:0,(anonymous_0)
FNDA:0,(anonymous_1)
FNDA:0,(anonymous_2)
FNDA:0,(anonymous_3)
FNDA:0,(anonymous_4)
FNDA:0,(anonymous_5)
FNDA:0,(anonymous_6)
FNDA:0,(anonymous_7)
FNDA:0,(anonymous_8)
FNDA:0,(anonymous_9)
FNDA:0,(anonymous_10)
FNDA:0,(anonymous_11)
DA:2,0
DA:15,0
DA:17,0
DA:18,0
DA:19,0
DA:20,0
DA:21,0
DA:22,0
DA:25,0
DA:26,0
DA:27,0
DA:28,0
DA:29,0
DA:32,0
DA:33,0
DA:35,0
DA:36,0
DA:40,0
DA:41,0
DA:42,0
DA:43,0
DA:44,0
DA:45,0
DA:47,0
DA:48,0
DA:51,0
DA:52,0
DA:53,0
DA:55,0
DA:60,0
DA:62,0
DA:63,0
DA:74,0
DA:75,0
DA:76,0
DA:77,0
DA:82,0
DA:85,0
DA:92,0
DA:93,0
DA:95,0
DA:96,0
DA:107,0
DA:108,0
DA:109,0
DA:111,0
DA:114,0
DA:119,0
DA:120,0
DA:122,0
DA:124,0
DA:127,0
DA:139,0
LF:53
LH:0
BRDA:15,0,0,0
BRDA:15,0,1,0
BRDA:26,1,0,0
BRDA:26,1,1,0
BRDA:37,2,0,0
BRDA:37,2,1,0
BRDA:40,3,0,0
BRDA:40,3,1,0
BRDA:42,4,0,0
BRDA:42,4,1,0
BRDA:69,5,0,0
BRDA:69,5,1,0
BRDA:74,6,0,0
BRDA:74,6,1,0
BRDA:77,7,0,0
BRDA:77,7,1,0
BRDA:93,8,0,0
BRDA:93,8,1,0
BRDA:102,9,0,0
BRDA:102,9,1,0
BRDA:107,10,0,0
BRDA:107,10,1,0
BRF:22
BRH:0
end_of_record
TN:
SF:src\pages\About.tsx
FN:4,About
FN:8,(anonymous_1)
FN:10,(anonymous_2)
FN:11,(anonymous_3)
FN:13,(anonymous_4)
FN:20,(anonymous_5)
FN:24,(anonymous_6)
FN:30,(anonymous_7)
FN:165,(anonymous_8)
FN:271,(anonymous_9)
FN:324,(anonymous_10)
FN:386,(anonymous_11)
FN:420,(anonymous_12)
FNF:13
FNH:0
FNDA:0,About
FNDA:0,(anonymous_1)
FNDA:0,(anonymous_2)
FNDA:0,(anonymous_3)
FNDA:0,(anonymous_4)
FNDA:0,(anonymous_5)
FNDA:0,(anonymous_6)
FNDA:0,(anonymous_7)
FNDA:0,(anonymous_8)
FNDA:0,(anonymous_9)
FNDA:0,(anonymous_10)
FNDA:0,(anonymous_11)
FNDA:0,(anonymous_12)
DA:1,0
DA:2,0
DA:4,0
DA:5,0
DA:6,0
DA:8,0
DA:9,0
DA:11,0
DA:12,0
DA:13,0
DA:20,0
DA:21,0
DA:24,0
DA:25,0
DA:28,0
DA:30,0
DA:31,0
DA:32,0
DA:36,0
DA:63,0
DA:108,0
DA:147,0
DA:166,0
DA:272,0
DA:325,0
DA:387,0
DA:421,0
LF:27
LH:0
BRDA:12,0,0,0
BRDA:12,0,1,0
BRDA:184,1,0,0
BRDA:184,1,1,0
BRDA:185,2,0,0
BRDA:185,2,1,0
BRDA:210,3,0,0
BRDA:210,3,1,0
BRDA:211,4,0,0
BRDA:211,4,1,0
BRDA:256,5,0,0
BRDA:256,5,1,0
BRDA:257,6,0,0
BRDA:257,6,1,0
BRDA:276,7,0,0
BRDA:276,7,1,0
BRDA:277,8,0,0
BRDA:277,8,1,0
BRDA:308,9,0,0
BRDA:308,9,1,0
BRDA:309,10,0,0
BRDA:309,10,1,0
BRDA:329,11,0,0
BRDA:329,11,1,0
BRDA:330,12,0,0
BRDA:330,12,1,0
BRDA:371,13,0,0
BRDA:371,13,1,0
BRDA:372,14,0,0
BRDA:372,14,1,0
BRDA:391,15,0,0
BRDA:391,15,1,0
BRDA:392,16,0,0
BRDA:392,16,1,0
BRDA:437,17,0,0
BRDA:437,17,1,0
BRDA:438,18,0,0
BRDA:438,18,1,0
BRF:38
BRH:0
end_of_record
TN:
SF:src\pages\Contact.tsx
FN:4,(anonymous_9)
FN:62,Contact
FN:79,(anonymous_11)
FN:81,(anonymous_12)
FN:82,(anonymous_13)
FN:84,(anonymous_14)
FN:91,(anonymous_15)
FN:95,(anonymous_16)
FN:101,(anonymous_17)
FN:107,(anonymous_18)
FN:111,(anonymous_19)
FN:113,(anonymous_20)
FN:117,(anonymous_21)
FN:223,(anonymous_22)
FN:256,(anonymous_23)
FN:436,(anonymous_24)
FN:450,(anonymous_25)
FN:544,(anonymous_26)
FNF:18
FNH:0
FNDA:0,(anonymous_9)
FNDA:0,Contact
FNDA:0,(anonymous_11)
FNDA:0,(anonymous_12)
FNDA:0,(anonymous_13)
FNDA:0,(anonymous_14)
FNDA:0,(anonymous_15)
FNDA:0,(anonymous_16)
FNDA:0,(anonymous_17)
FNDA:0,(anonymous_18)
FNDA:0,(anonymous_19)
FNDA:0,(anonymous_20)
FNDA:0,(anonymous_21)
FNDA:0,(anonymous_22)
FNDA:0,(anonymous_23)
FNDA:0,(anonymous_24)
FNDA:0,(anonymous_25)
FNDA:0,(anonymous_26)
DA:1,0
DA:2,0
DA:4,0
DA:10,0
DA:12,0
DA:14,0
DA:15,0
DA:17,0
DA:21,0
DA:30,0
DA:32,0
DA:33,0
DA:35,0
DA:36,0
DA:39,0
DA:46,0
DA:48,0
DA:49,0
DA:55,0
DA:62,0
DA:63,0
DA:64,0
DA:65,0
DA:66,0
DA:67,0
DA:72,0
DA:79,0
DA:80,0
DA:82,0
DA:83,0
DA:84,0
DA:91,0
DA:92,0
DA:95,0
DA:96,0
DA:99,0
DA:101,0
DA:102,0
DA:103,0
DA:107,0
DA:108,0
DA:111,0
DA:112,0
DA:113,0
DA:117,0
DA:118,0
DA:121,0
DA:122,0
DA:126,0
DA:130,0
DA:131,0
DA:132,0
DA:136,0
DA:139,0
DA:140,0
DA:142,0
DA:143,0
DA:145,0
DA:146,0
DA:148,0
DA:149,0
DA:155,0
DA:162,0
DA:168,0
DA:169,0
DA:174,0
DA:178,0
DA:205,0
DA:224,0
DA:256,0
DA:437,0
DA:450,0
DA:545,0
LF:73
LH:0
BRDA:14,0,0,0
BRDA:14,0,1,0
BRDA:35,1,0,0
BRDA:35,1,1,0
BRDA:36,2,0,0
BRDA:36,2,1,0
BRDA:41,3,0,0
BRDA:41,3,1,0
BRDA:48,4,0,0
BRDA:48,4,1,0
BRDA:48,5,0,0
BRDA:48,5,1,0
BRDA:57,6,0,0
BRDA:57,6,1,0
BRDA:83,7,0,0
BRDA:83,7,1,0
BRDA:108,8,0,0
BRDA:108,8,1,0
BRDA:121,9,0,0
BRDA:121,9,1,0
BRDA:121,10,0,0
BRDA:121,10,1,0
BRDA:121,10,2,0
BRDA:131,11,0,0
BRDA:131,11,1,0
BRDA:148,12,0,0
BRDA:148,12,1,0
BRDA:151,13,0,0
BRDA:151,13,1,0
BRDA:164,14,0,0
BRDA:164,14,1,0
BRDA:242,15,0,0
BRDA:242,15,1,0
BRDA:243,16,0,0
BRDA:243,16,1,0
BRDA:275,17,0,0
BRDA:275,17,1,0
BRDA:276,18,0,0
BRDA:276,18,1,0
BRDA:292,19,0,0
BRDA:292,19,1,0
BRDA:294,20,0,0
BRDA:294,20,1,0
BRDA:299,21,0,0
BRDA:299,21,1,0
BRDA:376,22,0,0
BRDA:376,22,1,0
BRDA:380,23,0,0
BRDA:380,23,1,0
BRDA:420,24,0,0
BRDA:420,24,1,0
BRDA:421,25,0,0
BRDA:421,25,1,0
BRDA:441,26,0,0
BRDA:441,26,1,0
BRDA:442,27,0,0
BRDA:442,27,1,0
BRDA:458,28,0,0
BRDA:458,28,1,0
BRDA:460,29,0,0
BRDA:460,29,1,0
BRDA:467,30,0,0
BRDA:467,30,1,0
BRDA:468,31,0,0
BRDA:468,31,1,0
BRDA:490,32,0,0
BRDA:490,32,1,0
BRDA:491,33,0,0
BRDA:491,33,1,0
BRDA:561,34,0,0
BRDA:561,34,1,0
BRDA:562,35,0,0
BRDA:562,35,1,0
BRF:73
BRH:0
end_of_record
TN:
SF:src\pages\Dashboard.tsx
FN:23,(anonymous_9)
FN:27,(anonymous_10)
FN:30,(anonymous_11)
FN:36,(anonymous_12)
FN:45,(anonymous_13)
FN:48,(anonymous_14)
FN:127,(anonymous_15)
FN:178,(anonymous_16)
FN:198,(anonymous_17)
FN:212,(anonymous_18)
FN:214,(anonymous_19)
FN:215,(anonymous_20)
FN:217,(anonymous_21)
FN:224,(anonymous_22)
FN:228,(anonymous_23)
FN:234,(anonymous_24)
FN:240,(anonymous_25)
FN:261,(anonymous_26)
FN:269,(anonymous_27)
FN:292,(anonymous_28)
FN:305,(anonymous_29)
FN:315,(anonymous_30)
FN:337,(anonymous_31)
FN:340,(anonymous_32)
FN:350,(anonymous_33)
FN:356,(anonymous_34)
FN:359,(anonymous_35)
FN:363,(anonymous_36)
FN:379,(anonymous_37)
FN:385,(anonymous_38)
FN:400,(anonymous_39)
FN:415,(anonymous_40)
FN:430,(anonymous_41)
FN:436,(anonymous_42)
FN:441,(anonymous_43)
FN:454,(anonymous_44)
FN:461,(anonymous_45)
FN:466,(anonymous_46)
FN:472,(anonymous_47)
FN:486,(anonymous_48)
FN:493,(anonymous_49)
FN:571,(anonymous_50)
FN:577,(anonymous_51)
FN:588,(anonymous_52)
FN:594,(anonymous_53)
FN:623,(anonymous_54)
FN:633,(anonymous_55)
FN:638,(anonymous_56)
FN:707,(anonymous_57)
FN:760,(anonymous_58)
FN:805,(anonymous_59)
FN:818,(anonymous_60)
FN:832,(anonymous_61)
FN:871,(anonymous_62)
FN:945,(anonymous_63)
FN:1000,(anonymous_64)
FNF:56
FNH:0
FNDA:0,(anonymous_9)
FNDA:0,(anonymous_10)
FNDA:0,(anonymous_11)
FNDA:0,(anonymous_12)
FNDA:0,(anonymous_13)
FNDA:0,(anonymous_14)
FNDA:0,(anonymous_15)
FNDA:0,(anonymous_16)
FNDA:0,(anonymous_17)
FNDA:0,(anonymous_18)
FNDA:0,(anonymous_19)
FNDA:0,(anonymous_20)
FNDA:0,(anonymous_21)
FNDA:0,(anonymous_22)
FNDA:0,(anonymous_23)
FNDA:0,(anonymous_24)
FNDA:0,(anonymous_25)
FNDA:0,(anonymous_26)
FNDA:0,(anonymous_27)
FNDA:0,(anonymous_28)
FNDA:0,(anonymous_29)
FNDA:0,(anonymous_30)
FNDA:0,(anonymous_31)
FNDA:0,(anonymous_32)
FNDA:0,(anonymous_33)
FNDA:0,(anonymous_34)
FNDA:0,(anonymous_35)
FNDA:0,(anonymous_36)
FNDA:0,(anonymous_37)
FNDA:0,(anonymous_38)
FNDA:0,(anonymous_39)
FNDA:0,(anonymous_40)
FNDA:0,(anonymous_41)
FNDA:0,(anonymous_42)
FNDA:0,(anonymous_43)
FNDA:0,(anonymous_44)
FNDA:0,(anonymous_45)
FNDA:0,(anonymous_46)
FNDA:0,(anonymous_47)
FNDA:0,(anonymous_48)
FNDA:0,(anonymous_49)
FNDA:0,(anonymous_50)
FNDA:0,(anonymous_51)
FNDA:0,(anonymous_52)
FNDA:0,(anonymous_53)
FNDA:0,(anonymous_54)
FNDA:0,(anonymous_55)
FNDA:0,(anonymous_56)
FNDA:0,(anonymous_57)
FNDA:0,(anonymous_58)
FNDA:0,(anonymous_59)
FNDA:0,(anonymous_60)
FNDA:0,(anonymous_61)
FNDA:0,(anonymous_62)
FNDA:0,(anonymous_63)
FNDA:0,(anonymous_64)
DA:1,0
DA:2,0
DA:23,0
DA:24,0
DA:25,0
DA:27,0
DA:28,0
DA:29,0
DA:30,0
DA:31,0
DA:32,0
DA:33,0
DA:34,0
DA:36,0
DA:37,0
DA:38,0
DA:39,0
DA:40,0
DA:41,0
DA:45,0
DA:48,0
DA:52,0
DA:127,0
DA:128,0
DA:129,0
DA:131,0
DA:132,0
DA:133,0
DA:134,0
DA:153,0
DA:170,0
DA:171,0
DA:172,0
DA:173,0
DA:174,0
DA:176,0
DA:178,0
DA:179,0
DA:180,0
DA:181,0
DA:184,0
DA:186,0
DA:187,0
DA:190,0
DA:191,0
DA:194,0
DA:195,0
DA:198,0
DA:199,0
DA:203,0
DA:204,0
DA:205,0
DA:206,0
DA:209,0
DA:212,0
DA:213,0
DA:215,0
DA:216,0
DA:217,0
DA:224,0
DA:225,0
DA:228,0
DA:229,0
DA:232,0
DA:234,0
DA:235,0
DA:236,0
DA:240,0
DA:241,0
DA:242,0
DA:243,0
DA:244,0
DA:245,0
DA:246,0
DA:247,0
DA:248,0
DA:249,0
DA:250,0
DA:251,0
DA:252,0
DA:253,0
DA:255,0
DA:258,0
DA:261,0
DA:262,0
DA:263,0
DA:264,0
DA:265,0
DA:269,0
DA:270,0
DA:272,0
DA:273,0
DA:274,0
DA:277,0
DA:278,0
DA:279,0
DA:282,0
DA:284,0
DA:285,0
DA:286,0
DA:287,0
DA:288,0
DA:289,0
DA:290,0
DA:292,0
DA:293,0
DA:294,0
DA:296,0
DA:297,0
DA:300,0
DA:302,0
DA:304,0
DA:305,0
DA:306,0
DA:307,0
DA:311,0
DA:315,0
DA:316,0
DA:318,0
DA:319,0
DA:320,0
DA:332,0
DA:334,0
DA:336,0
DA:337,0
DA:338,0
DA:340,0
DA:341,0
DA:344,0
DA:345,0
DA:346,0
DA:347,0
DA:349,0
DA:350,0
DA:351,0
DA:352,0
DA:355,0
DA:356,0
DA:357,0
DA:359,0
DA:360,0
DA:363,0
DA:364,0
DA:368,0
DA:379,0
DA:380,0
DA:385,0
DA:386,0
DA:387,0
DA:395,0
DA:396,0
DA:397,0
DA:398,0
DA:400,0
DA:401,0
DA:402,0
DA:403,0
DA:404,0
DA:407,0
DA:415,0
DA:416,0
DA:417,0
DA:424,0
DA:426,0
DA:427,0
DA:429,0
DA:430,0
DA:431,0
DA:432,0
DA:433,0
DA:436,0
DA:437,0
DA:438,0
DA:441,0
DA:442,0
DA:443,0
DA:447,0
DA:454,0
DA:455,0
DA:456,0
DA:459,0
DA:461,0
DA:462,0
DA:463,0
DA:466,0
DA:472,0
DA:473,0
DA:474,0
DA:482,0
DA:486,0
DA:487,0
DA:488,0
DA:489,0
DA:491,0
DA:493,0
DA:494,0
DA:496,0
DA:497,0
DA:498,0
DA:499,0
DA:500,0
DA:501,0
DA:502,0
DA:503,0
DA:505,0
DA:509,0
DA:510,0
DA:513,0
DA:519,0
DA:520,0
DA:521,0
DA:523,0
DA:524,0
DA:525,0
DA:526,0
DA:527,0
DA:529,0
DA:533,0
DA:534,0
DA:535,0
DA:536,0
DA:537,0
DA:539,0
DA:543,0
DA:544,0
DA:545,0
DA:546,0
DA:547,0
DA:549,0
DA:554,0
DA:555,0
DA:556,0
DA:557,0
DA:559,0
DA:565,0
DA:568,0
DA:570,0
DA:572,0
DA:573,0
DA:574,0
DA:577,0
DA:583,0
DA:586,0
DA:587,0
DA:589,0
DA:590,0
DA:591,0
DA:594,0
DA:600,0
DA:604,0
DA:605,0
DA:606,0
DA:608,0
DA:623,0
DA:624,0
DA:630,0
DA:633,0
DA:634,0
DA:635,0
DA:638,0
DA:639,0
DA:707,0
DA:708,0
DA:760,0
DA:761,0
DA:805,0
DA:806,0
DA:808,0
DA:810,0
DA:812,0
DA:814,0
DA:818,0
DA:819,0
DA:822,0
DA:824,0
DA:826,0
DA:828,0
DA:832,0
DA:833,0
DA:834,0
DA:835,0
DA:838,0
DA:839,0
DA:857,0
DA:872,0
DA:946,0
DA:1001,0
DA:1030,0
LF:288
LH:0
BRDA:23,0,0,0
BRDA:29,1,0,0
BRDA:29,1,1,0
BRDA:39,2,0,0
BRDA:39,2,1,0
BRDA:53,3,0,0
BRDA:53,3,1,0
BRDA:59,4,0,0
BRDA:59,4,1,0
BRDA:65,5,0,0
BRDA:65,5,1,0
BRDA:67,6,0,0
BRDA:67,6,1,0
BRDA:68,7,0,0
BRDA:68,7,1,0
BRDA:69,8,0,0
BRDA:69,8,1,0
BRDA:127,9,0,0
BRDA:131,10,0,0
BRDA:131,10,1,0
BRDA:132,11,0,0
BRDA:132,11,1,0
BRDA:134,12,0,0
BRDA:134,12,1,0
BRDA:179,13,0,0
BRDA:179,13,1,0
BRDA:186,14,0,0
BRDA:186,14,1,0
BRDA:186,15,0,0
BRDA:186,15,1,0
BRDA:190,16,0,0
BRDA:190,16,1,0
BRDA:204,17,0,0
BRDA:204,17,1,0
BRDA:216,18,0,0
BRDA:216,18,1,0
BRDA:241,19,0,0
BRDA:241,19,1,0
BRDA:243,20,0,0
BRDA:243,20,1,0
BRDA:243,21,0,0
BRDA:243,21,1,0
BRDA:244,22,0,0
BRDA:244,22,1,0
BRDA:246,23,0,0
BRDA:246,23,1,0
BRDA:248,24,0,0
BRDA:248,24,1,0
BRDA:250,25,0,0
BRDA:250,25,1,0
BRDA:252,26,0,0
BRDA:252,26,1,0
BRDA:262,27,0,0
BRDA:262,27,1,0
BRDA:263,28,0,0
BRDA:263,28,1,0
BRDA:264,29,0,0
BRDA:264,29,1,0
BRDA:264,30,0,0
BRDA:264,30,1,0
BRDA:272,31,0,0
BRDA:272,31,1,0
BRDA:277,32,0,0
BRDA:277,32,1,0
BRDA:279,33,0,0
BRDA:279,33,1,0
BRDA:279,34,0,0
BRDA:279,34,1,0
BRDA:284,35,0,0
BRDA:284,35,1,0
BRDA:287,36,0,0
BRDA:287,36,1,0
BRDA:290,37,0,0
BRDA:290,37,1,0
BRDA:296,38,0,0
BRDA:296,38,1,0
BRDA:318,39,0,0
BRDA:318,39,1,0
BRDA:338,40,0,0
BRDA:338,40,1,0
BRDA:349,41,0,0
BRDA:349,41,1,0
BRDA:357,42,0,0
BRDA:357,42,1,0
BRDA:380,43,0,0
BRDA:380,43,1,0
BRDA:386,44,0,0
BRDA:386,44,1,0
BRDA:402,45,0,0
BRDA:402,45,1,0
BRDA:402,46,0,0
BRDA:402,46,1,0
BRDA:403,47,0,0
BRDA:403,47,1,0
BRDA:404,48,0,0
BRDA:404,48,1,0
BRDA:416,49,0,0
BRDA:416,49,1,0
BRDA:429,50,0,0
BRDA:429,50,1,0
BRDA:429,51,0,0
BRDA:429,51,1,0
BRDA:431,52,0,0
BRDA:431,52,1,0
BRDA:431,52,2,0
BRDA:432,53,0,0
BRDA:432,53,1,0
BRDA:437,54,0,0
BRDA:437,54,1,0
BRDA:437,54,2,0
BRDA:442,55,0,0
BRDA:442,55,1,0
BRDA:442,55,2,0
BRDA:455,56,0,0
BRDA:455,56,1,0
BRDA:462,57,0,0
BRDA:462,57,1,0
BRDA:462,57,2,0
BRDA:463,58,0,0
BRDA:463,58,1,0
BRDA:496,59,0,0
BRDA:496,59,1,0
BRDA:497,60,0,0
BRDA:497,60,1,0
BRDA:499,61,0,0
BRDA:499,61,1,0
BRDA:502,62,0,0
BRDA:502,62,1,0
BRDA:523,63,0,0
BRDA:523,63,1,0
BRDA:533,64,0,0
BRDA:533,64,1,0
BRDA:543,65,0,0
BRDA:543,65,1,0
BRDA:572,66,0,0
BRDA:572,66,1,0
BRDA:572,66,2,0
BRDA:573,67,0,0
BRDA:573,67,1,0
BRDA:573,67,2,0
BRDA:579,68,0,0
BRDA:579,68,1,0
BRDA:579,68,2,0
BRDA:580,69,0,0
BRDA:580,69,1,0
BRDA:586,70,0,0
BRDA:586,70,1,0
BRDA:589,71,0,0
BRDA:589,71,1,0
BRDA:589,71,2,0
BRDA:590,72,0,0
BRDA:590,72,1,0
BRDA:590,72,2,0
BRDA:596,73,0,0
BRDA:596,73,1,0
BRDA:596,73,2,0
BRDA:597,74,0,0
BRDA:597,74,1,0
BRDA:597,75,0,0
BRDA:597,75,1,0
BRDA:605,76,0,0
BRDA:605,76,1,0
BRDA:806,77,0,0
BRDA:806,77,1,0
BRDA:806,77,2,0
BRDA:806,77,3,0
BRDA:819,78,0,0
BRDA:819,78,1,0
BRDA:819,78,2,0
BRDA:819,78,3,0
BRDA:819,78,4,0
BRDA:833,79,0,0
BRDA:833,79,1,0
BRDA:834,80,0,0
BRDA:834,80,1,0
BRDA:838,81,0,0
BRDA:838,81,1,0
BRDA:889,82,0,0
BRDA:889,82,1,0
BRDA:890,83,0,0
BRDA:890,83,1,0
BRDA:901,84,0,0
BRDA:901,84,1,0
BRDA:909,85,0,0
BRDA:909,85,1,0
BRDA:910,86,0,0
BRDA:910,86,1,0
BRDA:915,87,0,0
BRDA:915,87,1,0
BRDA:916,88,0,0
BRDA:916,88,1,0
BRDA:917,89,0,0
BRDA:917,89,1,0
BRDA:924,90,0,0
BRDA:924,90,1,0
BRDA:925,91,0,0
BRDA:925,91,1,0
BRDA:934,92,0,0
BRDA:934,92,1,0
BRDA:936,93,0,0
BRDA:936,93,1,0
BRDA:940,94,0,0
BRDA:940,94,1,0
BRDA:950,95,0,0
BRDA:950,95,1,0
BRDA:951,96,0,0
BRDA:951,96,1,0
BRDA:968,97,0,0
BRDA:968,97,1,0
BRDA:977,98,0,0
BRDA:977,98,1,0
BRDA:981,99,0,0
BRDA:981,99,1,0
BRDA:982,100,0,0
BRDA:982,100,1,0
BRDA:993,101,0,0
BRDA:993,101,1,0
BRDA:1005,102,0,0
BRDA:1005,102,1,0
BRDA:1006,103,0,0
BRDA:1006,103,1,0
BRF:221
BRH:0
end_of_record
TN:
SF:src\pages\Features.tsx
FN:20,Features
FN:24,(anonymous_1)
FN:26,(anonymous_2)
FN:27,(anonymous_3)
FN:29,(anonymous_4)
FN:36,(anonymous_5)
FN:40,(anonymous_6)
FN:46,(anonymous_7)
FN:190,(anonymous_8)
FN:246,(anonymous_9)
FN:273,(anonymous_10)
FN:319,(anonymous_11)
FN:412,(anonymous_12)
FNF:13
FNH:0
FNDA:0,Features
FNDA:0,(anonymous_1)
FNDA:0,(anonymous_2)
FNDA:0,(anonymous_3)
FNDA:0,(anonymous_4)
FNDA:0,(anonymous_5)
FNDA:0,(anonymous_6)
FNDA:0,(anonymous_7)
FNDA:0,(anonymous_8)
FNDA:0,(anonymous_9)
FNDA:0,(anonymous_10)
FNDA:0,(anonymous_11)
FNDA:0,(anonymous_12)
DA:1,0
DA:2,0
DA:20,0
DA:21,0
DA:22,0
DA:24,0
DA:25,0
DA:27,0
DA:28,0
DA:29,0
DA:36,0
DA:37,0
DA:40,0
DA:41,0
DA:44,0
DA:46,0
DA:47,0
DA:48,0
DA:52,0
DA:107,0
DA:172,0
DA:191,0
DA:247,0
DA:274,0
DA:320,0
DA:413,0
LF:26
LH:0
BRDA:28,0,0,0
BRDA:28,0,1,0
BRDA:209,1,0,0
BRDA:209,1,1,0
BRDA:210,2,0,0
BRDA:210,2,1,0
BRDA:251,3,0,0
BRDA:251,3,1,0
BRDA:252,4,0,0
BRDA:252,4,1,0
BRDA:303,5,0,0
BRDA:303,5,1,0
BRDA:304,6,0,0
BRDA:304,6,1,0
BRDA:324,7,0,0
BRDA:324,7,1,0
BRDA:325,8,0,0
BRDA:325,8,1,0
BRDA:429,9,0,0
BRDA:429,9,1,0
BRDA:430,10,0,0
BRDA:430,10,1,0
BRF:22
BRH:0
end_of_record
TN:
SF:src\pages\Home.tsx
FN:8,Home
FNF:1
FNH:0
FNDA:0,Home
DA:1,0
DA:2,0
DA:3,0
DA:4,0
DA:5,0
DA:6,0
DA:8,0
DA:9,0
LF:8
LH:0
BRF:0
BRH:0
end_of_record
TN:
SF:src\pages\Login.tsx
FN:35,Login
FN:46,(anonymous_10)
FN:48,(anonymous_11)
FN:50,(anonymous_12)
FN:53,(anonymous_13)
FN:225,(anonymous_14)
FN:244,(anonymous_15)
FN:310,(anonymous_16)
FN:334,(anonymous_17)
FN:343,(anonymous_18)
FNF:10
FNH:0
FNDA:0,Login
FNDA:0,(anonymous_10)
FNDA:0,(anonymous_11)
FNDA:0,(anonymous_12)
FNDA:0,(anonymous_13)
FNDA:0,(anonymous_14)
FNDA:0,(anonymous_15)
FNDA:0,(anonymous_16)
FNDA:0,(anonymous_17)
FNDA:0,(anonymous_18)
DA:1,0
DA:2,0
DA:3,0
DA:4,0
DA:21,0
DA:33,0
DA:35,0
DA:36,0
DA:37,0
DA:38,0
DA:39,0
DA:40,0
DA:41,0
DA:42,0
DA:44,0
DA:46,0
DA:47,0
DA:48,0
DA:49,0
DA:50,0
DA:53,0
DA:54,0
DA:55,0
DA:56,0
DA:59,0
DA:60,0
DA:61,0
DA:62,0
DA:65,0
DA:66,0
DA:68,0
DA:79,0
DA:80,0
DA:82,0
DA:84,0
DA:85,0
DA:86,0
DA:87,0
DA:88,0
DA:89,0
DA:91,0
DA:96,0
DA:97,0
DA:100,0
DA:101,0
DA:104,0
DA:105,0
DA:109,0
DA:110,0
DA:111,0
DA:114,0
DA:117,0
DA:118,0
DA:119,0
DA:120,0
DA:121,0
DA:124,0
DA:147,0
DA:148,0
DA:150,0
DA:158,0
DA:161,0
DA:163,0
DA:164,0
DA:165,0
DA:166,0
DA:167,0
DA:168,0
DA:169,0
DA:170,0
DA:179,0
DA:180,0
DA:181,0
DA:186,0
DA:196,0
DA:197,0
DA:204,0
DA:205,0
DA:208,0
DA:211,0
DA:212,0
DA:213,0
DA:214,0
DA:215,0
DA:216,0
DA:218,0
DA:221,0
DA:225,0
DA:226,0
DA:229,0
DA:245,0
DA:310,0
DA:334,0
DA:343,0
DA:396,0
LF:95
LH:0
BRDA:59,0,0,0
BRDA:59,0,1,0
BRDA:59,1,0,0
BRDA:59,1,1,0
BRDA:82,2,0,0
BRDA:82,2,1,0
BRDA:84,3,0,0
BRDA:84,3,1,0
BRDA:86,4,0,0
BRDA:86,4,1,0
BRDA:88,5,0,0
BRDA:88,5,1,0
BRDA:91,6,0,0
BRDA:91,6,1,0
BRDA:96,7,0,0
BRDA:96,7,1,0
BRDA:100,8,0,0
BRDA:100,8,1,0
BRDA:104,9,0,0
BRDA:104,9,1,0
BRDA:109,10,0,0
BRDA:109,10,1,0
BRDA:110,11,0,0
BRDA:110,11,1,0
BRDA:121,12,0,0
BRDA:121,12,1,0
BRDA:147,13,0,0
BRDA:147,13,1,0
BRDA:148,14,0,0
BRDA:148,14,1,0
BRDA:154,15,0,0
BRDA:154,15,1,0
BRDA:183,16,0,0
BRDA:183,16,1,0
BRDA:211,17,0,0
BRDA:211,17,1,0
BRDA:211,18,0,0
BRDA:211,18,1,0
BRDA:213,19,0,0
BRDA:213,19,1,0
BRDA:213,20,0,0
BRDA:213,20,1,0
BRDA:215,21,0,0
BRDA:215,21,1,0
BRDA:218,22,0,0
BRDA:218,22,1,0
BRDA:285,23,0,0
BRDA:285,23,1,0
BRDA:287,24,0,0
BRDA:287,24,1,0
BRDA:331,25,0,0
BRDA:331,25,1,0
BRDA:345,26,0,0
BRDA:345,26,1,0
BRDA:347,27,0,0
BRDA:347,27,1,0
BRDA:357,28,0,0
BRDA:357,28,1,0
BRDA:363,29,0,0
BRDA:363,29,1,0
BRF:60
BRH:0
end_of_record
TN:
SF:src\pages\NotAuthorized.tsx
FN:3,(anonymous_0)
FNF:1
FNH:0
FNDA:0,(anonymous_0)
DA:3,0
DA:4,0
DA:12,0
LF:3
LH:0
BRF:0
BRH:0
end_of_record
TN:
SF:src\pages\NotFound.tsx
FN:4,(anonymous_1)
FNF:1
FNH:0
FNDA:0,(anonymous_1)
DA:1,0
DA:2,0
DA:3,0
DA:4,0
DA:5,0
DA:21,0
LF:6
LH:0
BRF:0
BRH:0
end_of_record
TN:
SF:src\pages\Register.tsx
FN:87,(anonymous_9)
FN:108,(anonymous_10)
FN:112,(anonymous_11)
FN:117,(anonymous_12)
FN:120,(anonymous_13)
FN:123,(anonymous_14)
FN:140,(anonymous_15)
FN:142,(anonymous_16)
FN:149,(anonymous_17)
FN:174,(anonymous_18)
FN:206,(anonymous_19)
FN:268,(anonymous_20)
FN:289,(anonymous_21)
FN:293,(anonymous_22)
FN:304,(anonymous_23)
FN:309,(anonymous_24)
FN:310,(anonymous_25)
FN:328,(anonymous_26)
FN:400,(anonymous_27)
FN:588,(anonymous_28)
FN:617,(anonymous_29)
FNF:21
FNH:0
FNDA:0,(anonymous_9)
FNDA:0,(anonymous_10)
FNDA:0,(anonymous_11)
FNDA:0,(anonymous_12)
FNDA:0,(anonymous_13)
FNDA:0,(anonymous_14)
FNDA:0,(anonymous_15)
FNDA:0,(anonymous_16)
FNDA:0,(anonymous_17)
FNDA:0,(anonymous_18)
FNDA:0,(anonymous_19)
FNDA:0,(anonymous_20)
FNDA:0,(anonymous_21)
FNDA:0,(anonymous_22)
FNDA:0,(anonymous_23)
FNDA:0,(anonymous_24)
FNDA:0,(anonymous_25)
FNDA:0,(anonymous_26)
FNDA:0,(anonymous_27)
FNDA:0,(anonymous_28)
FNDA:0,(anonymous_29)
DA:1,0
DA:2,0
DA:3,0
DA:16,0
DA:20,0
DA:32,0
DA:54,0
DA:87,0
DA:88,0
DA:89,0
DA:90,0
DA:99,0
DA:100,0
DA:101,0
DA:102,0
DA:103,0
DA:104,0
DA:105,0
DA:106,0
DA:108,0
DA:109,0
DA:112,0
DA:113,0
DA:116,0
DA:117,0
DA:120,0
DA:121,0
DA:122,0
DA:123,0
DA:125,0
DA:130,0
DA:131,0
DA:132,0
DA:133,0
DA:135,0
DA:136,0
DA:140,0
DA:141,0
DA:142,0
DA:146,0
DA:149,0
DA:150,0
DA:151,0
DA:152,0
DA:153,0
DA:155,0
DA:156,0
DA:159,0
DA:160,0
DA:163,0
DA:164,0
DA:167,0
DA:168,0
DA:171,0
DA:174,0
DA:175,0
DA:176,0
DA:177,0
DA:179,0
DA:180,0
DA:181,0
DA:182,0
DA:185,0
DA:186,0
DA:187,0
DA:193,0
DA:203,0
DA:205,0
DA:206,0
DA:208,0
DA:218,0
DA:220,0
DA:221,0
DA:223,0
DA:224,0
DA:225,0
DA:227,0
DA:228,0
DA:231,0
DA:232,0
DA:233,0
DA:234,0
DA:235,0
DA:236,0
DA:239,0
DA:242,0
DA:243,0
DA:245,0
DA:246,0
DA:249,0
DA:256,0
DA:258,0
DA:268,0
DA:269,0
DA:273,0
DA:275,0
DA:277,0
DA:278,0
DA:279,0
DA:280,0
DA:283,0
DA:285,0
DA:289,0
DA:290,0
DA:293,0
DA:294,0
DA:295,0
DA:296,0
DA:297,0
DA:299,0
DA:300,0
DA:301,0
DA:304,0
DA:305,0
DA:307,0
DA:309,0
DA:310,0
DA:311,0
DA:314,0
DA:329,0
DA:401,0
DA:588,0
DA:617,0
DA:737,0
LF:124
LH:0
BRDA:55,0,0,0
BRDA:55,0,1,0
BRDA:146,1,0,0
BRDA:146,1,1,0
BRDA:150,2,0,0
BRDA:150,2,1,0
BRDA:151,3,0,0
BRDA:151,3,1,0
BRDA:152,4,0,0
BRDA:152,4,1,0
BRDA:153,5,0,0
BRDA:153,5,1,0
BRDA:155,6,0,0
BRDA:155,6,1,0
BRDA:159,7,0,0
BRDA:159,7,1,0
BRDA:163,8,0,0
BRDA:163,8,1,0
BRDA:167,9,0,0
BRDA:167,9,1,0
BRDA:167,10,0,0
BRDA:167,10,1,0
BRDA:181,11,0,0
BRDA:181,11,1,0
BRDA:186,12,0,0
BRDA:186,12,1,0
BRDA:220,13,0,0
BRDA:220,13,1,0
BRDA:225,14,0,0
BRDA:225,14,1,0
BRDA:228,15,0,0
BRDA:228,15,1,0
BRDA:231,16,0,0
BRDA:231,16,1,0
BRDA:233,17,0,0
BRDA:233,17,1,0
BRDA:235,18,0,0
BRDA:235,18,1,0
BRDA:245,19,0,0
BRDA:245,19,1,0
BRDA:246,20,0,0
BRDA:246,20,1,0
BRDA:275,21,0,0
BRDA:275,21,1,0
BRDA:277,22,0,0
BRDA:277,22,1,0
BRDA:279,23,0,0
BRDA:279,23,1,0
BRDA:279,24,0,0
BRDA:279,24,1,0
BRDA:294,25,0,0
BRDA:294,25,1,0
BRDA:295,26,0,0
BRDA:295,26,1,0
BRDA:295,27,0,0
BRDA:295,27,1,0
BRDA:299,28,0,0
BRDA:299,28,1,0
BRDA:344,29,0,0
BRDA:344,29,1,0
BRDA:403,30,0,0
BRDA:403,30,1,0
BRDA:409,31,0,0
BRDA:409,31,1,0
BRDA:411,32,0,0
BRDA:411,32,1,0
BRDA:423,33,0,0
BRDA:423,33,1,0
BRDA:424,34,0,0
BRDA:424,34,1,0
BRDA:425,35,0,0
BRDA:425,35,1,0
BRDA:447,36,0,0
BRDA:447,36,1,0
BRDA:455,37,0,0
BRDA:455,37,1,0
BRDA:542,38,0,0
BRDA:542,38,1,0
BRDA:577,39,0,0
BRDA:577,39,1,0
BRDA:592,40,0,0
BRDA:592,40,1,0
BRDA:606,41,0,0
BRDA:606,41,1,0
BRDA:621,42,0,0
BRDA:621,42,1,0
BRDA:629,43,0,0
BRDA:629,43,1,0
BRDA:649,44,0,0
BRDA:649,44,1,0
BRDA:653,45,0,0
BRDA:653,45,1,0
BRDA:679,46,0,0
BRDA:679,46,1,0
BRDA:690,47,0,0
BRDA:690,47,1,0
BRDA:702,48,0,0
BRDA:702,48,1,0
BRDA:705,49,0,0
BRDA:705,49,1,0
BRF:100
BRH:0
end_of_record
TN:
SF:src\pages\Reports.tsx
FN:15,(anonymous_0)
FN:23,(anonymous_1)
FN:24,(anonymous_2)
FN:30,(anonymous_3)
FN:36,(anonymous_4)
FN:60,(anonymous_5)
FN:125,(anonymous_6)
FN:188,(anonymous_7)
FN:205,(anonymous_8)
FN:233,(anonymous_9)
FN:254,(anonymous_10)
FN:270,(anonymous_11)
FN:280,(anonymous_12)
FN:292,(anonymous_13)
FN:337,(anonymous_14)
FN:340,(anonymous_15)
FN:358,(anonymous_16)
FNF:17
FNH:0
FNDA:0,(anonymous_0)
FNDA:0,(anonymous_1)
FNDA:0,(anonymous_2)
FNDA:0,(anonymous_3)
FNDA:0,(anonymous_4)
FNDA:0,(anonymous_5)
FNDA:0,(anonymous_6)
FNDA:0,(anonymous_7)
FNDA:0,(anonymous_8)
FNDA:0,(anonymous_9)
FNDA:0,(anonymous_10)
FNDA:0,(anonymous_11)
FNDA:0,(anonymous_12)
FNDA:0,(anonymous_13)
FNDA:0,(anonymous_14)
FNDA:0,(anonymous_15)
FNDA:0,(anonymous_16)
DA:1,0
DA:2,0
DA:15,0
DA:16,0
DA:17,0
DA:18,0
DA:19,0
DA:20,0
DA:21,0
DA:23,0
DA:24,0
DA:25,0
DA:28,0
DA:30,0
DA:31,0
DA:36,0
DA:38,0
DA:40,0
DA:41,0
DA:42,0
DA:43,0
DA:44,0
DA:49,0
DA:50,0
DA:51,0
DA:52,0
DA:53,0
DA:57,0
DA:60,0
DA:61,0
DA:62,0
DA:63,0
DA:65,0
DA:67,0
DA:69,0
DA:70,0
DA:71,0
DA:73,0
DA:75,0
DA:76,0
DA:77,0
DA:78,0
DA:81,0
DA:93,0
DA:94,0
DA:96,0
DA:97,0
DA:99,0
DA:100,0
DA:101,0
DA:102,0
DA:104,0
DA:105,0
DA:108,0
DA:112,0
DA:114,0
DA:115,0
DA:116,0
DA:117,0
DA:118,0
DA:119,0
DA:120,0
DA:121,0
DA:122,0
DA:125,0
DA:126,0
DA:127,0
DA:130,0
DA:132,0
DA:133,0
DA:137,0
DA:139,0
DA:140,0
DA:141,0
DA:144,0
DA:145,0
DA:146,0
DA:147,0
DA:148,0
DA:149,0
DA:150,0
DA:151,0
DA:153,0
DA:156,0
DA:160,0
DA:181,0
DA:188,0
DA:190,0
DA:206,0
DA:234,0
DA:235,0
DA:254,0
DA:270,0
DA:281,0
DA:282,0
DA:284,0
DA:292,0
DA:337,0
DA:341,0
DA:358,0
DA:469,0
LF:101
LH:0
BRDA:42,0,0,0
BRDA:42,0,1,0
BRDA:51,1,0,0
BRDA:51,1,1,0
BRDA:69,2,0,0
BRDA:69,2,1,0
BRDA:73,3,0,0
BRDA:73,3,1,0
BRDA:96,4,0,0
BRDA:96,4,1,0
BRDA:101,5,0,0
BRDA:101,5,1,0
BRDA:114,6,0,0
BRDA:114,6,1,0
BRDA:114,7,0,0
BRDA:114,7,1,0
BRDA:133,8,0,0
BRDA:133,8,1,0
BRDA:140,9,0,0
BRDA:140,9,1,0
BRDA:144,10,0,0
BRDA:144,10,1,0
BRDA:144,11,0,0
BRDA:144,11,1,0
BRDA:146,12,0,0
BRDA:146,12,1,0
BRDA:146,13,0,0
BRDA:146,13,1,0
BRDA:148,14,0,0
BRDA:148,14,1,0
BRDA:150,15,0,0
BRDA:150,15,1,0
BRDA:150,16,0,0
BRDA:150,16,1,0
BRDA:246,17,0,0
BRDA:246,17,1,0
BRDA:262,18,0,0
BRDA:262,18,1,0
BRDA:288,19,0,0
BRDA:288,19,1,0
BRDA:300,20,0,0
BRDA:300,20,1,0
BRDA:309,21,0,0
BRDA:309,21,1,0
BRDA:378,22,0,0
BRDA:378,22,1,0
BRDA:384,23,0,0
BRDA:384,23,1,0
BRDA:397,24,0,0
BRDA:397,24,1,0
BRDA:425,25,0,0
BRDA:425,25,1,0
BRDA:439,26,0,0
BRDA:439,26,1,0
BRF:54
BRH:0
end_of_record
TN:
SF:src\pages\UserManagement.tsx
FN:40,(anonymous_9)
FN:51,(anonymous_10)
FN:148,(anonymous_11)
FN:178,(anonymous_12)
FN:202,(anonymous_13)
FN:301,(anonymous_14)
FN:314,(anonymous_15)
FN:315,(anonymous_16)
FN:319,(anonymous_17)
FN:320,(anonymous_18)
FN:376,(anonymous_19)
FN:393,(anonymous_20)
FN:409,(anonymous_21)
FN:429,(anonymous_22)
FN:436,(anonymous_23)
FN:445,(anonymous_24)
FN:449,(anonymous_25)
FN:469,(anonymous_26)
FN:477,(anonymous_27)
FN:494,(anonymous_28)
FN:501,(anonymous_29)
FN:521,(anonymous_30)
FN:529,(anonymous_31)
FN:577,(anonymous_32)
FN:593,(anonymous_33)
FN:607,(anonymous_34)
FN:661,(anonymous_35)
FN:665,(anonymous_36)
FN:676,(anonymous_37)
FN:681,(anonymous_38)
FN:685,(anonymous_39)
FN:739,(anonymous_40)
FN:740,(anonymous_41)
FN:743,(anonymous_42)
FN:758,(anonymous_43)
FN:768,(anonymous_44)
FN:778,(anonymous_45)
FN:795,(anonymous_46)
FN:796,(anonymous_47)
FN:797,(anonymous_48)
FN:801,(anonymous_49)
FN:802,(anonymous_50)
FN:832,(anonymous_51)
FN:892,(anonymous_52)
FN:901,(anonymous_53)
FN:915,(anonymous_54)
FN:920,(anonymous_55)
FN:948,(anonymous_56)
FN:990,(anonymous_57)
FN:998,(anonymous_58)
FN:1018,(anonymous_59)
FN:1045,(anonymous_60)
FNF:52
FNH:0
FNDA:0,(anonymous_9)
FNDA:0,(anonymous_10)
FNDA:0,(anonymous_11)
FNDA:0,(anonymous_12)
FNDA:0,(anonymous_13)
FNDA:0,(anonymous_14)
FNDA:0,(anonymous_15)
FNDA:0,(anonymous_16)
FNDA:0,(anonymous_17)
FNDA:0,(anonymous_18)
FNDA:0,(anonymous_19)
FNDA:0,(anonymous_20)
FNDA:0,(anonymous_21)
FNDA:0,(anonymous_22)
FNDA:0,(anonymous_23)
FNDA:0,(anonymous_24)
FNDA:0,(anonymous_25)
FNDA:0,(anonymous_26)
FNDA:0,(anonymous_27)
FNDA:0,(anonymous_28)
FNDA:0,(anonymous_29)
FNDA:0,(anonymous_30)
FNDA:0,(anonymous_31)
FNDA:0,(anonymous_32)
FNDA:0,(anonymous_33)
FNDA:0,(anonymous_34)
FNDA:0,(anonymous_35)
FNDA:0,(anonymous_36)
FNDA:0,(anonymous_37)
FNDA:0,(anonymous_38)
FNDA:0,(anonymous_39)
FNDA:0,(anonymous_40)
FNDA:0,(anonymous_41)
FNDA:0,(anonymous_42)
FNDA:0,(anonymous_43)
FNDA:0,(anonymous_44)
FNDA:0,(anonymous_45)
FNDA:0,(anonymous_46)
FNDA:0,(anonymous_47)
FNDA:0,(anonymous_48)
FNDA:0,(anonymous_49)
FNDA:0,(anonymous_50)
FNDA:0,(anonymous_51)
FNDA:0,(anonymous_52)
FNDA:0,(anonymous_53)
FNDA:0,(anonymous_54)
FNDA:0,(anonymous_55)
FNDA:0,(anonymous_56)
FNDA:0,(anonymous_57)
FNDA:0,(anonymous_58)
FNDA:0,(anonymous_59)
FNDA:0,(anonymous_60)
DA:1,0
DA:2,0
DA:40,0
DA:41,0
DA:51,0
DA:57,0
DA:59,0
DA:60,0
DA:62,0
DA:148,0
DA:149,0
DA:158,0
DA:159,0
DA:160,0
DA:161,0
DA:162,0
DA:164,0
DA:178,0
DA:179,0
DA:180,0
DA:188,0
DA:189,0
DA:190,0
DA:191,0
DA:202,0
DA:203,0
DA:204,0
DA:205,0
DA:208,0
DA:209,0
DA:210,0
DA:211,0
DA:214,0
DA:215,0
DA:216,0
DA:219,0
DA:220,0
DA:221,0
DA:224,0
DA:225,0
DA:226,0
DA:229,0
DA:230,0
DA:231,0
DA:233,0
DA:234,0
DA:236,0
DA:243,0
DA:244,0
DA:245,0
DA:246,0
DA:250,0
DA:251,0
DA:253,0
DA:254,0
DA:255,0
DA:256,0
DA:257,0
DA:259,0
DA:260,0
DA:263,0
DA:264,0
DA:268,0
DA:269,0
DA:272,0
DA:274,0
DA:280,0
DA:281,0
DA:282,0
DA:285,0
DA:286,0
DA:287,0
DA:288,0
DA:289,0
DA:291,0
DA:293,0
DA:296,0
DA:297,0
DA:299,0
DA:301,0
DA:302,0
DA:303,0
DA:307,0
DA:308,0
DA:310,0
DA:314,0
DA:315,0
DA:316,0
DA:319,0
DA:320,0
DA:323,0
DA:325,0
DA:376,0
DA:393,0
DA:409,0
DA:429,0
DA:437,0
DA:446,0
DA:449,0
DA:469,0
DA:477,0
DA:494,0
DA:501,0
DA:521,0
DA:529,0
DA:577,0
DA:578,0
DA:579,0
DA:580,0
DA:581,0
DA:582,0
DA:583,0
DA:584,0
DA:585,0
DA:586,0
DA:587,0
DA:593,0
DA:594,0
DA:604,0
DA:607,0
DA:608,0
DA:609,0
DA:611,0
DA:612,0
DA:613,0
DA:614,0
DA:618,0
DA:619,0
DA:622,0
DA:624,0
DA:629,0
DA:630,0
DA:633,0
DA:634,0
DA:636,0
DA:638,0
DA:639,0
DA:640,0
DA:641,0
DA:642,0
DA:643,0
DA:644,0
DA:645,0
DA:646,0
DA:650,0
DA:651,0
DA:654,0
DA:655,0
DA:657,0
DA:661,0
DA:662,0
DA:665,0
DA:666,0
DA:667,0
DA:668,0
DA:670,0
DA:671,0
DA:673,0
DA:676,0
DA:677,0
DA:678,0
DA:681,0
DA:682,0
DA:685,0
DA:687,0
DA:688,0
DA:691,0
DA:692,0
DA:693,0
DA:694,0
DA:695,0
DA:699,0
DA:700,0
DA:703,0
DA:705,0
DA:707,0
DA:712,0
DA:714,0
DA:716,0
DA:717,0
DA:719,0
DA:721,0
DA:729,0
DA:733,0
DA:734,0
DA:738,0
DA:739,0
DA:740,0
DA:743,0
DA:744,0
DA:748,0
DA:749,0
DA:751,0
DA:755,0
DA:758,0
DA:759,0
DA:760,0
DA:761,0
DA:762,0
DA:763,0
DA:764,0
DA:768,0
DA:769,0
DA:770,0
DA:771,0
DA:772,0
DA:773,0
DA:774,0
DA:778,0
DA:779,0
DA:780,0
DA:781,0
DA:789,0
DA:793,0
DA:795,0
DA:796,0
DA:797,0
DA:800,0
DA:801,0
DA:802,0
DA:805,0
DA:832,0
DA:892,0
DA:901,0
DA:915,0
DA:921,0
DA:949,0
DA:990,0
DA:998,0
DA:1018,0
DA:1045,0
DA:1055,0
LF:232
LH:0
BRDA:57,0,0,0
BRDA:57,0,1,0
BRDA:83,1,0,0
BRDA:83,1,1,0
BRDA:89,2,0,0
BRDA:89,2,1,0
BRDA:114,3,0,0
BRDA:114,3,1,0
BRDA:120,4,0,0
BRDA:120,4,1,0
BRDA:179,5,0,0
BRDA:179,5,1,0
BRDA:190,6,0,0
BRDA:190,6,1,0
BRDA:190,7,0,0
BRDA:190,7,1,0
BRDA:192,8,0,0
BRDA:192,8,1,0
BRDA:193,9,0,0
BRDA:193,9,1,0
BRDA:194,10,0,0
BRDA:194,10,1,0
BRDA:197,11,0,0
BRDA:197,11,1,0
BRDA:203,12,0,0
BRDA:203,12,1,0
BRDA:203,13,0,0
BRDA:203,13,1,0
BRDA:209,14,0,0
BRDA:209,14,1,0
BRDA:214,15,0,0
BRDA:214,15,1,0
BRDA:214,16,0,0
BRDA:214,16,1,0
BRDA:214,16,2,0
BRDA:219,17,0,0
BRDA:219,17,1,0
BRDA:219,18,0,0
BRDA:219,18,1,0
BRDA:224,19,0,0
BRDA:224,19,1,0
BRDA:224,20,0,0
BRDA:224,20,1,0
BRDA:224,20,2,0
BRDA:240,21,0,0
BRDA:240,21,1,0
BRDA:243,22,0,0
BRDA:243,22,1,0
BRDA:243,23,0,0
BRDA:243,23,1,0
BRDA:245,24,0,0
BRDA:245,24,1,0
BRDA:253,25,0,0
BRDA:253,25,1,0
BRDA:254,26,0,0
BRDA:254,26,1,0
BRDA:255,27,0,0
BRDA:255,27,1,0
BRDA:268,28,0,0
BRDA:268,28,1,0
BRDA:280,29,0,0
BRDA:280,29,1,0
BRDA:281,30,0,0
BRDA:281,30,1,0
BRDA:288,31,0,0
BRDA:288,31,1,0
BRDA:288,31,2,0
BRDA:299,32,0,0
BRDA:299,32,1,0
BRDA:302,33,0,0
BRDA:302,33,1,0
BRDA:308,34,0,0
BRDA:308,34,1,0
BRDA:316,35,0,0
BRDA:316,35,1,0
BRDA:323,36,0,0
BRDA:323,36,1,0
BRDA:336,37,0,0
BRDA:336,37,1,0
BRDA:339,38,0,0
BRDA:339,38,1,0
BRDA:352,39,0,0
BRDA:352,39,1,0
BRDA:359,40,0,0
BRDA:359,40,1,0
BRDA:459,41,0,0
BRDA:459,41,1,0
BRDA:467,42,0,0
BRDA:467,42,1,0
BRDA:481,43,0,0
BRDA:481,43,1,0
BRDA:492,44,0,0
BRDA:492,44,1,0
BRDA:505,45,0,0
BRDA:505,45,1,0
BRDA:512,46,0,0
BRDA:512,46,1,0
BRDA:519,47,0,0
BRDA:519,47,1,0
BRDA:533,48,0,0
BRDA:533,48,1,0
BRDA:557,49,0,0
BRDA:557,49,1,0
BRDA:565,50,0,0
BRDA:565,50,1,0
BRDA:604,51,0,0
BRDA:604,51,1,0
BRDA:618,52,0,0
BRDA:618,52,1,0
BRDA:629,53,0,0
BRDA:629,53,1,0
BRDA:638,54,0,0
BRDA:638,54,1,0
BRDA:640,55,0,0
BRDA:640,55,1,0
BRDA:640,56,0,0
BRDA:640,56,1,0
BRDA:641,57,0,0
BRDA:641,57,1,0
BRDA:643,58,0,0
BRDA:643,58,1,0
BRDA:645,59,0,0
BRDA:645,59,1,0
BRDA:645,60,0,0
BRDA:645,60,1,0
BRDA:655,61,0,0
BRDA:655,61,1,0
BRDA:666,62,0,0
BRDA:666,62,1,0
BRDA:687,63,0,0
BRDA:687,63,1,0
BRDA:693,64,0,0
BRDA:693,64,1,0
BRDA:699,65,0,0
BRDA:699,65,1,0
BRDA:714,66,0,0
BRDA:714,66,1,0
BRDA:716,67,0,0
BRDA:716,67,1,0
BRDA:719,68,0,0
BRDA:719,68,1,0
BRDA:719,69,0,0
BRDA:719,69,1,0
BRDA:729,70,0,0
BRDA:729,70,1,0
BRDA:734,71,0,0
BRDA:734,71,1,0
BRDA:740,72,0,0
BRDA:740,72,1,0
BRDA:744,73,0,0
BRDA:744,73,1,0
BRDA:744,73,2,0
BRDA:744,73,3,0
BRDA:749,74,0,0
BRDA:749,74,1,0
BRDA:751,75,0,0
BRDA:751,75,1,0
BRDA:751,75,2,0
BRDA:751,75,3,0
BRDA:755,76,0,0
BRDA:755,76,1,0
BRDA:755,76,2,0
BRDA:760,77,0,0
BRDA:760,77,1,0
BRDA:760,77,2,0
BRDA:760,77,3,0
BRDA:770,78,0,0
BRDA:770,78,1,0
BRDA:770,78,2,0
BRDA:770,78,3,0
BRDA:779,79,0,0
BRDA:779,79,1,0
BRDA:801,80,0,0
BRDA:801,80,1,0
BRDA:802,81,0,0
BRDA:802,81,1,0
BRDA:815,82,0,0
BRDA:815,82,1,0
BRDA:816,83,0,0
BRDA:816,83,1,0
BRDA:827,84,0,0
BRDA:827,84,1,0
BRDA:828,85,0,0
BRDA:828,85,1,0
BRDA:841,86,0,0
BRDA:841,86,1,0
BRDA:857,87,0,0
BRDA:857,87,1,0
BRDA:929,88,0,0
BRDA:929,88,1,0
BRDA:962,89,0,0
BRDA:962,89,1,0
BRDA:980,90,0,0
BRDA:980,90,1,0
BRDA:949,91,0,0
BRDA:949,91,1,0
BRDA:949,91,2,0
BRDA:1009,92,0,0
BRDA:1009,92,1,0
BRDA:1009,92,2,0
BRDA:1014,93,0,0
BRDA:1014,93,1,0
BRDA:1016,94,0,0
BRDA:1016,94,1,0
BRDA:1042,95,0,0
BRDA:1042,95,1,0
BRF:206
BRH:0
end_of_record
TN:
SF:src\pages\Equipment\EquipmentList.tsx
FN:116,(anonymous_10)
FN:143,(anonymous_11)
FN:154,(anonymous_12)
FN:197,(anonymous_13)
FN:232,(anonymous_14)
FN:234,(anonymous_15)
FN:240,(anonymous_16)
FN:242,(anonymous_17)
FN:305,(anonymous_18)
FN:357,(anonymous_19)
FN:358,(anonymous_20)
FN:380,(anonymous_21)
FN:398,(anonymous_22)
FN:440,(anonymous_23)
FN:458,(anonymous_24)
FN:485,(anonymous_25)
FN:555,(anonymous_26)
FN:566,(anonymous_27)
FN:577,(anonymous_28)
FN:598,(anonymous_29)
FN:599,(anonymous_30)
FN:618,(anonymous_31)
FN:625,(anonymous_32)
FN:632,(anonymous_33)
FN:636,(anonymous_34)
FN:652,(anonymous_35)
FN:656,(anonymous_36)
FN:670,(anonymous_37)
FN:680,(anonymous_38)
FN:682,(anonymous_39)
FN:702,(anonymous_40)
FN:704,(anonymous_41)
FN:724,(anonymous_42)
FN:726,(anonymous_43)
FN:747,(anonymous_44)
FN:756,(anonymous_45)
FN:769,(anonymous_46)
FN:794,(anonymous_47)
FN:814,(anonymous_48)
FN:839,(anonymous_49)
FN:870,(anonymous_50)
FN:878,(anonymous_51)
FN:882,(anonymous_52)
FN:888,(anonymous_53)
FN:889,(anonymous_54)
FN:902,(anonymous_55)
FN:995,(anonymous_56)
FN:1099,(anonymous_57)
FN:1150,(anonymous_58)
FN:1156,(anonymous_59)
FN:1162,(anonymous_60)
FN:1172,(anonymous_61)
FN:1172,(anonymous_62)
FN:1182,(anonymous_63)
FN:1191,(anonymous_64)
FN:1230,(anonymous_65)
FN:1231,(anonymous_66)
FN:1232,(anonymous_67)
FN:1233,(anonymous_68)
FN:1237,(anonymous_69)
FN:1248,(anonymous_70)
FN:1259,(anonymous_71)
FN:1299,(anonymous_72)
FN:1331,(anonymous_73)
FN:1340,(anonymous_74)
FN:1374,(anonymous_75)
FN:1431,(anonymous_76)
FN:1441,(anonymous_77)
FN:1451,(anonymous_78)
FN:1461,(anonymous_79)
FN:1490,(anonymous_80)
FN:1507,(anonymous_81)
FN:1528,(anonymous_82)
FNF:73
FNH:0
FNDA:0,(anonymous_10)
FNDA:0,(anonymous_11)
FNDA:0,(anonymous_12)
FNDA:0,(anonymous_13)
FNDA:0,(anonymous_14)
FNDA:0,(anonymous_15)
FNDA:0,(anonymous_16)
FNDA:0,(anonymous_17)
FNDA:0,(anonymous_18)
FNDA:0,(anonymous_19)
FNDA:0,(anonymous_20)
FNDA:0,(anonymous_21)
FNDA:0,(anonymous_22)
FNDA:0,(anonymous_23)
FNDA:0,(anonymous_24)
FNDA:0,(anonymous_25)
FNDA:0,(anonymous_26)
FNDA:0,(anonymous_27)
FNDA:0,(anonymous_28)
FNDA:0,(anonymous_29)
FNDA:0,(anonymous_30)
FNDA:0,(anonymous_31)
FNDA:0,(anonymous_32)
FNDA:0,(anonymous_33)
FNDA:0,(anonymous_34)
FNDA:0,(anonymous_35)
FNDA:0,(anonymous_36)
FNDA:0,(anonymous_37)
FNDA:0,(anonymous_38)
FNDA:0,(anonymous_39)
FNDA:0,(anonymous_40)
FNDA:0,(anonymous_41)
FNDA:0,(anonymous_42)
FNDA:0,(anonymous_43)
FNDA:0,(anonymous_44)
FNDA:0,(anonymous_45)
FNDA:0,(anonymous_46)
FNDA:0,(anonymous_47)
FNDA:0,(anonymous_48)
FNDA:0,(anonymous_49)
FNDA:0,(anonymous_50)
FNDA:0,(anonymous_51)
FNDA:0,(anonymous_52)
FNDA:0,(anonymous_53)
FNDA:0,(anonymous_54)
FNDA:0,(anonymous_55)
FNDA:0,(anonymous_56)
FNDA:0,(anonymous_57)
FNDA:0,(anonymous_58)
FNDA:0,(anonymous_59)
FNDA:0,(anonymous_60)
FNDA:0,(anonymous_61)
FNDA:0,(anonymous_62)
FNDA:0,(anonymous_63)
FNDA:0,(anonymous_64)
FNDA:0,(anonymous_65)
FNDA:0,(anonymous_66)
FNDA:0,(anonymous_67)
FNDA:0,(anonymous_68)
FNDA:0,(anonymous_69)
FNDA:0,(anonymous_70)
FNDA:0,(anonymous_71)
FNDA:0,(anonymous_72)
FNDA:0,(anonymous_73)
FNDA:0,(anonymous_74)
FNDA:0,(anonymous_75)
FNDA:0,(anonymous_76)
FNDA:0,(anonymous_77)
FNDA:0,(anonymous_78)
FNDA:0,(anonymous_79)
FNDA:0,(anonymous_80)
FNDA:0,(anonymous_81)
FNDA:0,(anonymous_82)
DA:1,0
DA:2,0
DA:3,0
DA:25,0
DA:79,0
DA:102,0
DA:116,0
DA:130,0
DA:138,0
DA:143,0
DA:144,0
DA:145,0
DA:153,0
DA:154,0
DA:155,0
DA:157,0
DA:161,0
DA:166,0
DA:167,0
DA:171,0
DA:176,0
DA:183,0
DA:190,0
DA:197,0
DA:198,0
DA:200,0
DA:201,0
DA:202,0
DA:204,0
DA:205,0
DA:206,0
DA:208,0
DA:209,0
DA:210,0
DA:212,0
DA:213,0
DA:214,0
DA:216,0
DA:217,0
DA:218,0
DA:221,0
DA:228,0
DA:229,0
DA:232,0
DA:233,0
DA:234,0
DA:240,0
DA:241,0
DA:242,0
DA:248,0
DA:250,0
DA:306,0
DA:357,0
DA:359,0
DA:381,0
DA:398,0
DA:440,0
DA:449,0
DA:451,0
DA:458,0
DA:459,0
DA:460,0
DA:461,0
DA:462,0
DA:465,0
DA:466,0
DA:467,0
DA:468,0
DA:470,0
DA:471,0
DA:472,0
DA:483,0
DA:484,0
DA:485,0
DA:486,0
DA:487,0
DA:488,0
DA:493,0
DA:555,0
DA:556,0
DA:567,0
DA:577,0
DA:578,0
DA:581,0
DA:582,0
DA:583,0
DA:584,0
DA:585,0
DA:586,0
DA:587,0
DA:588,0
DA:589,0
DA:590,0
DA:591,0
DA:592,0
DA:593,0
DA:594,0
DA:595,0
DA:598,0
DA:599,0
DA:600,0
DA:601,0
DA:602,0
DA:603,0
DA:604,0
DA:605,0
DA:608,0
DA:611,0
DA:614,0
DA:618,0
DA:619,0
DA:620,0
DA:622,0
DA:625,0
DA:626,0
DA:627,0
DA:629,0
DA:632,0
DA:633,0
DA:635,0
DA:636,0
DA:637,0
DA:638,0
DA:640,0
DA:645,0
DA:647,0
DA:648,0
DA:652,0
DA:653,0
DA:655,0
DA:656,0
DA:657,0
DA:658,0
DA:659,0
DA:662,0
DA:663,0
DA:664,0
DA:666,0
DA:670,0
DA:673,0
DA:675,0
DA:676,0
DA:680,0
DA:681,0
DA:682,0
DA:683,0
DA:684,0
DA:685,0
DA:687,0
DA:688,0
DA:692,0
DA:695,0
DA:697,0
DA:698,0
DA:702,0
DA:703,0
DA:704,0
DA:705,0
DA:706,0
DA:707,0
DA:709,0
DA:710,0
DA:714,0
DA:717,0
DA:719,0
DA:720,0
DA:724,0
DA:725,0
DA:726,0
DA:727,0
DA:728,0
DA:730,0
DA:731,0
DA:735,0
DA:738,0
DA:740,0
DA:741,0
DA:747,0
DA:749,0
DA:753,0
DA:756,0
DA:757,0
DA:758,0
DA:762,0
DA:763,0
DA:766,0
DA:769,0
DA:770,0
DA:771,0
DA:776,0
DA:778,0
DA:779,0
DA:780,0
DA:781,0
DA:784,0
DA:785,0
DA:786,0
DA:788,0
DA:789,0
DA:790,0
DA:794,0
DA:795,0
DA:796,0
DA:801,0
DA:804,0
DA:805,0
DA:806,0
DA:808,0
DA:809,0
DA:810,0
DA:814,0
DA:815,0
DA:816,0
DA:821,0
DA:823,0
DA:824,0
DA:825,0
DA:826,0
DA:829,0
DA:830,0
DA:831,0
DA:833,0
DA:834,0
DA:835,0
DA:839,0
DA:840,0
DA:841,0
DA:843,0
DA:845,0
DA:847,0
DA:848,0
DA:850,0
DA:856,0
DA:857,0
DA:858,0
DA:859,0
DA:862,0
DA:863,0
DA:865,0
DA:866,0
DA:870,0
DA:871,0
DA:872,0
DA:878,0
DA:879,0
DA:881,0
DA:882,0
DA:883,0
DA:887,0
DA:888,0
DA:890,0
DA:896,0
DA:902,0
DA:903,0
DA:904,0
DA:905,0
DA:907,0
DA:910,0
DA:911,0
DA:912,0
DA:913,0
DA:916,0
DA:917,0
DA:919,0
DA:920,0
DA:925,0
DA:934,0
DA:936,0
DA:943,0
DA:944,0
DA:945,0
DA:946,0
DA:948,0
DA:951,0
DA:953,0
DA:954,0
DA:960,0
DA:961,0
DA:963,0
DA:970,0
DA:972,0
DA:973,0
DA:978,0
DA:983,0
DA:985,0
DA:993,0
DA:995,0
DA:997,0
DA:1012,0
DA:1015,0
DA:1016,0
DA:1019,0
DA:1021,0
DA:1025,0
DA:1026,0
DA:1027,0
DA:1028,0
DA:1029,0
DA:1031,0
DA:1034,0
DA:1038,0
DA:1040,0
DA:1054,0
DA:1056,0
DA:1058,0
DA:1070,0
DA:1072,0
DA:1073,0
DA:1075,0
DA:1087,0
DA:1099,0
DA:1100,0
DA:1107,0
DA:1109,0
DA:1117,0
DA:1127,0
DA:1128,0
DA:1130,0
DA:1131,0
DA:1134,0
DA:1136,0
DA:1137,0
DA:1138,0
DA:1139,0
DA:1140,0
DA:1142,0
DA:1145,0
DA:1147,0
DA:1150,0
DA:1151,0
DA:1152,0
DA:1153,0
DA:1156,0
DA:1157,0
DA:1158,0
DA:1159,0
DA:1162,0
DA:1163,0
DA:1165,0
DA:1166,0
DA:1167,0
DA:1172,0
DA:1173,0
DA:1175,0
DA:1176,0
DA:1178,0
DA:1182,0
DA:1183,0
DA:1184,0
DA:1185,0
DA:1187,0
DA:1188,0
DA:1191,0
DA:1192,0
DA:1193,0
DA:1194,0
DA:1195,0
DA:1198,0
DA:1200,0
DA:1201,0
DA:1202,0
DA:1210,0
DA:1218,0
DA:1219,0
DA:1221,0
DA:1222,0
DA:1224,0
DA:1230,0
DA:1231,0
DA:1232,0
DA:1233,0
DA:1237,0
DA:1238,0
DA:1239,0
DA:1240,0
DA:1241,0
DA:1242,0
DA:1243,0
DA:1244,0
DA:1248,0
DA:1249,0
DA:1250,0
DA:1251,0
DA:1252,0
DA:1253,0
DA:1254,0
DA:1255,0
DA:1259,0
DA:1260,0
DA:1261,0
DA:1262,0
DA:1263,0
DA:1265,0
DA:1271,0
DA:1277,0
DA:1278,0
DA:1281,0
DA:1299,0
DA:1331,0
DA:1340,0
DA:1375,0
DA:1376,0
DA:1377,0
DA:1379,0
DA:1431,0
DA:1441,0
DA:1451,0
DA:1461,0
DA:1491,0
DA:1492,0
DA:1508,0
DA:1509,0
DA:1529,0
DA:1530,0
DA:1547,0
LF:415
LH:0
BRDA:127,0,0,0
BRDA:128,1,0,0
BRDA:144,2,0,0
BRDA:144,2,1,0
BRDA:144,3,0,0
BRDA:144,3,1,0
BRDA:146,4,0,0
BRDA:146,4,1,0
BRDA:147,5,0,0
BRDA:147,5,1,0
BRDA:148,6,0,0
BRDA:148,6,1,0
BRDA:149,7,0,0
BRDA:149,7,1,0
BRDA:150,8,0,0
BRDA:150,8,1,0
BRDA:153,9,0,0
BRDA:153,9,1,0
BRDA:153,10,0,0
BRDA:153,10,1,0
BRDA:155,11,0,0
BRDA:155,11,1,0
BRDA:155,12,0,0
BRDA:155,12,1,0
BRDA:157,13,0,0
BRDA:157,13,1,0
BRDA:158,14,0,0
BRDA:158,14,1,0
BRDA:161,15,0,0
BRDA:161,15,1,0
BRDA:161,15,2,0
BRDA:166,16,0,0
BRDA:166,16,1,0
BRDA:166,17,0,0
BRDA:166,17,1,0
BRDA:167,18,0,0
BRDA:167,18,1,0
BRDA:168,19,0,0
BRDA:168,19,1,0
BRDA:172,20,0,0
BRDA:172,20,1,0
BRDA:173,21,0,0
BRDA:173,21,1,0
BRDA:200,22,0,0
BRDA:200,22,1,0
BRDA:204,23,0,0
BRDA:204,23,1,0
BRDA:208,24,0,0
BRDA:208,24,1,0
BRDA:212,25,0,0
BRDA:212,25,1,0
BRDA:216,26,0,0
BRDA:216,26,1,0
BRDA:216,27,0,0
BRDA:216,27,1,0
BRDA:223,28,0,0
BRDA:223,28,1,0
BRDA:225,29,0,0
BRDA:225,29,1,0
BRDA:225,30,0,0
BRDA:225,30,1,0
BRDA:248,31,0,0
BRDA:248,31,1,0
BRDA:260,32,0,0
BRDA:260,32,1,0
BRDA:263,33,0,0
BRDA:263,33,1,0
BRDA:357,34,0,0
BRDA:357,34,1,0
BRDA:391,35,0,0
BRDA:391,35,1,0
BRDA:420,36,0,0
BRDA:420,36,1,0
BRDA:428,37,0,0
BRDA:428,37,1,0
BRDA:449,38,0,0
BRDA:449,38,1,0
BRDA:460,39,0,0
BRDA:460,39,1,0
BRDA:471,40,0,0
BRDA:471,40,1,0
BRDA:602,41,0,0
BRDA:602,41,1,0
BRDA:614,42,0,0
BRDA:614,42,1,0
BRDA:614,42,2,0
BRDA:619,43,0,0
BRDA:619,43,1,0
BRDA:619,44,0,0
BRDA:619,44,1,0
BRDA:620,45,0,0
BRDA:620,45,1,0
BRDA:626,46,0,0
BRDA:626,46,1,0
BRDA:626,47,0,0
BRDA:626,47,1,0
BRDA:627,48,0,0
BRDA:627,48,1,0
BRDA:633,49,0,0
BRDA:633,49,1,0
BRDA:640,50,0,0
BRDA:640,50,1,0
BRDA:640,50,2,0
BRDA:653,51,0,0
BRDA:653,51,1,0
BRDA:657,52,0,0
BRDA:657,52,1,0
BRDA:659,53,0,0
BRDA:659,53,1,0
BRDA:662,54,0,0
BRDA:662,54,1,0
BRDA:663,55,0,0
BRDA:663,55,1,0
BRDA:663,56,0,0
BRDA:663,56,1,0
BRDA:666,57,0,0
BRDA:666,57,1,0
BRDA:668,58,0,0
BRDA:668,58,1,0
BRDA:670,59,0,0
BRDA:670,59,1,0
BRDA:683,60,0,0
BRDA:683,60,1,0
BRDA:688,61,0,0
BRDA:688,61,1,0
BRDA:692,62,0,0
BRDA:692,62,1,0
BRDA:692,62,2,0
BRDA:695,63,0,0
BRDA:695,63,1,0
BRDA:705,64,0,0
BRDA:705,64,1,0
BRDA:710,65,0,0
BRDA:710,65,1,0
BRDA:714,66,0,0
BRDA:714,66,1,0
BRDA:714,66,2,0
BRDA:717,67,0,0
BRDA:717,67,1,0
BRDA:731,68,0,0
BRDA:731,68,1,0
BRDA:735,69,0,0
BRDA:735,69,1,0
BRDA:735,69,2,0
BRDA:738,70,0,0
BRDA:738,70,1,0
BRDA:749,71,0,0
BRDA:749,71,1,0
BRDA:749,71,2,0
BRDA:753,72,0,0
BRDA:753,72,1,0
BRDA:762,73,0,0
BRDA:762,73,1,0
BRDA:763,74,0,0
BRDA:763,74,1,0
BRDA:778,75,0,0
BRDA:778,75,1,0
BRDA:780,76,0,0
BRDA:780,76,1,0
BRDA:780,77,0,0
BRDA:780,77,1,0
BRDA:781,78,0,0
BRDA:781,78,1,0
BRDA:781,78,2,0
BRDA:781,78,3,0
BRDA:801,79,0,0
BRDA:801,79,1,0
BRDA:802,80,0,0
BRDA:802,80,1,0
BRDA:802,80,2,0
BRDA:823,81,0,0
BRDA:823,81,1,0
BRDA:825,82,0,0
BRDA:825,82,1,0
BRDA:825,83,0,0
BRDA:825,83,1,0
BRDA:826,84,0,0
BRDA:826,84,1,0
BRDA:826,84,2,0
BRDA:826,84,3,0
BRDA:839,85,0,0
BRDA:840,86,0,0
BRDA:840,86,1,0
BRDA:857,87,0,0
BRDA:857,87,1,0
BRDA:858,88,0,0
BRDA:858,88,1,0
BRDA:859,89,0,0
BRDA:859,89,1,0
BRDA:871,90,0,0
BRDA:871,90,1,0
BRDA:881,91,0,0
BRDA:881,91,1,0
BRDA:881,92,0,0
BRDA:881,92,1,0
BRDA:888,93,0,0
BRDA:888,93,1,0
BRDA:890,94,0,0
BRDA:890,94,1,0
BRDA:890,94,2,0
BRDA:910,95,0,0
BRDA:910,95,1,0
BRDA:910,96,0,0
BRDA:910,96,1,0
BRDA:910,96,2,0
BRDA:910,96,3,0
BRDA:919,97,0,0
BRDA:919,97,1,0
BRDA:943,98,0,0
BRDA:943,98,1,0
BRDA:945,99,0,0
BRDA:945,99,1,0
BRDA:953,100,0,0
BRDA:953,100,1,0
BRDA:953,101,0,0
BRDA:953,101,1,0
BRDA:960,102,0,0
BRDA:960,102,1,0
BRDA:960,103,0,0
BRDA:960,103,1,0
BRDA:966,104,0,0
BRDA:966,104,1,0
BRDA:1006,105,0,0
BRDA:1006,105,1,0
BRDA:1007,106,0,0
BRDA:1007,106,1,0
BRDA:1026,107,0,0
BRDA:1026,107,1,0
BRDA:1027,108,0,0
BRDA:1027,108,1,0
BRDA:1027,108,2,0
BRDA:1028,109,0,0
BRDA:1028,109,1,0
BRDA:1056,110,0,0
BRDA:1056,110,1,0
BRDA:1072,111,0,0
BRDA:1072,111,1,0
BRDA:1073,112,0,0
BRDA:1073,112,1,0
BRDA:1107,113,0,0
BRDA:1107,113,1,0
BRDA:1137,114,0,0
BRDA:1137,114,1,0
BRDA:1139,115,0,0
BRDA:1139,115,1,0
BRDA:1139,115,2,0
BRDA:1139,115,3,0
BRDA:1142,116,0,0
BRDA:1142,116,1,0
BRDA:1163,117,0,0
BRDA:1163,117,1,0
BRDA:1183,118,0,0
BRDA:1183,118,1,0
BRDA:1193,119,0,0
BRDA:1193,119,1,0
BRDA:1198,120,0,0
BRDA:1198,120,1,0
BRDA:1230,121,0,0
BRDA:1230,121,1,0
BRDA:1231,122,0,0
BRDA:1231,122,1,0
BRDA:1233,123,0,0
BRDA:1233,123,1,0
BRDA:1238,124,0,0
BRDA:1238,124,1,0
BRDA:1238,124,2,0
BRDA:1238,124,3,0
BRDA:1238,124,4,0
BRDA:1238,124,5,0
BRDA:1249,125,0,0
BRDA:1249,125,1,0
BRDA:1249,125,2,0
BRDA:1249,125,3,0
BRDA:1249,125,4,0
BRDA:1249,125,5,0
BRDA:1260,126,0,0
BRDA:1260,126,1,0
BRDA:1260,127,0,0
BRDA:1260,127,1,0
BRDA:1263,128,0,0
BRDA:1263,128,1,0
BRDA:1277,129,0,0
BRDA:1277,129,1,0
BRDA:1288,130,0,0
BRDA:1288,130,1,0
BRDA:1291,131,0,0
BRDA:1291,131,1,0
BRDA:1292,132,0,0
BRDA:1292,132,1,0
BRDA:1292,132,2,0
BRDA:1293,133,0,0
BRDA:1293,133,1,0
BRDA:1293,134,0,0
BRDA:1293,134,1,0
BRDA:1303,135,0,0
BRDA:1303,135,1,0
BRDA:1304,136,0,0
BRDA:1304,136,1,0
BRDA:1307,137,0,0
BRDA:1307,137,1,0
BRDA:1329,138,0,0
BRDA:1329,138,1,0
BRDA:1363,139,0,0
BRDA:1363,139,1,0
BRDA:1363,139,2,0
BRDA:1394,140,0,0
BRDA:1394,140,1,0
BRDA:1394,140,2,0
BRDA:1396,141,0,0
BRDA:1396,141,1,0
BRDA:1407,142,0,0
BRDA:1407,142,1,0
BRDA:1416,143,0,0
BRDA:1416,143,1,0
BRDA:1429,144,0,0
BRDA:1429,144,1,0
BRDA:1439,145,0,0
BRDA:1439,145,1,0
BRDA:1449,146,0,0
BRDA:1449,146,1,0
BRDA:1449,146,2,0
BRDA:1459,147,0,0
BRDA:1459,147,1,0
BRDA:1477,148,0,0
BRDA:1477,148,1,0
BRDA:1481,149,0,0
BRDA:1481,149,1,0
BRDA:1481,150,0,0
BRDA:1481,150,1,0
BRDA:1483,151,0,0
BRDA:1483,151,1,0
BRDA:1488,152,0,0
BRDA:1488,152,1,0
BRDA:1488,152,2,0
BRDA:1504,153,0,0
BRDA:1504,153,1,0
BRDA:1516,154,0,0
BRDA:1516,154,1,0
BRDA:1517,155,0,0
BRDA:1517,155,1,0
BRDA:1524,156,0,0
BRDA:1524,156,1,0
BRDA:1535,157,0,0
BRDA:1535,157,1,0
BRF:344
BRH:0
end_of_record
TN:
SF:src\pages\Incidents\IncidentList.tsx
FN:62,(anonymous_10)
FN:81,(anonymous_11)
FN:92,(anonymous_12)
FN:102,(anonymous_13)
FN:125,(anonymous_14)
FN:145,(anonymous_15)
FN:153,(anonymous_16)
FN:157,(anonymous_17)
FN:167,(anonymous_18)
FN:183,(anonymous_19)
FN:190,(anonymous_20)
FN:196,(anonymous_21)
FN:206,(anonymous_22)
FN:207,(anonymous_23)
FN:208,(anonymous_24)
FN:208,(anonymous_25)
FN:213,(anonymous_26)
FN:246,(anonymous_27)
FN:278,(anonymous_28)
FN:283,(anonymous_29)
FN:297,(anonymous_30)
FN:318,(anonymous_31)
FN:333,(anonymous_32)
FN:361,(anonymous_33)
FN:374,(anonymous_34)
FN:395,(anonymous_35)
FN:400,(anonymous_36)
FN:404,(anonymous_37)
FN:411,(anonymous_38)
FN:426,(anonymous_39)
FN:437,(anonymous_40)
FN:441,(anonymous_41)
FN:446,(anonymous_42)
FN:459,(anonymous_43)
FN:463,(anonymous_44)
FN:467,(anonymous_45)
FN:468,(anonymous_46)
FN:469,(anonymous_47)
FN:484,(anonymous_48)
FN:492,(anonymous_49)
FN:501,(anonymous_50)
FN:511,(anonymous_51)
FN:544,(anonymous_52)
FN:572,(anonymous_53)
FN:582,(anonymous_54)
FN:621,(anonymous_55)
FN:640,(anonymous_56)
FN:649,(anonymous_57)
FN:660,(anonymous_58)
FN:699,(anonymous_59)
FN:765,(anonymous_60)
FN:776,(anonymous_61)
FN:787,(anonymous_62)
FN:822,(anonymous_63)
FNF:54
FNH:0
FNDA:0,(anonymous_10)
FNDA:0,(anonymous_11)
FNDA:0,(anonymous_12)
FNDA:0,(anonymous_13)
FNDA:0,(anonymous_14)
FNDA:0,(anonymous_15)
FNDA:0,(anonymous_16)
FNDA:0,(anonymous_17)
FNDA:0,(anonymous_18)
FNDA:0,(anonymous_19)
FNDA:0,(anonymous_20)
FNDA:0,(anonymous_21)
FNDA:0,(anonymous_22)
FNDA:0,(anonymous_23)
FNDA:0,(anonymous_24)
FNDA:0,(anonymous_25)
FNDA:0,(anonymous_26)
FNDA:0,(anonymous_27)
FNDA:0,(anonymous_28)
FNDA:0,(anonymous_29)
FNDA:0,(anonymous_30)
FNDA:0,(anonymous_31)
FNDA:0,(anonymous_32)
FNDA:0,(anonymous_33)
FNDA:0,(anonymous_34)
FNDA:0,(anonymous_35)
FNDA:0,(anonymous_36)
FNDA:0,(anonymous_37)
FNDA:0,(anonymous_38)
FNDA:0,(anonymous_39)
FNDA:0,(anonymous_40)
FNDA:0,(anonymous_41)
FNDA:0,(anonymous_42)
FNDA:0,(anonymous_43)
FNDA:0,(anonymous_44)
FNDA:0,(anonymous_45)
FNDA:0,(anonymous_46)
FNDA:0,(anonymous_47)
FNDA:0,(anonymous_48)
FNDA:0,(anonymous_49)
FNDA:0,(anonymous_50)
FNDA:0,(anonymous_51)
FNDA:0,(anonymous_52)
FNDA:0,(anonymous_53)
FNDA:0,(anonymous_54)
FNDA:0,(anonymous_55)
FNDA:0,(anonymous_56)
FNDA:0,(anonymous_57)
FNDA:0,(anonymous_58)
FNDA:0,(anonymous_59)
FNDA:0,(anonymous_60)
FNDA:0,(anonymous_61)
FNDA:0,(anonymous_62)
FNDA:0,(anonymous_63)
DA:1,0
DA:2,0
DA:3,0
DA:20,0
DA:22,0
DA:62,0
DA:63,0
DA:81,0
DA:82,0
DA:93,0
DA:102,0
DA:103,0
DA:104,0
DA:105,0
DA:106,0
DA:107,0
DA:108,0
DA:109,0
DA:110,0
DA:111,0
DA:112,0
DA:113,0
DA:114,0
DA:115,0
DA:116,0
DA:119,0
DA:120,0
DA:121,0
DA:122,0
DA:125,0
DA:126,0
DA:134,0
DA:135,0
DA:136,0
DA:138,0
DA:141,0
DA:145,0
DA:146,0
DA:147,0
DA:148,0
DA:149,0
DA:153,0
DA:154,0
DA:157,0
DA:158,0
DA:159,0
DA:160,0
DA:161,0
DA:162,0
DA:164,0
DA:167,0
DA:169,0
DA:172,0
DA:175,0
DA:176,0
DA:177,0
DA:180,0
DA:183,0
DA:184,0
DA:185,0
DA:186,0
DA:190,0
DA:191,0
DA:193,0
DA:194,0
DA:195,0
DA:196,0
DA:197,0
DA:198,0
DA:202,0
DA:206,0
DA:207,0
DA:208,0
DA:209,0
DA:213,0
DA:214,0
DA:215,0
DA:216,0
DA:219,0
DA:220,0
DA:221,0
DA:222,0
DA:229,0
DA:230,0
DA:232,0
DA:236,0
DA:237,0
DA:240,0
DA:241,0
DA:246,0
DA:247,0
DA:248,0
DA:249,0
DA:252,0
DA:253,0
DA:256,0
DA:257,0
DA:258,0
DA:259,0
DA:261,0
DA:262,0
DA:264,0
DA:268,0
DA:271,0
DA:272,0
DA:273,0
DA:278,0
DA:279,0
DA:281,0
DA:282,0
DA:283,0
DA:284,0
DA:285,0
DA:286,0
DA:289,0
DA:290,0
DA:293,0
DA:297,0
DA:298,0
DA:299,0
DA:301,0
DA:303,0
DA:305,0
DA:306,0
DA:308,0
DA:315,0
DA:316,0
DA:317,0
DA:318,0
DA:326,0
DA:327,0
DA:331,0
DA:332,0
DA:333,0
DA:340,0
DA:342,0
DA:343,0
DA:347,0
DA:348,0
DA:349,0
DA:351,0
DA:352,0
DA:353,0
DA:354,0
DA:355,0
DA:356,0
DA:358,0
DA:361,0
DA:373,0
DA:374,0
DA:377,0
DA:378,0
DA:381,0
DA:382,0
DA:386,0
DA:387,0
DA:389,0
DA:390,0
DA:395,0
DA:396,0
DA:400,0
DA:401,0
DA:402,0
DA:403,0
DA:404,0
DA:405,0
DA:407,0
DA:411,0
DA:412,0
DA:413,0
DA:421,0
DA:426,0
DA:427,0
DA:428,0
DA:429,0
DA:431,0
DA:432,0
DA:433,0
DA:437,0
DA:438,0
DA:439,0
DA:440,0
DA:441,0
DA:446,0
DA:447,0
DA:459,0
DA:463,0
DA:464,0
DA:466,0
DA:467,0
DA:468,0
DA:470,0
DA:471,0
DA:472,0
DA:473,0
DA:474,0
DA:475,0
DA:477,0
DA:485,0
DA:486,0
DA:487,0
DA:492,0
DA:493,0
DA:494,0
DA:495,0
DA:496,0
DA:497,0
DA:501,0
DA:502,0
DA:503,0
DA:504,0
DA:505,0
DA:506,0
DA:511,0
DA:512,0
DA:513,0
DA:519,0
DA:520,0
DA:526,0
DA:527,0
DA:534,0
DA:543,0
DA:544,0
DA:547,0
DA:548,0
DA:551,0
DA:572,0
DA:583,0
DA:584,0
DA:585,0
DA:621,0
DA:640,0
DA:649,0
DA:660,0
DA:700,0
DA:765,0
DA:776,0
DA:787,0
DA:823,0
DA:824,0
DA:825,0
DA:867,0
LF:242
LH:0
BRDA:22,0,0,0
BRDA:22,0,1,0
BRDA:119,1,0,0
BRDA:119,1,1,0
BRDA:120,2,0,0
BRDA:120,2,1,0
BRDA:121,3,0,0
BRDA:121,3,1,0
BRDA:122,4,0,0
BRDA:122,4,1,0
BRDA:122,4,2,0
BRDA:134,5,0,0
BRDA:134,5,1,0
BRDA:134,6,0,0
BRDA:134,6,1,0
BRDA:134,6,2,0
BRDA:135,7,0,0
BRDA:135,7,1,0
BRDA:146,8,0,0
BRDA:146,8,1,0
BRDA:147,9,0,0
BRDA:147,9,1,0
BRDA:148,10,0,0
BRDA:148,10,1,0
BRDA:148,11,0,0
BRDA:148,11,1,0
BRDA:154,12,0,0
BRDA:154,12,1,0
BRDA:154,12,2,0
BRDA:158,13,0,0
BRDA:158,13,1,0
BRDA:159,14,0,0
BRDA:159,14,1,0
BRDA:160,15,0,0
BRDA:160,15,1,0
BRDA:169,16,0,0
BRDA:169,16,1,0
BRDA:172,17,0,0
BRDA:172,17,1,0
BRDA:175,18,0,0
BRDA:175,18,1,0
BRDA:184,19,0,0
BRDA:184,19,1,0
BRDA:185,20,0,0
BRDA:185,20,1,0
BRDA:191,21,0,0
BRDA:191,21,1,0
BRDA:193,22,0,0
BRDA:193,22,1,0
BRDA:193,23,0,0
BRDA:193,23,1,0
BRDA:195,24,0,0
BRDA:195,24,1,0
BRDA:214,25,0,0
BRDA:214,25,1,0
BRDA:220,26,0,0
BRDA:220,26,1,0
BRDA:225,27,0,0
BRDA:225,27,1,0
BRDA:226,28,0,0
BRDA:226,28,1,0
BRDA:247,29,0,0
BRDA:247,29,1,0
BRDA:252,30,0,0
BRDA:252,30,1,0
BRDA:261,31,0,0
BRDA:261,31,1,0
BRDA:261,32,0,0
BRDA:261,32,1,0
BRDA:279,33,0,0
BRDA:279,33,1,0
BRDA:281,34,0,0
BRDA:281,34,1,0
BRDA:282,35,0,0
BRDA:282,35,1,0
BRDA:284,36,0,0
BRDA:284,36,1,0
BRDA:284,37,0,0
BRDA:284,37,1,0
BRDA:284,37,2,0
BRDA:285,38,0,0
BRDA:285,38,1,0
BRDA:289,39,0,0
BRDA:289,39,1,0
BRDA:289,40,0,0
BRDA:289,40,1,0
BRDA:290,41,0,0
BRDA:290,41,1,0
BRDA:290,41,2,0
BRDA:290,41,3,0
BRDA:297,42,0,0
BRDA:298,43,0,0
BRDA:298,43,1,0
BRDA:315,44,0,0
BRDA:315,44,1,0
BRDA:316,45,0,0
BRDA:316,45,1,0
BRDA:319,46,0,0
BRDA:319,46,1,0
BRDA:320,47,0,0
BRDA:320,47,1,0
BRDA:320,47,2,0
BRDA:320,47,3,0
BRDA:321,48,0,0
BRDA:321,48,1,0
BRDA:322,49,0,0
BRDA:322,49,1,0
BRDA:331,50,0,0
BRDA:331,50,1,0
BRDA:332,51,0,0
BRDA:332,51,1,0
BRDA:334,52,0,0
BRDA:334,52,1,0
BRDA:335,53,0,0
BRDA:335,53,1,0
BRDA:335,53,2,0
BRDA:336,54,0,0
BRDA:336,54,1,0
BRDA:336,54,2,0
BRDA:337,55,0,0
BRDA:337,55,1,0
BRDA:338,56,0,0
BRDA:338,56,1,0
BRDA:338,56,2,0
BRDA:347,57,0,0
BRDA:347,57,1,0
BRDA:351,58,0,0
BRDA:351,58,1,0
BRDA:353,59,0,0
BRDA:353,59,1,0
BRDA:353,60,0,0
BRDA:353,60,1,0
BRDA:355,61,0,0
BRDA:355,61,1,0
BRDA:355,62,0,0
BRDA:355,62,1,0
BRDA:358,63,0,0
BRDA:358,63,1,0
BRDA:358,63,2,0
BRDA:362,64,0,0
BRDA:362,64,1,0
BRDA:363,65,0,0
BRDA:363,65,1,0
BRDA:363,65,2,0
BRDA:364,66,0,0
BRDA:364,66,1,0
BRDA:365,67,0,0
BRDA:365,67,1,0
BRDA:365,67,2,0
BRDA:366,68,0,0
BRDA:366,68,1,0
BRDA:367,69,0,0
BRDA:367,69,1,0
BRDA:368,70,0,0
BRDA:368,70,1,0
BRDA:368,70,2,0
BRDA:368,70,3,0
BRDA:369,71,0,0
BRDA:369,71,1,0
BRDA:369,71,2,0
BRDA:370,72,0,0
BRDA:370,72,1,0
BRDA:370,72,2,0
BRDA:401,73,0,0
BRDA:401,73,1,0
BRDA:402,74,0,0
BRDA:402,74,1,0
BRDA:402,75,0,0
BRDA:402,75,1,0
BRDA:403,76,0,0
BRDA:403,76,1,0
BRDA:405,77,0,0
BRDA:405,77,1,0
BRDA:427,78,0,0
BRDA:427,78,1,0
BRDA:437,79,0,0
BRDA:440,80,0,0
BRDA:440,80,1,0
BRDA:448,81,0,0
BRDA:448,81,1,0
BRDA:449,82,0,0
BRDA:449,82,1,0
BRDA:449,82,2,0
BRDA:450,83,0,0
BRDA:450,83,1,0
BRDA:451,84,0,0
BRDA:451,84,1,0
BRDA:451,84,2,0
BRDA:452,85,0,0
BRDA:452,85,1,0
BRDA:453,86,0,0
BRDA:453,86,1,0
BRDA:454,87,0,0
BRDA:454,87,1,0
BRDA:455,88,0,0
BRDA:455,88,1,0
BRDA:456,89,0,0
BRDA:456,89,1,0
BRDA:467,90,0,0
BRDA:467,90,1,0
BRDA:468,91,0,0
BRDA:468,91,1,0
BRDA:470,92,0,0
BRDA:470,92,1,0
BRDA:472,93,0,0
BRDA:472,93,1,0
BRDA:473,94,0,0
BRDA:473,94,1,0
BRDA:474,95,0,0
BRDA:474,95,1,0
BRDA:475,96,0,0
BRDA:475,96,1,0
BRDA:478,97,0,0
BRDA:478,97,1,0
BRDA:478,97,2,0
BRDA:478,97,3,0
BRDA:485,98,0,0
BRDA:485,98,1,0
BRDA:486,99,0,0
BRDA:486,99,1,0
BRDA:493,100,0,0
BRDA:493,100,1,0
BRDA:493,100,2,0
BRDA:493,100,3,0
BRDA:502,101,0,0
BRDA:502,101,1,0
BRDA:502,101,2,0
BRDA:502,101,3,0
BRDA:512,102,0,0
BRDA:512,102,1,0
BRDA:519,103,0,0
BRDA:519,103,1,0
BRDA:526,104,0,0
BRDA:526,104,1,0
BRDA:543,105,0,0
BRDA:543,105,1,0
BRDA:543,106,0,0
BRDA:543,106,1,0
BRDA:547,107,0,0
BRDA:547,107,1,0
BRDA:564,108,0,0
BRDA:564,108,1,0
BRDA:564,109,0,0
BRDA:564,109,1,0
BRDA:565,110,0,0
BRDA:565,110,1,0
BRDA:566,111,0,0
BRDA:566,111,1,0
BRDA:576,112,0,0
BRDA:576,112,1,0
BRDA:577,113,0,0
BRDA:577,113,1,0
BRDA:580,114,0,0
BRDA:580,114,1,0
BRDA:604,115,0,0
BRDA:604,115,1,0
BRDA:605,116,0,0
BRDA:605,116,1,0
BRDA:606,117,0,0
BRDA:606,117,1,0
BRDA:613,118,0,0
BRDA:613,118,1,0
BRDA:703,119,0,0
BRDA:703,119,1,0
BRDA:735,120,0,0
BRDA:735,120,1,0
BRDA:737,121,0,0
BRDA:737,121,1,0
BRDA:749,122,0,0
BRDA:749,122,1,0
BRDA:751,123,0,0
BRDA:751,123,1,0
BRDA:763,124,0,0
BRDA:763,124,1,0
BRDA:763,124,2,0
BRDA:774,125,0,0
BRDA:774,125,1,0
BRDA:774,125,2,0
BRDA:785,126,0,0
BRDA:785,126,1,0
BRDA:785,126,2,0
BRDA:803,127,0,0
BRDA:803,127,1,0
BRDA:807,128,0,0
BRDA:807,128,1,0
BRDA:809,129,0,0
BRDA:809,129,1,0
BRDA:814,130,0,0
BRDA:814,130,1,0
BRDA:816,131,0,0
BRDA:816,131,1,0
BRDA:820,132,0,0
BRDA:820,132,1,0
BRDA:820,132,2,0
BRDA:838,133,0,0
BRDA:838,133,1,0
BRDA:844,134,0,0
BRDA:844,134,1,0
BRDA:848,135,0,0
BRDA:848,135,1,0
BRDA:850,136,0,0
BRDA:850,136,1,0
BRF:302
BRH:0
end_of_record
TN:
SF:src\services\api.ts
FN:16,(anonymous_1)
FN:23,(anonymous_2)
FN:30,(anonymous_3)
FN:34,(anonymous_4)
FN:137,(anonymous_5)
FN:143,(anonymous_6)
FN:156,(anonymous_7)
FN:162,(anonymous_8)
FN:168,(anonymous_9)
FN:174,(anonymous_10)
FNF:10
FNH:0
FNDA:0,(anonymous_1)
FNDA:0,(anonymous_2)
FNDA:0,(anonymous_3)
FNDA:0,(anonymous_4)
FNDA:0,(anonymous_5)
FNDA:0,(anonymous_6)
FNDA:0,(anonymous_7)
FNDA:0,(anonymous_8)
FNDA:0,(anonymous_9)
FNDA:0,(anonymous_10)
DA:1,0
DA:3,0
DA:6,0
DA:15,0
DA:17,0
DA:18,0
DA:19,0
DA:21,0
DA:24,0
DA:29,0
DA:31,0
DA:32,0
DA:35,0
DA:37,0
DA:38,0
DA:39,0
DA:40,0
DA:43,0
DA:135,0
DA:138,0
DA:139,0
DA:151,0
DA:152,0
DA:157,0
DA:158,0
DA:163,0
DA:164,0
DA:169,0
DA:170,0
DA:175,0
DA:176,0
DA:180,0
LF:32
LH:0
BRDA:18,0,0,0
BRDA:18,0,1,0
BRDA:37,1,0,0
BRDA:37,1,1,0
BRF:4
BRH:0
end_of_record
TN:
SF:src\services\contactService.ts
FN:13,(anonymous_1)
FN:17,(anonymous_2)
FN:24,(anonymous_3)
FN:28,(anonymous_4)
FN:36,(anonymous_5)
FN:77,(anonymous_6)
FN:91,(anonymous_7)
FN:104,(anonymous_8)
FN:118,(anonymous_9)
FNF:9
FNH:0
FNDA:0,(anonymous_1)
FNDA:0,(anonymous_2)
FNDA:0,(anonymous_3)
FNDA:0,(anonymous_4)
FNDA:0,(anonymous_5)
FNDA:0,(anonymous_6)
FNDA:0,(anonymous_7)
FNDA:0,(anonymous_8)
FNDA:0,(anonymous_9)
DA:2,0
DA:4,0
DA:6,0
DA:12,0
DA:14,0
DA:15,0
DA:18,0
DA:19,0
DA:23,0
DA:25,0
DA:26,0
DA:29,0
DA:30,0
DA:34,0
DA:42,0
DA:43,0
DA:46,0
DA:52,0
DA:53,0
DA:56,0
DA:58,0
DA:59,0
DA:65,0
DA:66,0
DA:67,0
DA:68,0
DA:70,0
DA:71,0
DA:78,0
DA:80,0
DA:83,0
DA:85,0
DA:86,0
DA:92,0
DA:93,0
DA:96,0
DA:98,0
DA:99,0
DA:105,0
DA:107,0
DA:110,0
DA:112,0
DA:113,0
DA:119,0
DA:120,0
DA:123,0
DA:125,0
DA:126,0
DA:131,0
LF:49
LH:0
BRDA:4,0,0,0
BRDA:4,0,1,0
BRDA:29,1,0,0
BRDA:29,1,1,0
BRDA:58,2,0,0
BRDA:58,2,1,0
BRDA:65,3,0,0
BRDA:65,3,1,0
BRDA:66,4,0,0
BRDA:66,4,1,0
BRF:10
BRH:0
end_of_record
TN:
SF:src\utils\axiosConfig.ts
FN:15,getToken
FN:23,(anonymous_2)
FN:30,(anonymous_3)
FN:35,(anonymous_4)
FN:36,(anonymous_5)
FNF:5
FNH:0
FNDA:0,getToken
FNDA:0,(anonymous_2)
FNDA:0,(anonymous_3)
FNDA:0,(anonymous_4)
FNDA:0,(anonymous_5)
DA:1,0
DA:3,0
DA:6,0
DA:16,0
DA:22,0
DA:24,0
DA:25,0
DA:26,0
DA:28,0
DA:30,0
DA:34,0
DA:35,0
DA:37,0
DA:38,0
DA:39,0
DA:40,0
DA:42,0
DA:46,0
LF:18
LH:0
BRDA:3,0,0,0
BRDA:3,0,1,0
BRDA:16,1,0,0
BRDA:16,1,1,0
BRDA:16,1,2,0
BRDA:25,2,0,0
BRDA:25,2,1,0
BRDA:37,3,0,0
BRDA:37,3,1,0
BRF:9
BRH:0
end_of_record
TN:
SF:src\utils\emailService.ts
FN:3,(anonymous_0)
FN:16,(anonymous_1)
FN:24,(anonymous_2)
FN:32,(anonymous_3)
FNF:4
FNH:0
FNDA:0,(anonymous_0)
FNDA:0,(anonymous_1)
FNDA:0,(anonymous_2)
FNDA:0,(anonymous_3)
DA:2,0
DA:4,0
DA:10,0
DA:16,0
DA:24,0
DA:32,0
LF:6
LH:0
BRF:0
BRH:0
end_of_record
