{"C:\\gestion_parc_info\\backend\\app.js": {"path":"C:\\gestion_parc_info\\backend\\app.js","statementMap":{"0":{"start":{"line":1,"column":16},"end":{"line":1,"column":34}},"1":{"start":{"line":2,"column":17},"end":{"line":2,"column":36}},"2":{"start":{"line":3,"column":15},"end":{"line":3,"column":32}},"3":{"start":{"line":4,"column":13},"end":{"line":4,"column":28}},"4":{"start":{"line":5,"column":13},"end":{"line":5,"column":28}},"5":{"start":{"line":6,"column":13},"end":{"line":6,"column":28}},"6":{"start":{"line":7,"column":11},"end":{"line":7,"column":24}},"7":{"start":{"line":10,"column":0},"end":{"line":16,"column":1}},"8":{"start":{"line":11,"column":2},"end":{"line":11,"column":40}},"9":{"start":{"line":12,"column":2},"end":{"line":12,"column":62}},"10":{"start":{"line":14,"column":2},"end":{"line":14,"column":18}},"11":{"start":{"line":15,"column":2},"end":{"line":15,"column":60}},"12":{"start":{"line":18,"column":12},"end":{"line":18,"column":21}},"13":{"start":{"line":19,"column":13},"end":{"line":19,"column":37}},"14":{"start":{"line":22,"column":19},"end":{"line":22,"column":49}},"15":{"start":{"line":23,"column":25},"end":{"line":23,"column":61}},"16":{"start":{"line":24,"column":23},"end":{"line":24,"column":57}},"17":{"start":{"line":27,"column":60},"end":{"line":27,"column":85}},"18":{"start":{"line":28,"column":25},"end":{"line":28,"column":64}},"19":{"start":{"line":30,"column":15},"end":{"line":30,"column":37}},"20":{"start":{"line":34,"column":0},"end":{"line":41,"column":1}},"21":{"start":{"line":35,"column":29},"end":{"line":35,"column":55}},"22":{"start":{"line":36,"column":2},"end":{"line":36,"column":34}},"23":{"start":{"line":37,"column":2},"end":{"line":37,"column":19}},"24":{"start":{"line":38,"column":2},"end":{"line":38,"column":50}},"25":{"start":{"line":40,"column":2},"end":{"line":40,"column":57}},"26":{"start":{"line":43,"column":0},"end":{"line":43,"column":26}},"27":{"start":{"line":43,"column":8},"end":{"line":43,"column":26}},"28":{"start":{"line":44,"column":0},"end":{"line":44,"column":56}},"29":{"start":{"line":45,"column":0},"end":{"line":45,"column":62}},"30":{"start":{"line":48,"column":0},"end":{"line":53,"column":4}},"31":{"start":{"line":55,"column":0},"end":{"line":55,"column":24}},"32":{"start":{"line":56,"column":0},"end":{"line":56,"column":48}},"33":{"start":{"line":59,"column":0},"end":{"line":64,"column":5}},"34":{"start":{"line":60,"column":14},"end":{"line":60,"column":47}},"35":{"start":{"line":62,"column":4},"end":{"line":62,"column":45}},"36":{"start":{"line":63,"column":4},"end":{"line":63,"column":20}},"37":{"start":{"line":67,"column":0},"end":{"line":67,"column":34}},"38":{"start":{"line":68,"column":0},"end":{"line":68,"column":46}},"39":{"start":{"line":69,"column":0},"end":{"line":69,"column":42}},"40":{"start":{"line":72,"column":0},"end":{"line":72,"column":69}},"41":{"start":{"line":75,"column":0},"end":{"line":87,"column":3}},"42":{"start":{"line":76,"column":22},"end":{"line":81,"column":50}},"43":{"start":{"line":83,"column":2},"end":{"line":86,"column":5}},"44":{"start":{"line":90,"column":0},"end":{"line":96,"column":1}},"45":{"start":{"line":91,"column":2},"end":{"line":95,"column":5}},"46":{"start":{"line":92,"column":4},"end":{"line":92,"column":50}},"47":{"start":{"line":93,"column":4},"end":{"line":93,"column":56}},"48":{"start":{"line":94,"column":4},"end":{"line":94,"column":103}},"49":{"start":{"line":99,"column":0},"end":{"line":99,"column":37}}},"fnMap":{"0":{"name":"(anonymous_0)","decl":{"start":{"line":60,"column":8},"end":{"line":60,"column":9}},"loc":{"start":{"line":60,"column":14},"end":{"line":60,"column":47}},"line":60},"1":{"name":"(anonymous_1)","decl":{"start":{"line":61,"column":9},"end":{"line":61,"column":10}},"loc":{"start":{"line":61,"column":16},"end":{"line":64,"column":3}},"line":61},"2":{"name":"(anonymous_2)","decl":{"start":{"line":75,"column":23},"end":{"line":75,"column":24}},"loc":{"start":{"line":75,"column":37},"end":{"line":87,"column":1}},"line":75},"3":{"name":"(anonymous_3)","decl":{"start":{"line":91,"column":22},"end":{"line":91,"column":23}},"loc":{"start":{"line":91,"column":28},"end":{"line":95,"column":3}},"line":91}},"branchMap":{"0":{"loc":{"start":{"line":10,"column":0},"end":{"line":16,"column":1}},"type":"if","locations":[{"start":{"line":10,"column":0},"end":{"line":16,"column":1}},{"start":{"line":13,"column":7},"end":{"line":16,"column":1}}],"line":10},"1":{"loc":{"start":{"line":19,"column":13},"end":{"line":19,"column":37}},"type":"binary-expr","locations":[{"start":{"line":19,"column":13},"end":{"line":19,"column":29}},{"start":{"line":19,"column":33},"end":{"line":19,"column":37}}],"line":19},"2":{"loc":{"start":{"line":43,"column":0},"end":{"line":43,"column":26}},"type":"if","locations":[{"start":{"line":43,"column":0},"end":{"line":43,"column":26}},{"start":{},"end":{}}],"line":43},"3":{"loc":{"start":{"line":59,"column":17},"end":{"line":59,"column":82}},"type":"binary-expr","locations":[{"start":{"line":59,"column":17},"end":{"line":59,"column":38}},{"start":{"line":59,"column":42},"end":{"line":59,"column":82}}],"line":59},"4":{"loc":{"start":{"line":76,"column":22},"end":{"line":81,"column":50}},"type":"binary-expr","locations":[{"start":{"line":76,"column":22},"end":{"line":81,"column":35}},{"start":{"line":81,"column":39},"end":{"line":81,"column":50}}],"line":76},"5":{"loc":{"start":{"line":90,"column":0},"end":{"line":96,"column":1}},"type":"if","locations":[{"start":{"line":90,"column":0},"end":{"line":96,"column":1}},{"start":{},"end":{}}],"line":90},"6":{"loc":{"start":{"line":94,"column":31},"end":{"line":94,"column":99}},"type":"cond-expr","locations":[{"start":{"line":94,"column":70},"end":{"line":94,"column":82}},{"start":{"line":94,"column":85},"end":{"line":94,"column":99}}],"line":94}},"s":{"0":2,"1":2,"2":2,"3":2,"4":2,"5":2,"6":2,"7":2,"8":2,"9":2,"10":0,"11":0,"12":2,"13":2,"14":2,"15":2,"16":2,"17":2,"18":2,"19":2,"20":2,"21":2,"22":2,"23":2,"24":2,"25":0,"26":2,"27":2,"28":2,"29":2,"30":2,"31":2,"32":2,"33":2,"34":2,"35":0,"36":0,"37":2,"38":2,"39":2,"40":2,"41":2,"42":0,"43":0,"44":2,"45":0,"46":0,"47":0,"48":0,"49":2},"f":{"0":2,"1":0,"2":0,"3":0},"b":{"0":[2,0],"1":[2,0],"2":[2,0],"3":[2,0],"4":[0,0],"5":[0,2],"6":[0,0]},"_coverageSchema":"1a1c01bbd47fc00a2c39e90264f33305004495a9","hash":"0b52d45e169a73499367604ce26be227a0fa4aba"}
}
