TN:
SF:app.js
FN:60,(anonymous_0)
FN:61,(anonymous_1)
FN:75,(anonymous_2)
FN:91,(anonymous_3)
FNF:4
FNH:1
FNDA:2,(anonymous_0)
FNDA:0,(anonymous_1)
FNDA:0,(anonymous_2)
FNDA:0,(anonymous_3)
DA:1,2
DA:2,2
DA:3,2
DA:4,2
DA:5,2
DA:6,2
DA:7,2
DA:10,2
DA:11,2
DA:12,2
DA:14,0
DA:15,0
DA:18,2
DA:19,2
DA:22,2
DA:23,2
DA:24,2
DA:27,2
DA:28,2
DA:30,2
DA:34,2
DA:35,2
DA:36,2
DA:37,2
DA:38,2
DA:40,0
DA:43,2
DA:44,2
DA:45,2
DA:48,2
DA:55,2
DA:56,2
DA:59,2
DA:60,2
DA:62,0
DA:63,0
DA:67,2
DA:68,2
DA:69,2
DA:72,2
DA:75,2
DA:76,0
DA:83,0
DA:90,2
DA:91,0
DA:92,0
DA:93,0
DA:94,0
DA:99,2
LF:49
LH:38
BRDA:10,0,0,2
BRDA:10,0,1,0
BRDA:19,1,0,2
BRDA:19,1,1,0
BRDA:43,2,0,2
BRDA:43,2,1,0
BRDA:59,3,0,2
BRDA:59,3,1,0
BRDA:76,4,0,0
BRDA:76,4,1,0
BRDA:90,5,0,0
BRDA:90,5,1,2
BRDA:94,6,0,0
BRDA:94,6,1,0
BRF:14
BRH:5
end_of_record
