TN:
SF:app.js
FN:68,(anonymous_0)
FN:69,(anonymous_1)
FN:92,(anonymous_2)
FN:131,(anonymous_3)
FN:153,(anonymous_4)
FN:177,(anonymous_5)
FN:186,(anonymous_6)
FN:195,(anonymous_7)
FN:208,(anonymous_8)
FN:212,(anonymous_9)
FN:220,(anonymous_10)
FNF:11
FNH:1
FNDA:2,(anonymous_0)
FNDA:0,(anonymous_1)
FNDA:0,(anonymous_2)
FNDA:0,(anonymous_3)
FNDA:0,(anonymous_4)
FNDA:0,(anonymous_5)
FNDA:0,(anonymous_6)
FNDA:0,(anonymous_7)
FNDA:0,(anonymous_8)
FNDA:0,(anonymous_9)
FNDA:0,(anonymous_10)
DA:1,2
DA:2,2
DA:3,2
DA:4,2
DA:5,2
DA:6,2
DA:7,2
DA:11,2
DA:12,2
DA:13,2
DA:15,0
DA:16,0
DA:19,2
DA:20,2
DA:23,2
DA:24,2
DA:25,2
DA:26,2
DA:27,2
DA:28,2
DA:29,2
DA:30,2
DA:31,2
DA:32,2
DA:34,2
DA:35,2
DA:37,2
DA:41,2
DA:42,2
DA:43,2
DA:44,2
DA:45,2
DA:47,0
DA:50,2
DA:52,2
DA:53,2
DA:56,2
DA:63,2
DA:64,2
DA:67,2
DA:68,2
DA:70,0
DA:71,0
DA:75,2
DA:76,2
DA:77,2
DA:78,2
DA:79,2
DA:80,2
DA:81,2
DA:82,2
DA:83,2
DA:84,2
DA:85,2
DA:89,2
DA:92,2
DA:93,0
DA:94,0
DA:95,0
DA:102,0
DA:104,0
DA:123,0
DA:131,2
DA:132,0
DA:133,0
DA:134,0
DA:145,0
DA:153,2
DA:154,0
DA:177,2
DA:178,0
DA:186,2
DA:187,0
DA:188,0
DA:195,2
DA:196,0
DA:197,0
DA:198,0
DA:199,0
DA:200,0
DA:201,0
DA:202,0
DA:203,0
DA:208,2
DA:209,0
DA:211,0
DA:212,0
DA:213,0
DA:217,0
DA:218,0
DA:220,0
DA:221,0
DA:222,0
DA:226,2
LF:94
LH:58
BRDA:11,0,0,2
BRDA:11,0,1,0
BRDA:20,1,0,2
BRDA:20,1,1,0
BRDA:50,2,0,2
BRDA:50,2,1,0
BRDA:67,3,0,2
BRDA:67,3,1,0
BRDA:95,4,0,0
BRDA:95,4,1,0
BRDA:139,5,0,0
BRDA:139,5,1,0
BRDA:190,6,0,0
BRDA:190,6,1,0
BRDA:198,7,0,0
BRDA:198,7,1,0
BRDA:199,8,0,0
BRDA:199,8,1,0
BRDA:200,9,0,0
BRDA:200,9,1,0
BRDA:201,10,0,0
BRDA:201,10,1,0
BRDA:211,11,0,0
BRDA:211,11,1,0
BRF:24
BRH:4
end_of_record
TN:
SF:config\email.js
FN:14,(anonymous_0)
FN:70,(anonymous_1)
FN:115,(anonymous_2)
FNF:3
FNH:0
FNDA:0,(anonymous_0)
FNDA:0,(anonymous_1)
FNDA:0,(anonymous_2)
DA:1,2
DA:4,2
DA:12,2
DA:15,0
DA:17,0
DA:18,0
DA:62,0
DA:64,0
DA:65,0
DA:71,0
DA:72,0
DA:107,0
DA:109,0
DA:110,0
DA:116,0
DA:117,0
DA:153,0
DA:155,0
DA:156,0
DA:161,2
LF:20
LH:4
BRDA:115,0,0,0
BRDA:140,1,0,0
BRDA:140,1,1,0
BRF:3
BRH:0
end_of_record
TN:
SF:config\socket.js
FN:3,(anonymous_0)
FN:11,(anonymous_1)
FN:14,(anonymous_2)
FN:19,(anonymous_3)
FN:24,(anonymous_4)
FNF:5
FNH:1
FNDA:2,(anonymous_0)
FNDA:0,(anonymous_1)
FNDA:0,(anonymous_2)
FNDA:0,(anonymous_3)
FNDA:0,(anonymous_4)
DA:1,2
DA:3,2
DA:4,2
DA:11,2
DA:12,0
DA:14,0
DA:15,0
DA:16,0
DA:19,0
DA:20,0
DA:21,0
DA:24,0
DA:25,0
DA:29,2
DA:32,2
LF:15
LH:6
BRF:0
BRH:0
end_of_record
TN:
SF:controllers\chatController.js
FN:58,classifyMessage
FN:69,(anonymous_1)
FN:77,(anonymous_2)
FN:79,(anonymous_3)
FN:111,(anonymous_4)
FN:119,(anonymous_5)
FN:126,(anonymous_6)
FN:141,generateQuickResponse
FN:159,createSmartPrompt
FN:211,(anonymous_9)
FN:233,cleanAIResponse
FN:250,(anonymous_11)
FN:269,callHuggingFaceAPI
FN:328,(anonymous_13)
FN:334,(anonymous_14)
FN:343,getAIResponse
FN:391,generateIntelligentFallback
FN:427,(anonymous_17)
FN:486,processUserMessage
FN:574,updateAvgResponseTime
FN:581,saveMessage
FN:601,streamText
FN:616,(anonymous_22)
FN:625,generateSuggestions
FN:659,attachSocket
FN:660,(anonymous_25)
FN:669,(anonymous_26)
FN:712,(anonymous_27)
FN:718,(anonymous_28)
FN:749,getStats
FNF:30
FNH:1
FNDA:0,classifyMessage
FNDA:0,(anonymous_1)
FNDA:0,(anonymous_2)
FNDA:0,(anonymous_3)
FNDA:0,(anonymous_4)
FNDA:0,(anonymous_5)
FNDA:0,(anonymous_6)
FNDA:0,generateQuickResponse
FNDA:0,createSmartPrompt
FNDA:0,(anonymous_9)
FNDA:0,cleanAIResponse
FNDA:0,(anonymous_11)
FNDA:0,callHuggingFaceAPI
FNDA:0,(anonymous_13)
FNDA:0,(anonymous_14)
FNDA:0,getAIResponse
FNDA:0,generateIntelligentFallback
FNDA:0,(anonymous_17)
FNDA:0,processUserMessage
FNDA:0,updateAvgResponseTime
FNDA:0,saveMessage
FNDA:0,streamText
FNDA:0,(anonymous_22)
FNDA:0,generateSuggestions
FNDA:2,attachSocket
FNDA:0,(anonymous_25)
FNDA:0,(anonymous_26)
FNDA:0,(anonymous_27)
FNDA:0,(anonymous_28)
FNDA:0,getStats
DA:1,2
DA:2,2
DA:4,2
DA:5,2
DA:6,2
DA:12,2
DA:13,2
DA:15,2
DA:26,2
DA:59,0
DA:60,0
DA:63,0
DA:69,0
DA:70,0
DA:77,0
DA:78,0
DA:79,0
DA:82,0
DA:83,0
DA:90,0
DA:97,0
DA:104,0
DA:111,0
DA:112,0
DA:119,0
DA:120,0
DA:126,0
DA:127,0
DA:134,0
DA:142,0
DA:151,0
DA:152,0
DA:153,0
DA:155,0
DA:160,0
DA:162,0
DA:164,0
DA:166,0
DA:169,0
DA:171,0
DA:175,0
DA:187,0
DA:191,0
DA:201,0
DA:204,0
DA:208,0
DA:209,0
DA:210,0
DA:211,0
DA:212,0
DA:217,0
DA:234,0
DA:236,0
DA:246,0
DA:247,0
DA:248,0
DA:250,0
DA:252,0
DA:253,0
DA:254,0
DA:255,0
DA:261,0
DA:262,0
DA:265,0
DA:270,0
DA:271,0
DA:274,0
DA:275,0
DA:276,0
DA:278,0
DA:305,0
DA:306,0
DA:308,0
DA:309,0
DA:310,0
DA:311,0
DA:312,0
DA:313,0
DA:316,0
DA:317,0
DA:318,0
DA:323,0
DA:325,0
DA:326,0
DA:327,0
DA:328,0
DA:330,0
DA:331,0
DA:332,0
DA:333,0
DA:334,0
DA:339,0
DA:344,0
DA:345,0
DA:347,0
DA:350,0
DA:351,0
DA:353,0
DA:354,0
DA:355,0
DA:356,0
DA:357,0
DA:358,0
DA:367,0
DA:369,0
DA:370,0
DA:371,0
DA:373,0
DA:374,0
DA:375,0
DA:376,0
DA:377,0
DA:378,0
DA:387,0
DA:392,0
DA:393,0
DA:394,0
DA:397,0
DA:399,0
DA:426,0
DA:427,0
DA:429,0
DA:437,0
DA:438,0
DA:450,0
DA:451,0
DA:462,0
DA:463,0
DA:476,0
DA:487,0
DA:489,0
DA:490,0
DA:497,0
DA:498,0
DA:501,0
DA:502,0
DA:503,0
DA:504,0
DA:512,0
DA:513,0
DA:514,0
DA:515,0
DA:516,0
DA:517,0
DA:518,0
DA:520,0
DA:524,0
DA:525,0
DA:526,0
DA:527,0
DA:528,0
DA:536,0
DA:538,0
DA:539,0
DA:541,0
DA:543,0
DA:544,0
DA:550,0
DA:554,0
DA:555,0
DA:556,0
DA:563,0
DA:564,0
DA:565,0
DA:575,0
DA:576,0
DA:577,0
DA:582,0
DA:583,0
DA:592,0
DA:593,0
DA:595,0
DA:596,0
DA:602,0
DA:603,0
DA:607,0
DA:610,0
DA:612,0
DA:613,0
DA:614,0
DA:615,0
DA:616,0
DA:620,0
DA:621,0
DA:626,0
DA:627,0
DA:632,0
DA:634,0
DA:638,0
DA:639,0
DA:642,0
DA:643,0
DA:646,0
DA:647,0
DA:650,0
DA:651,0
DA:655,0
DA:660,2
DA:661,0
DA:664,0
DA:669,0
DA:670,0
DA:672,0
DA:674,0
DA:675,0
DA:679,0
DA:682,0
DA:684,0
DA:686,0
DA:687,0
DA:689,0
DA:695,0
DA:697,0
DA:698,0
DA:700,0
DA:703,0
DA:704,0
DA:708,0
DA:712,0
DA:713,0
DA:718,2
DA:719,0
DA:720,0
DA:722,0
DA:723,0
DA:724,0
DA:725,0
DA:729,0
DA:730,0
DA:734,2
DA:735,2
DA:736,2
DA:737,2
DA:738,2
DA:741,2
DA:742,2
DA:744,0
DA:750,0
DA:751,0
DA:761,2
LF:240
LH:19
BRDA:69,0,0,0
BRDA:69,0,1,0
BRDA:69,1,0,0
BRDA:69,1,1,0
BRDA:78,2,0,0
BRDA:78,2,1,0
BRDA:82,3,0,0
BRDA:82,3,1,0
BRDA:82,4,0,0
BRDA:82,4,1,0
BRDA:82,4,2,0
BRDA:111,5,0,0
BRDA:111,5,1,0
BRDA:119,6,0,0
BRDA:119,6,1,0
BRDA:126,7,0,0
BRDA:126,7,1,0
BRDA:126,8,0,0
BRDA:126,8,1,0
BRDA:152,9,0,0
BRDA:152,9,1,0
BRDA:159,10,0,0
BRDA:162,11,0,0
BRDA:162,11,1,0
BRDA:162,11,2,0
BRDA:162,11,3,0
BRDA:162,11,4,0
BRDA:209,12,0,0
BRDA:209,12,1,0
BRDA:212,13,0,0
BRDA:212,13,1,0
BRDA:233,14,0,0
BRDA:234,15,0,0
BRDA:234,15,1,0
BRDA:246,16,0,0
BRDA:246,16,1,0
BRDA:246,17,0,0
BRDA:246,17,1,0
BRDA:252,18,0,0
BRDA:252,18,1,0
BRDA:254,19,0,0
BRDA:254,19,1,0
BRDA:261,20,0,0
BRDA:261,20,1,0
BRDA:261,21,0,0
BRDA:261,21,1,0
BRDA:269,22,0,0
BRDA:269,23,0,0
BRDA:270,24,0,0
BRDA:270,24,1,0
BRDA:305,25,0,0
BRDA:305,25,1,0
BRDA:305,26,0,0
BRDA:305,26,1,0
BRDA:308,27,0,0
BRDA:308,27,1,0
BRDA:309,28,0,0
BRDA:309,28,1,0
BRDA:310,29,0,0
BRDA:310,29,1,0
BRDA:312,30,0,0
BRDA:312,30,1,0
BRDA:316,31,0,0
BRDA:316,31,1,0
BRDA:316,32,0,0
BRDA:316,32,1,0
BRDA:325,33,0,0
BRDA:325,33,1,0
BRDA:327,34,0,0
BRDA:327,34,1,0
BRDA:330,35,0,0
BRDA:330,35,1,0
BRDA:333,36,0,0
BRDA:333,36,1,0
BRDA:343,37,0,0
BRDA:353,38,0,0
BRDA:353,38,1,0
BRDA:353,39,0,0
BRDA:353,39,1,0
BRDA:373,40,0,0
BRDA:373,40,1,0
BRDA:373,41,0,0
BRDA:373,41,1,0
BRDA:397,42,0,0
BRDA:397,42,1,0
BRDA:397,43,0,0
BRDA:397,43,1,0
BRDA:397,43,2,0
BRDA:397,43,3,0
BRDA:397,43,4,0
BRDA:397,43,5,0
BRDA:426,44,0,0
BRDA:426,44,1,0
BRDA:426,45,0,0
BRDA:426,45,1,0
BRDA:426,45,2,0
BRDA:426,45,3,0
BRDA:437,46,0,0
BRDA:437,46,1,0
BRDA:437,47,0,0
BRDA:437,47,1,0
BRDA:437,47,2,0
BRDA:450,48,0,0
BRDA:450,48,1,0
BRDA:450,49,0,0
BRDA:450,49,1,0
BRDA:450,49,2,0
BRDA:462,50,0,0
BRDA:462,50,1,0
BRDA:462,51,0,0
BRDA:462,51,1,0
BRDA:462,51,2,0
BRDA:486,52,0,0
BRDA:489,53,0,0
BRDA:489,53,1,0
BRDA:489,54,0,0
BRDA:489,54,1,0
BRDA:501,55,0,0
BRDA:501,55,1,0
BRDA:501,56,0,0
BRDA:501,56,1,0
BRDA:513,57,0,0
BRDA:513,57,1,0
BRDA:513,58,0,0
BRDA:513,58,1,0
BRDA:515,59,0,0
BRDA:515,59,1,0
BRDA:524,60,0,0
BRDA:524,60,1,0
BRDA:541,61,0,0
BRDA:541,61,1,0
BRDA:541,62,0,0
BRDA:541,62,1,0
BRDA:543,63,0,0
BRDA:543,63,1,0
BRDA:581,64,0,0
BRDA:601,65,0,0
BRDA:602,66,0,0
BRDA:602,66,1,0
BRDA:610,67,0,0
BRDA:610,67,1,0
BRDA:614,68,0,0
BRDA:614,68,1,0
BRDA:632,69,0,0
BRDA:632,69,1,0
BRDA:632,70,0,0
BRDA:632,70,1,0
BRDA:632,70,2,0
BRDA:632,70,3,0
BRDA:632,70,4,0
BRDA:638,71,0,0
BRDA:638,71,1,0
BRDA:638,72,0,0
BRDA:638,72,1,0
BRDA:638,72,2,0
BRDA:642,73,0,0
BRDA:642,73,1,0
BRDA:642,74,0,0
BRDA:642,74,1,0
BRDA:646,75,0,0
BRDA:646,75,1,0
BRDA:646,76,0,0
BRDA:646,76,1,0
BRDA:650,77,0,0
BRDA:650,77,1,0
BRDA:650,78,0,0
BRDA:650,78,1,0
BRDA:670,79,0,0
BRDA:670,80,0,0
BRDA:674,81,0,0
BRDA:674,81,1,0
BRDA:674,82,0,0
BRDA:674,82,1,0
BRDA:691,83,0,0
BRDA:691,83,1,0
BRDA:692,84,0,0
BRDA:692,84,1,0
BRDA:723,85,0,0
BRDA:723,85,1,0
BRDA:729,86,0,0
BRDA:729,86,1,0
BRDA:741,87,0,2
BRDA:741,87,1,0
BRDA:754,88,0,0
BRDA:754,88,1,0
BRDA:755,89,0,0
BRDA:755,89,1,0
BRDA:756,90,0,0
BRDA:756,90,1,0
BRDA:757,91,0,0
BRDA:757,91,1,0
BRF:191
BRH:1
end_of_record
TN:
SF:controllers\contactController.js
FN:7,(anonymous_0)
FN:93,(anonymous_1)
FN:114,(anonymous_2)
FN:135,(anonymous_3)
FN:167,(anonymous_4)
FNF:5
FNH:0
FNDA:0,(anonymous_0)
FNDA:0,(anonymous_1)
FNDA:0,(anonymous_2)
FNDA:0,(anonymous_3)
FNDA:0,(anonymous_4)
DA:2,2
DA:7,2
DA:8,0
DA:9,0
DA:11,0
DA:14,0
DA:15,0
DA:22,0
DA:23,0
DA:24,0
DA:31,0
DA:40,0
DA:43,0
DA:44,0
DA:45,0
DA:62,0
DA:64,0
DA:67,0
DA:69,0
DA:82,0
DA:83,0
DA:93,2
DA:94,0
DA:95,0
DA:97,0
DA:103,0
DA:104,0
DA:114,2
DA:115,0
DA:116,0
DA:118,0
DA:124,0
DA:125,0
DA:135,2
DA:136,0
DA:137,0
DA:143,0
DA:144,0
DA:150,0
DA:156,0
DA:157,0
DA:167,2
DA:168,0
DA:169,0
DA:171,0
DA:172,0
DA:178,0
DA:183,0
DA:184,0
DA:191,2
LF:50
LH:7
BRDA:14,0,0,0
BRDA:14,0,1,0
BRDA:14,1,0,0
BRDA:14,1,1,0
BRDA:14,1,2,0
BRDA:23,2,0,0
BRDA:23,2,1,0
BRDA:34,3,0,0
BRDA:34,3,1,0
BRDA:44,4,0,0
BRDA:44,4,1,0
BRDA:55,5,0,0
BRDA:55,5,1,0
BRDA:143,6,0,0
BRDA:143,6,1,0
BRDA:171,7,0,0
BRDA:171,7,1,0
BRF:17
BRH:0
end_of_record
TN:
SF:controllers\equipementController.js
FN:5,(anonymous_0)
FN:32,(anonymous_1)
FN:33,(anonymous_2)
FN:70,(anonymous_3)
FN:96,(anonymous_4)
FN:153,(anonymous_5)
FN:211,(anonymous_6)
FN:256,(anonymous_7)
FNF:8
FNH:0
FNDA:0,(anonymous_0)
FNDA:0,(anonymous_1)
FNDA:0,(anonymous_2)
FNDA:0,(anonymous_3)
FNDA:0,(anonymous_4)
FNDA:0,(anonymous_5)
FNDA:0,(anonymous_6)
FNDA:0,(anonymous_7)
DA:1,2
DA:2,2
DA:5,2
DA:6,0
DA:7,0
DA:8,0
DA:10,0
DA:16,0
DA:19,0
DA:20,0
DA:23,0
DA:28,0
DA:31,0
DA:32,0
DA:33,0
DA:35,0
DA:38,0
DA:41,0
DA:43,0
DA:44,0
DA:45,0
DA:47,0
DA:48,0
DA:49,0
DA:52,0
DA:53,0
DA:57,0
DA:58,0
DA:61,0
DA:66,0
DA:69,0
DA:70,0
DA:78,0
DA:86,0
DA:87,0
DA:96,2
DA:97,0
DA:98,0
DA:99,0
DA:100,0
DA:102,0
DA:106,0
DA:107,0
DA:114,0
DA:116,0
DA:122,0
DA:123,0
DA:128,0
DA:134,0
DA:137,0
DA:143,0
DA:144,0
DA:153,2
DA:154,0
DA:155,0
DA:157,0
DA:158,0
DA:165,0
DA:166,0
DA:167,0
DA:173,0
DA:183,0
DA:186,0
DA:187,0
DA:189,0
DA:195,0
DA:202,0
DA:203,0
DA:211,2
DA:212,0
DA:213,0
DA:214,0
DA:217,0
DA:218,0
DA:220,0
DA:227,0
DA:228,0
DA:234,0
DA:240,0
DA:247,0
DA:248,0
DA:256,2
DA:257,0
DA:258,0
DA:260,0
DA:262,0
DA:263,0
DA:269,0
DA:274,0
DA:280,0
DA:281,0
LF:91
LH:7
BRDA:19,0,0,0
BRDA:19,0,1,0
BRDA:41,1,0,0
BRDA:41,1,1,0
BRDA:41,2,0,0
BRDA:41,2,1,0
BRDA:45,3,0,0
BRDA:45,3,1,0
BRDA:47,4,0,0
BRDA:47,4,1,0
BRDA:69,5,0,0
BRDA:69,5,1,0
BRDA:106,6,0,0
BRDA:106,6,1,0
BRDA:114,7,0,0
BRDA:114,7,1,0
BRDA:122,8,0,0
BRDA:122,8,1,0
BRDA:157,9,0,0
BRDA:157,9,1,0
BRDA:157,10,0,0
BRDA:157,10,1,0
BRDA:157,10,2,0
BRDA:157,10,3,0
BRDA:166,11,0,0
BRDA:166,11,1,0
BRDA:176,12,0,0
BRDA:176,12,1,0
BRDA:177,13,0,0
BRDA:177,13,1,0
BRDA:227,14,0,0
BRDA:227,14,1,0
BRDA:262,15,0,0
BRDA:262,15,1,0
BRF:34
BRH:0
end_of_record
TN:
SF:controllers\incidentController.js
FN:4,(anonymous_0)
FN:41,(anonymous_1)
FN:69,(anonymous_2)
FN:105,(anonymous_3)
FN:130,(anonymous_4)
FN:157,(anonymous_5)
FN:202,(anonymous_6)
FN:226,(anonymous_7)
FNF:8
FNH:0
FNDA:0,(anonymous_0)
FNDA:0,(anonymous_1)
FNDA:0,(anonymous_2)
FNDA:0,(anonymous_3)
FNDA:0,(anonymous_4)
FNDA:0,(anonymous_5)
FNDA:0,(anonymous_6)
FNDA:0,(anonymous_7)
DA:1,2
DA:4,2
DA:5,0
DA:6,0
DA:8,0
DA:15,0
DA:16,0
DA:17,0
DA:22,0
DA:28,0
DA:30,0
DA:35,0
DA:36,0
DA:41,2
DA:42,0
DA:43,0
DA:46,0
DA:47,0
DA:51,0
DA:56,0
DA:57,0
DA:62,0
DA:64,0
DA:69,2
DA:70,0
DA:71,0
DA:74,0
DA:75,0
DA:79,0
DA:81,0
DA:82,0
DA:87,0
DA:95,0
DA:100,0
DA:105,2
DA:106,0
DA:107,0
DA:110,0
DA:111,0
DA:115,0
DA:117,0
DA:118,0
DA:123,0
DA:125,0
DA:130,2
DA:131,0
DA:132,0
DA:135,0
DA:136,0
DA:140,0
DA:147,0
DA:152,0
DA:157,2
DA:158,0
DA:159,0
DA:162,0
DA:163,0
DA:167,0
DA:177,0
DA:179,0
DA:189,0
DA:197,0
DA:202,2
DA:203,0
DA:204,0
DA:209,0
DA:210,0
DA:212,0
DA:217,0
DA:222,0
DA:226,2
DA:227,0
DA:228,0
DA:230,0
DA:231,0
DA:234,0
DA:242,0
DA:243,0
DA:246,0
DA:251,0
DA:255,2
LF:81
LH:10
BRDA:15,0,0,0
BRDA:15,0,1,0
BRDA:15,1,0,0
BRDA:15,1,1,0
BRDA:46,2,0,0
BRDA:46,2,1,0
BRDA:46,3,0,0
BRDA:46,3,1,0
BRDA:56,4,0,0
BRDA:56,4,1,0
BRDA:74,5,0,0
BRDA:74,5,1,0
BRDA:74,6,0,0
BRDA:74,6,1,0
BRDA:81,7,0,0
BRDA:81,7,1,0
BRDA:110,8,0,0
BRDA:110,8,1,0
BRDA:110,9,0,0
BRDA:110,9,1,0
BRDA:117,10,0,0
BRDA:117,10,1,0
BRDA:135,11,0,0
BRDA:135,11,1,0
BRDA:135,12,0,0
BRDA:135,12,1,0
BRDA:162,13,0,0
BRDA:162,13,1,0
BRDA:162,14,0,0
BRDA:162,14,1,0
BRDA:206,15,0,0
BRDA:206,15,1,0
BRDA:230,16,0,0
BRDA:230,16,1,0
BRDA:242,17,0,0
BRDA:242,17,1,0
BRF:36
BRH:0
end_of_record
TN:
SF:controllers\reportController.js
FN:7,(anonymous_0)
FN:175,(anonymous_1)
FN:236,(anonymous_2)
FN:379,(anonymous_3)
FN:439,(anonymous_4)
FN:464,(anonymous_5)
FN:473,(anonymous_6)
FNF:7
FNH:0
FNDA:0,(anonymous_0)
FNDA:0,(anonymous_1)
FNDA:0,(anonymous_2)
FNDA:0,(anonymous_3)
FNDA:0,(anonymous_4)
FNDA:0,(anonymous_5)
FNDA:0,(anonymous_6)
DA:1,2
DA:2,2
DA:3,2
DA:4,2
DA:5,2
DA:7,2
DA:8,0
DA:9,0
DA:10,0
DA:12,0
DA:15,0
DA:16,0
DA:17,0
DA:24,0
DA:25,0
DA:27,0
DA:28,0
DA:29,0
DA:36,0
DA:37,0
DA:38,0
DA:45,0
DA:46,0
DA:47,0
DA:53,0
DA:54,0
DA:57,0
DA:59,0
DA:60,0
DA:61,0
DA:62,0
DA:65,0
DA:69,0
DA:72,0
DA:73,0
DA:80,0
DA:82,0
DA:86,0
DA:87,0
DA:88,0
DA:91,0
DA:95,0
DA:98,0
DA:99,0
DA:105,0
DA:107,0
DA:110,0
DA:111,0
DA:112,0
DA:115,0
DA:119,0
DA:122,0
DA:123,0
DA:130,0
DA:132,0
DA:136,0
DA:139,0
DA:140,0
DA:148,0
DA:149,0
DA:150,0
DA:153,0
DA:157,0
DA:158,0
DA:164,0
DA:165,0
DA:168,0
DA:171,0
DA:172,0
DA:175,0
DA:176,0
DA:180,0
DA:185,0
DA:189,0
DA:191,0
DA:194,0
DA:196,0
DA:199,0
DA:200,0
DA:201,0
DA:202,0
DA:205,0
DA:210,0
DA:212,0
DA:213,0
DA:215,0
DA:218,0
DA:220,0
DA:223,0
DA:224,0
DA:225,0
DA:227,0
DA:229,0
DA:233,0
DA:234,0
DA:236,0
DA:238,0
DA:239,0
DA:242,0
DA:244,0
DA:245,0
DA:246,0
DA:249,0
DA:250,0
DA:251,0
DA:253,0
DA:254,0
DA:255,0
DA:259,0
DA:260,0
DA:261,0
DA:262,0
DA:263,0
DA:267,0
DA:268,0
DA:271,0
DA:272,0
DA:275,0
DA:276,0
DA:277,0
DA:278,0
DA:280,0
DA:281,0
DA:284,0
DA:285,0
DA:288,0
DA:289,0
DA:292,0
DA:293,0
DA:294,0
DA:296,0
DA:297,0
DA:298,0
DA:302,0
DA:303,0
DA:304,0
DA:305,0
DA:306,0
DA:310,0
DA:311,0
DA:315,0
DA:318,0
DA:324,0
DA:327,0
DA:332,0
DA:336,0
DA:337,0
DA:339,0
DA:340,0
DA:341,0
DA:350,0
DA:353,0
DA:355,0
DA:358,0
DA:359,0
DA:360,0
DA:361,0
DA:364,0
DA:365,0
DA:373,0
DA:379,2
DA:380,0
DA:381,0
DA:383,0
DA:385,0
DA:415,0
DA:417,0
DA:426,0
DA:427,0
DA:429,0
DA:439,2
DA:442,0
DA:444,0
DA:445,0
DA:447,0
DA:448,0
DA:450,0
DA:451,0
DA:453,0
DA:454,0
DA:456,0
DA:457,0
DA:460,0
DA:461,0
DA:464,2
DA:465,0
DA:470,0
DA:473,2
DA:474,0
DA:480,0
DA:484,2
LF:191
LH:11
BRDA:10,0,0,0
BRDA:10,0,1,0
BRDA:15,1,0,0
BRDA:15,1,1,0
BRDA:15,2,0,0
BRDA:15,2,1,0
BRDA:27,3,0,0
BRDA:27,3,1,0
BRDA:36,4,0,0
BRDA:36,4,1,0
BRDA:60,5,0,0
BRDA:60,5,1,0
BRDA:86,6,0,0
BRDA:86,6,1,0
BRDA:110,7,0,0
BRDA:110,7,1,0
BRDA:139,8,0,0
BRDA:139,8,1,0
BRDA:212,9,0,0
BRDA:212,9,1,0
BRDA:238,10,0,0
BRDA:238,10,1,0
BRDA:245,11,0,0
BRDA:245,11,1,0
BRDA:247,12,0,0
BRDA:247,12,1,0
BRDA:247,12,2,0
BRDA:250,13,0,0
BRDA:250,13,1,0
BRDA:250,13,2,0
BRDA:251,14,0,0
BRDA:251,14,1,0
BRDA:251,14,2,0
BRDA:253,15,0,0
BRDA:253,15,1,0
BRDA:255,16,0,0
BRDA:255,16,1,0
BRDA:259,17,0,0
BRDA:259,17,1,0
BRDA:260,18,0,0
BRDA:260,18,1,0
BRDA:260,19,0,0
BRDA:260,19,1,0
BRDA:261,20,0,0
BRDA:261,20,1,0
BRDA:262,21,0,0
BRDA:262,21,1,0
BRDA:267,22,0,0
BRDA:267,22,1,0
BRDA:271,23,0,0
BRDA:271,23,1,0
BRDA:273,24,0,0
BRDA:273,24,1,0
BRDA:273,24,2,0
BRDA:276,25,0,0
BRDA:276,25,1,0
BRDA:276,25,2,0
BRDA:277,26,0,0
BRDA:277,26,1,0
BRDA:278,27,0,0
BRDA:278,27,1,0
BRDA:278,27,2,0
BRDA:280,28,0,0
BRDA:280,28,1,0
BRDA:280,29,0,0
BRDA:280,29,1,0
BRDA:281,30,0,0
BRDA:281,30,1,0
BRDA:284,31,0,0
BRDA:284,31,1,0
BRDA:288,32,0,0
BRDA:288,32,1,0
BRDA:290,33,0,0
BRDA:290,33,1,0
BRDA:293,34,0,0
BRDA:293,34,1,0
BRDA:293,34,2,0
BRDA:294,35,0,0
BRDA:294,35,1,0
BRDA:296,36,0,0
BRDA:296,36,1,0
BRDA:298,37,0,0
BRDA:298,37,1,0
BRDA:302,38,0,0
BRDA:302,38,1,0
BRDA:303,39,0,0
BRDA:303,39,1,0
BRDA:303,40,0,0
BRDA:303,40,1,0
BRDA:304,41,0,0
BRDA:304,41,1,0
BRDA:305,42,0,0
BRDA:305,42,1,0
BRDA:310,43,0,0
BRDA:310,43,1,0
BRDA:364,44,0,0
BRDA:364,44,1,0
BRDA:369,45,0,0
BRDA:369,45,1,0
BRDA:381,46,0,0
BRDA:381,46,1,0
BRDA:442,47,0,0
BRDA:442,47,1,0
BRDA:442,47,2,0
BRDA:442,47,3,0
BRDA:442,47,4,0
BRDA:470,48,0,0
BRDA:470,48,1,0
BRDA:480,49,0,0
BRDA:480,49,1,0
BRF:110
BRH:0
end_of_record
TN:
SF:controllers\userController.js
FN:12,(anonymous_0)
FN:25,(anonymous_1)
FN:45,(anonymous_2)
FN:59,(anonymous_3)
FN:77,(anonymous_4)
FN:92,(anonymous_5)
FN:119,(anonymous_6)
FN:132,(anonymous_7)
FN:151,(anonymous_8)
FN:269,(anonymous_9)
FN:364,(anonymous_10)
FN:432,(anonymous_11)
FN:506,(anonymous_12)
FN:533,(anonymous_13)
FN:560,(anonymous_14)
FN:590,(anonymous_15)
FN:633,(anonymous_16)
FN:676,(anonymous_17)
FN:733,(anonymous_18)
FN:789,(anonymous_19)
FN:842,(anonymous_20)
FN:878,(anonymous_21)
FN:935,(anonymous_22)
FN:993,(anonymous_23)
FN:999,(anonymous_24)
FN:1000,(anonymous_25)
FN:1001,(anonymous_26)
FNF:27
FNH:0
FNDA:0,(anonymous_0)
FNDA:0,(anonymous_1)
FNDA:0,(anonymous_2)
FNDA:0,(anonymous_3)
FNDA:0,(anonymous_4)
FNDA:0,(anonymous_5)
FNDA:0,(anonymous_6)
FNDA:0,(anonymous_7)
FNDA:0,(anonymous_8)
FNDA:0,(anonymous_9)
FNDA:0,(anonymous_10)
FNDA:0,(anonymous_11)
FNDA:0,(anonymous_12)
FNDA:0,(anonymous_13)
FNDA:0,(anonymous_14)
FNDA:0,(anonymous_15)
FNDA:0,(anonymous_16)
FNDA:0,(anonymous_17)
FNDA:0,(anonymous_18)
FNDA:0,(anonymous_19)
FNDA:0,(anonymous_20)
FNDA:0,(anonymous_21)
FNDA:0,(anonymous_22)
FNDA:0,(anonymous_23)
FNDA:0,(anonymous_24)
FNDA:0,(anonymous_25)
FNDA:0,(anonymous_26)
DA:1,2
DA:2,2
DA:3,2
DA:4,2
DA:5,2
DA:12,2
DA:13,0
DA:14,0
DA:19,0
DA:25,2
DA:26,0
DA:27,0
DA:29,0
DA:30,0
DA:31,0
DA:34,0
DA:35,0
DA:37,0
DA:38,0
DA:45,2
DA:46,0
DA:47,0
DA:48,0
DA:49,0
DA:51,0
DA:52,0
DA:59,2
DA:60,0
DA:61,0
DA:62,0
DA:63,0
DA:64,0
DA:65,0
DA:66,0
DA:68,0
DA:71,0
DA:77,2
DA:78,0
DA:79,0
DA:80,0
DA:86,0
DA:92,2
DA:93,0
DA:94,0
DA:101,0
DA:102,0
DA:108,0
DA:109,0
DA:111,0
DA:112,0
DA:119,2
DA:120,0
DA:121,0
DA:122,0
DA:123,0
DA:125,0
DA:132,2
DA:133,0
DA:151,2
DA:152,0
DA:153,0
DA:155,0
DA:158,0
DA:159,0
DA:166,0
DA:167,0
DA:174,0
DA:175,0
DA:182,0
DA:183,0
DA:184,0
DA:191,0
DA:192,0
DA:195,0
DA:207,0
DA:209,0
DA:212,0
DA:214,0
DA:215,0
DA:218,0
DA:226,0
DA:229,0
DA:233,0
DA:248,0
DA:251,0
DA:252,0
DA:258,0
DA:269,2
DA:270,0
DA:272,0
DA:273,0
DA:276,0
DA:277,0
DA:278,0
DA:279,0
DA:286,0
DA:287,0
DA:288,0
DA:289,0
DA:294,0
DA:297,0
DA:298,0
DA:299,0
DA:300,0
DA:301,0
DA:308,0
DA:309,0
DA:312,0
DA:313,0
DA:314,0
DA:322,0
DA:323,0
DA:324,0
DA:325,0
DA:333,0
DA:334,0
DA:337,0
DA:338,0
DA:346,0
DA:347,0
DA:357,0
DA:364,2
DA:365,0
DA:366,0
DA:367,0
DA:369,0
DA:371,0
DA:373,0
DA:374,0
DA:380,0
DA:381,0
DA:388,0
DA:389,0
DA:390,0
DA:391,0
DA:392,0
DA:394,0
DA:397,0
DA:398,0
DA:399,0
DA:401,0
DA:404,0
DA:406,0
DA:420,0
DA:421,0
DA:432,2
DA:433,0
DA:434,0
DA:435,0
DA:437,0
DA:439,0
DA:440,0
DA:446,0
DA:448,0
DA:449,0
DA:455,0
DA:456,0
DA:463,0
DA:464,0
DA:465,0
DA:466,0
DA:467,0
DA:469,0
DA:472,0
DA:473,0
DA:474,0
DA:476,0
DA:479,0
DA:481,0
DA:494,0
DA:495,0
DA:506,2
DA:507,0
DA:508,0
DA:512,0
DA:514,0
DA:521,0
DA:522,0
DA:533,2
DA:534,0
DA:535,0
DA:539,0
DA:541,0
DA:548,0
DA:549,0
DA:560,2
DA:561,0
DA:562,0
DA:565,0
DA:566,0
DA:572,0
DA:578,0
DA:579,0
DA:590,2
DA:591,0
DA:592,0
DA:595,0
DA:596,0
DA:602,0
DA:621,0
DA:622,0
DA:633,2
DA:634,0
DA:635,0
DA:636,0
DA:638,0
DA:651,0
DA:652,0
DA:658,0
DA:660,0
DA:667,0
DA:668,0
DA:676,2
DA:677,0
DA:678,0
DA:680,0
DA:681,0
DA:682,0
DA:684,0
DA:685,0
DA:686,0
DA:687,0
DA:690,0
DA:691,0
DA:697,0
DA:698,0
DA:700,0
DA:701,0
DA:707,0
DA:710,0
DA:714,0
DA:715,0
DA:716,0
DA:723,0
DA:731,0
DA:732,0
DA:733,0
DA:736,0
DA:738,0
DA:745,0
DA:747,0
DA:748,0
DA:749,0
DA:756,0
DA:757,0
DA:758,0
DA:759,0
DA:767,0
DA:768,0
DA:770,0
DA:772,0
DA:778,0
DA:779,0
DA:789,2
DA:790,0
DA:791,0
DA:792,0
DA:794,0
DA:795,0
DA:801,0
DA:802,0
DA:803,0
DA:809,0
DA:810,0
DA:811,0
DA:817,0
DA:818,0
DA:820,0
DA:822,0
DA:828,0
DA:829,0
DA:842,2
DA:843,0
DA:844,0
DA:859,0
DA:860,0
DA:866,0
DA:867,0
DA:878,2
DA:879,0
DA:880,0
DA:882,0
DA:883,0
DA:889,0
DA:904,0
DA:905,0
DA:911,0
DA:912,0
DA:923,0
DA:924,0
DA:935,2
DA:936,0
DA:937,0
DA:939,0
DA:940,0
DA:946,0
DA:947,0
DA:948,0
DA:954,0
DA:965,0
DA:966,0
DA:968,0
DA:981,0
DA:982,0
DA:993,2
DA:994,0
DA:995,0
DA:997,0
DA:999,0
DA:1000,0
DA:1001,0
DA:1004,0
DA:1010,0
DA:1011,0
DA:1021,2
LF:315
LH:29
BRDA:13,0,0,0
BRDA:13,0,1,0
BRDA:13,1,0,0
BRDA:13,1,1,0
BRDA:29,2,0,0
BRDA:29,2,1,0
BRDA:60,3,0,0
BRDA:60,3,1,0
BRDA:78,4,0,0
BRDA:78,4,1,0
BRDA:104,5,0,0
BRDA:104,5,1,0
BRDA:158,6,0,0
BRDA:158,6,1,0
BRDA:158,7,0,0
BRDA:158,7,1,0
BRDA:158,7,2,0
BRDA:166,8,0,0
BRDA:166,8,1,0
BRDA:174,9,0,0
BRDA:174,9,1,0
BRDA:183,10,0,0
BRDA:183,10,1,0
BRDA:199,11,0,0
BRDA:199,11,1,0
BRDA:200,12,0,0
BRDA:200,12,1,0
BRDA:201,13,0,0
BRDA:201,13,1,0
BRDA:251,14,0,0
BRDA:251,14,1,0
BRDA:261,15,0,0
BRDA:261,15,1,0
BRDA:277,16,0,0
BRDA:277,16,1,0
BRDA:288,17,0,0
BRDA:288,17,1,0
BRDA:299,18,0,0
BRDA:299,18,1,0
BRDA:313,19,0,0
BRDA:313,19,1,0
BRDA:324,20,0,0
BRDA:324,20,1,0
BRDA:328,21,0,0
BRDA:328,21,1,0
BRDA:350,22,0,0
BRDA:350,22,1,0
BRDA:373,23,0,0
BRDA:373,23,1,0
BRDA:380,24,0,0
BRDA:380,24,1,0
BRDA:424,25,0,0
BRDA:424,25,1,0
BRDA:439,26,0,0
BRDA:439,26,1,0
BRDA:448,27,0,0
BRDA:448,27,1,0
BRDA:455,28,0,0
BRDA:455,28,1,0
BRDA:498,29,0,0
BRDA:498,29,1,0
BRDA:525,30,0,0
BRDA:525,30,1,0
BRDA:552,31,0,0
BRDA:552,31,1,0
BRDA:565,32,0,0
BRDA:565,32,1,0
BRDA:582,33,0,0
BRDA:582,33,1,0
BRDA:595,34,0,0
BRDA:595,34,1,0
BRDA:625,35,0,0
BRDA:625,35,1,0
BRDA:651,36,0,0
BRDA:651,36,1,0
BRDA:671,37,0,0
BRDA:671,37,1,0
BRDA:690,38,0,0
BRDA:690,38,1,0
BRDA:700,39,0,0
BRDA:700,39,1,0
BRDA:714,40,0,0
BRDA:714,40,1,0
BRDA:731,41,0,0
BRDA:731,41,1,0
BRDA:747,42,0,0
BRDA:747,42,1,0
BRDA:756,43,0,0
BRDA:756,43,1,0
BRDA:758,44,0,0
BRDA:758,44,1,0
BRDA:782,45,0,0
BRDA:782,45,1,0
BRDA:794,46,0,0
BRDA:794,46,1,0
BRDA:794,47,0,0
BRDA:794,47,1,0
BRDA:802,48,0,0
BRDA:802,48,1,0
BRDA:810,49,0,0
BRDA:810,49,1,0
BRDA:832,50,0,0
BRDA:832,50,1,0
BRDA:882,51,0,0
BRDA:882,51,1,0
BRDA:904,52,0,0
BRDA:904,52,1,0
BRDA:939,53,0,0
BRDA:939,53,1,0
BRDA:939,54,0,0
BRDA:939,54,1,0
BRDA:939,54,2,0
BRDA:947,55,0,0
BRDA:947,55,1,0
BRDA:960,56,0,0
BRDA:960,56,1,0
BRF:116
BRH:0
end_of_record
TN:
SF:controllers\utilisateurController.js
FN:12,(anonymous_0)
FN:92,(anonymous_1)
FN:175,(anonymous_2)
FN:197,(anonymous_3)
FN:223,(anonymous_4)
FN:287,(anonymous_5)
FN:327,(anonymous_6)
FN:384,(anonymous_7)
FN:439,(anonymous_8)
FN:480,(anonymous_9)
FNF:10
FNH:0
FNDA:0,(anonymous_0)
FNDA:0,(anonymous_1)
FNDA:0,(anonymous_2)
FNDA:0,(anonymous_3)
FNDA:0,(anonymous_4)
FNDA:0,(anonymous_5)
FNDA:0,(anonymous_6)
FNDA:0,(anonymous_7)
FNDA:0,(anonymous_8)
FNDA:0,(anonymous_9)
DA:2,2
DA:3,2
DA:4,2
DA:5,2
DA:6,2
DA:7,2
DA:9,2
DA:12,2
DA:13,0
DA:14,0
DA:16,0
DA:19,0
DA:20,0
DA:27,0
DA:28,0
DA:29,0
DA:36,0
DA:37,0
DA:38,0
DA:45,0
DA:46,0
DA:53,0
DA:54,0
DA:57,0
DA:69,0
DA:83,0
DA:84,0
DA:92,2
DA:93,0
DA:94,0
DA:96,0
DA:99,0
DA:100,0
DA:106,0
DA:107,0
DA:113,0
DA:114,0
DA:121,0
DA:122,0
DA:123,0
DA:130,0
DA:137,0
DA:140,0
DA:152,0
DA:166,0
DA:167,0
DA:175,2
DA:176,0
DA:177,0
DA:181,0
DA:187,0
DA:188,0
DA:197,2
DA:198,0
DA:199,0
DA:202,0
DA:203,0
DA:209,0
DA:214,0
DA:215,0
DA:223,2
DA:224,0
DA:225,0
DA:227,0
DA:230,0
DA:231,0
DA:237,0
DA:238,0
DA:245,0
DA:246,0
DA:247,0
DA:254,0
DA:262,0
DA:264,0
DA:278,0
DA:279,0
DA:287,2
DA:288,0
DA:289,0
DA:291,0
DA:292,0
DA:293,0
DA:294,0
DA:295,0
DA:296,0
DA:298,0
DA:304,0
DA:305,0
DA:311,0
DA:318,0
DA:319,0
DA:327,2
DA:328,0
DA:329,0
DA:331,0
DA:332,0
DA:333,0
DA:335,0
DA:336,0
DA:337,0
DA:338,0
DA:341,0
DA:342,0
DA:348,0
DA:349,0
DA:351,0
DA:352,0
DA:358,0
DA:361,0
DA:365,0
DA:366,0
DA:367,0
DA:374,0
DA:382,0
DA:383,0
DA:384,0
DA:387,0
DA:389,0
DA:396,0
DA:398,0
DA:399,0
DA:400,0
DA:407,0
DA:408,0
DA:409,0
DA:410,0
DA:418,0
DA:419,0
DA:421,0
DA:423,0
DA:429,0
DA:430,0
DA:439,2
DA:440,0
DA:441,0
DA:442,0
DA:444,0
DA:445,0
DA:448,0
DA:449,0
DA:451,0
DA:452,0
DA:456,0
DA:457,0
DA:460,0
DA:462,0
DA:463,0
DA:466,0
DA:467,0
DA:468,0
DA:469,0
DA:470,0
DA:471,0
DA:473,0
DA:474,0
DA:479,0
DA:480,0
DA:481,0
DA:482,0
DA:483,0
DA:484,0
DA:490,0
DA:491,0
DA:499,0
DA:514,0
DA:515,0
DA:519,2
LF:167
LH:16
BRDA:9,0,0,2
BRDA:9,0,1,2
BRDA:19,1,0,0
BRDA:19,1,1,0
BRDA:19,2,0,0
BRDA:19,2,1,0
BRDA:28,3,0,0
BRDA:28,3,1,0
BRDA:37,4,0,0
BRDA:37,4,1,0
BRDA:45,5,0,0
BRDA:45,5,1,0
BRDA:99,6,0,0
BRDA:99,6,1,0
BRDA:99,7,0,0
BRDA:99,7,1,0
BRDA:99,7,2,0
BRDA:99,7,3,0
BRDA:106,8,0,0
BRDA:106,8,1,0
BRDA:113,9,0,0
BRDA:113,9,1,0
BRDA:122,10,0,0
BRDA:122,10,1,0
BRDA:134,11,0,0
BRDA:134,11,1,0
BRDA:183,12,0,0
BRDA:183,12,1,0
BRDA:202,13,0,0
BRDA:202,13,1,0
BRDA:230,14,0,0
BRDA:230,14,1,0
BRDA:230,15,0,0
BRDA:230,15,1,0
BRDA:230,15,2,0
BRDA:237,16,0,0
BRDA:237,16,1,0
BRDA:246,17,0,0
BRDA:246,17,1,0
BRDA:258,18,0,0
BRDA:258,18,1,0
BRDA:259,19,0,0
BRDA:259,19,1,0
BRDA:292,20,0,0
BRDA:292,20,1,0
BRDA:293,21,0,0
BRDA:293,21,1,0
BRDA:294,22,0,0
BRDA:294,22,1,0
BRDA:295,23,0,0
BRDA:295,23,1,0
BRDA:296,24,0,0
BRDA:296,24,1,0
BRDA:304,25,0,0
BRDA:304,25,1,0
BRDA:341,26,0,0
BRDA:341,26,1,0
BRDA:351,27,0,0
BRDA:351,27,1,0
BRDA:365,28,0,0
BRDA:365,28,1,0
BRDA:382,29,0,0
BRDA:382,29,1,0
BRDA:398,30,0,0
BRDA:398,30,1,0
BRDA:407,31,0,0
BRDA:407,31,1,0
BRDA:409,32,0,0
BRDA:409,32,1,0
BRDA:433,33,0,0
BRDA:433,33,1,0
BRDA:444,34,0,0
BRDA:444,34,1,0
BRDA:451,35,0,0
BRDA:451,35,1,0
BRDA:466,36,0,0
BRDA:466,36,1,0
BRDA:473,37,0,0
BRDA:473,37,1,0
BRDA:479,38,0,0
BRDA:479,38,1,0
BRDA:479,39,0,0
BRDA:479,39,1,0
BRDA:481,40,0,0
BRDA:481,40,1,0
BRDA:483,41,0,0
BRDA:483,41,1,0
BRDA:490,42,0,0
BRDA:490,42,1,0
BRDA:508,43,0,0
BRDA:508,43,1,0
BRF:91
BRH:2
end_of_record
TN:
SF:dist\app.js
FN:60,(anonymous_0)
FN:61,(anonymous_1)
FN:80,(anonymous_2)
FN:117,(anonymous_3)
FN:139,(anonymous_4)
FN:162,(anonymous_5)
FN:170,(anonymous_6)
FN:178,(anonymous_7)
FN:192,(anonymous_8)
FN:195,(anonymous_9)
FN:201,(anonymous_10)
FNF:11
FNH:2
FNDA:1,(anonymous_0)
FNDA:0,(anonymous_1)
FNDA:0,(anonymous_2)
FNDA:0,(anonymous_3)
FNDA:0,(anonymous_4)
FNDA:0,(anonymous_5)
FNDA:0,(anonymous_6)
FNDA:1,(anonymous_7)
FNDA:0,(anonymous_8)
FNDA:0,(anonymous_9)
FNDA:0,(anonymous_10)
DA:2,2
DA:3,2
DA:4,2
DA:5,2
DA:6,2
DA:7,2
DA:8,2
DA:10,2
DA:11,2
DA:12,2
DA:15,0
DA:16,0
DA:18,2
DA:19,2
DA:21,2
DA:22,2
DA:23,2
DA:24,2
DA:25,2
DA:26,2
DA:27,2
DA:28,2
DA:29,2
DA:30,2
DA:31,2
DA:32,2
DA:33,2
DA:36,2
DA:37,2
DA:38,2
DA:39,2
DA:40,2
DA:43,0
DA:45,2
DA:46,2
DA:47,2
DA:48,2
DA:50,2
DA:56,2
DA:57,2
DA:59,2
DA:60,1
DA:62,0
DA:63,0
DA:66,2
DA:67,2
DA:68,2
DA:69,2
DA:70,2
DA:71,2
DA:72,2
DA:73,2
DA:74,2
DA:75,2
DA:76,2
DA:78,2
DA:80,2
DA:81,0
DA:82,0
DA:83,0
DA:89,0
DA:90,0
DA:110,0
DA:117,2
DA:118,0
DA:119,0
DA:120,0
DA:132,0
DA:139,2
DA:140,0
DA:162,2
DA:163,0
DA:170,2
DA:171,0
DA:172,0
DA:178,2
DA:180,1
DA:182,1
DA:183,1
DA:184,1
DA:185,1
DA:186,1
DA:187,1
DA:188,1
DA:192,2
DA:193,0
DA:194,0
DA:195,0
DA:196,0
DA:199,0
DA:200,0
DA:201,0
DA:202,0
DA:203,0
DA:206,2
LF:95
LH:67
BRDA:10,0,0,2
BRDA:10,0,1,0
BRDA:19,1,0,2
BRDA:19,1,1,0
BRDA:45,2,0,2
BRDA:45,2,1,0
BRDA:59,3,0,2
BRDA:59,3,1,0
BRDA:83,4,0,0
BRDA:83,4,1,0
BRDA:125,5,0,0
BRDA:125,5,1,0
BRDA:174,6,0,0
BRDA:174,6,1,0
BRDA:183,7,0,1
BRDA:183,7,1,0
BRDA:184,8,0,0
BRDA:184,8,1,1
BRDA:185,9,0,1
BRDA:185,9,1,0
BRDA:186,10,0,1
BRDA:186,10,1,0
BRDA:194,11,0,0
BRDA:194,11,1,0
BRF:24
BRH:8
end_of_record
TN:
SF:dist\config\email.js
FN:13,(anonymous_0)
FN:68,(anonymous_1)
FN:113,(anonymous_2)
FNF:3
FNH:0
FNDA:0,(anonymous_0)
FNDA:0,(anonymous_1)
FNDA:0,(anonymous_2)
DA:2,2
DA:4,2
DA:11,2
DA:14,0
DA:15,0
DA:16,0
DA:60,0
DA:63,0
DA:64,0
DA:69,0
DA:70,0
DA:105,0
DA:108,0
DA:109,0
DA:114,0
DA:115,0
DA:151,0
DA:154,0
DA:155,0
DA:159,2
LF:20
LH:4
BRDA:113,0,0,0
BRDA:138,1,0,0
BRDA:138,1,1,0
BRF:3
BRH:0
end_of_record
TN:
SF:dist\config\socket.js
FN:3,(anonymous_0)
FN:10,(anonymous_1)
FN:12,(anonymous_2)
FN:16,(anonymous_3)
FN:20,(anonymous_4)
FNF:5
FNH:1
FNDA:2,(anonymous_0)
FNDA:0,(anonymous_1)
FNDA:0,(anonymous_2)
FNDA:0,(anonymous_3)
FNDA:0,(anonymous_4)
DA:2,2
DA:3,2
DA:4,2
DA:10,2
DA:11,0
DA:12,0
DA:13,0
DA:14,0
DA:16,0
DA:17,0
DA:18,0
DA:20,0
DA:21,0
DA:24,2
DA:26,2
LF:15
LH:6
BRF:0
BRH:0
end_of_record
TN:
SF:dist\controllers\chatController.js
FN:52,classifyMessage
FN:61,(anonymous_1)
FN:68,(anonymous_2)
FN:70,(anonymous_3)
FN:97,(anonymous_4)
FN:104,(anonymous_5)
FN:110,(anonymous_6)
FN:123,generateQuickResponse
FN:139,createSmartPrompt
FN:185,(anonymous_9)
FN:203,cleanAIResponse
FN:218,(anonymous_11)
FN:233,callHuggingFaceAPI
FN:284,(anonymous_13)
FN:292,(anonymous_14)
FN:299,getAIResponse
FN:339,generateIntelligentFallback
FN:373,(anonymous_17)
FN:426,processUserMessage
FN:503,updateAvgResponseTime
FN:509,saveMessage
FN:529,streamText
FN:542,(anonymous_22)
FN:549,generateSuggestions
FN:575,attachSocket
FN:576,(anonymous_25)
FN:583,(anonymous_26)
FN:616,(anonymous_27)
FN:621,(anonymous_28)
FN:648,getStats
FNF:30
FNH:1
FNDA:0,classifyMessage
FNDA:0,(anonymous_1)
FNDA:0,(anonymous_2)
FNDA:0,(anonymous_3)
FNDA:0,(anonymous_4)
FNDA:0,(anonymous_5)
FNDA:0,(anonymous_6)
FNDA:0,generateQuickResponse
FNDA:0,createSmartPrompt
FNDA:0,(anonymous_9)
FNDA:0,cleanAIResponse
FNDA:0,(anonymous_11)
FNDA:0,callHuggingFaceAPI
FNDA:0,(anonymous_13)
FNDA:0,(anonymous_14)
FNDA:0,getAIResponse
FNDA:0,generateIntelligentFallback
FNDA:0,(anonymous_17)
FNDA:0,processUserMessage
FNDA:0,updateAvgResponseTime
FNDA:0,saveMessage
FNDA:0,streamText
FNDA:0,(anonymous_22)
FNDA:0,generateSuggestions
FNDA:2,attachSocket
FNDA:0,(anonymous_25)
FNDA:0,(anonymous_26)
FNDA:0,(anonymous_27)
FNDA:0,(anonymous_28)
FNDA:0,getStats
DA:2,2
DA:3,2
DA:4,2
DA:5,2
DA:6,2
DA:11,2
DA:12,2
DA:13,2
DA:23,2
DA:53,0
DA:54,0
DA:56,0
DA:61,0
DA:62,0
DA:68,0
DA:69,0
DA:70,0
DA:72,0
DA:73,0
DA:79,0
DA:85,0
DA:91,0
DA:97,0
DA:98,0
DA:104,0
DA:105,0
DA:110,0
DA:111,0
DA:117,0
DA:124,0
DA:132,0
DA:133,0
DA:134,0
DA:136,0
DA:140,0
DA:141,0
DA:143,0
DA:145,0
DA:147,0
DA:149,0
DA:152,0
DA:164,0
DA:167,0
DA:177,0
DA:179,0
DA:182,0
DA:183,0
DA:184,0
DA:185,0
DA:188,0
DA:204,0
DA:205,0
DA:206,0
DA:215,0
DA:216,0
DA:217,0
DA:218,0
DA:219,0
DA:220,0
DA:221,0
DA:222,0
DA:227,0
DA:228,0
DA:230,0
DA:234,0
DA:235,0
DA:237,0
DA:238,0
DA:239,0
DA:240,0
DA:262,0
DA:263,0
DA:264,0
DA:265,0
DA:267,0
DA:268,0
DA:270,0
DA:271,0
DA:273,0
DA:274,0
DA:275,0
DA:280,0
DA:281,0
DA:282,0
DA:283,0
DA:284,0
DA:287,0
DA:288,0
DA:289,0
DA:291,0
DA:292,0
DA:296,0
DA:300,0
DA:301,0
DA:302,0
DA:304,0
DA:305,0
DA:306,0
DA:307,0
DA:308,0
DA:309,0
DA:310,0
DA:311,0
DA:319,0
DA:320,0
DA:321,0
DA:322,0
DA:323,0
DA:324,0
DA:325,0
DA:326,0
DA:327,0
DA:328,0
DA:336,0
DA:340,0
DA:341,0
DA:342,0
DA:344,0
DA:346,0
DA:372,0
DA:373,0
DA:374,0
DA:381,0
DA:382,0
DA:393,0
DA:394,0
DA:404,0
DA:405,0
DA:417,0
DA:427,0
DA:428,0
DA:429,0
DA:435,0
DA:436,0
DA:438,0
DA:439,0
DA:440,0
DA:441,0
DA:448,0
DA:449,0
DA:450,0
DA:451,0
DA:452,0
DA:453,0
DA:454,0
DA:456,0
DA:459,0
DA:460,0
DA:461,0
DA:462,0
DA:463,0
DA:470,0
DA:471,0
DA:472,0
DA:473,0
DA:475,0
DA:476,0
DA:481,0
DA:484,0
DA:485,0
DA:486,0
DA:493,0
DA:494,0
DA:495,0
DA:504,0
DA:505,0
DA:506,0
DA:510,0
DA:511,0
DA:520,0
DA:521,0
DA:524,0
DA:525,0
DA:530,0
DA:531,0
DA:535,0
DA:537,0
DA:538,0
DA:539,0
DA:540,0
DA:541,0
DA:542,0
DA:545,0
DA:546,0
DA:550,0
DA:551,0
DA:554,0
DA:556,0
DA:559,0
DA:560,0
DA:562,0
DA:563,0
DA:565,0
DA:566,0
DA:568,0
DA:569,0
DA:572,0
DA:576,2
DA:577,0
DA:579,0
DA:583,0
DA:584,0
DA:585,0
DA:586,0
DA:587,0
DA:591,0
DA:593,0
DA:594,0
DA:595,0
DA:596,0
DA:597,0
DA:602,0
DA:603,0
DA:604,0
DA:605,0
DA:608,0
DA:609,0
DA:613,0
DA:616,0
DA:617,0
DA:621,2
DA:622,0
DA:623,0
DA:624,0
DA:625,0
DA:626,0
DA:627,0
DA:630,0
DA:631,0
DA:634,2
DA:635,2
DA:636,2
DA:637,2
DA:638,2
DA:640,2
DA:641,2
DA:644,0
DA:649,0
DA:650,0
DA:659,2
LF:240
LH:19
BRDA:61,0,0,0
BRDA:61,0,1,0
BRDA:61,1,0,0
BRDA:61,1,1,0
BRDA:69,2,0,0
BRDA:69,2,1,0
BRDA:72,3,0,0
BRDA:72,3,1,0
BRDA:72,4,0,0
BRDA:72,4,1,0
BRDA:72,4,2,0
BRDA:97,5,0,0
BRDA:97,5,1,0
BRDA:104,6,0,0
BRDA:104,6,1,0
BRDA:110,7,0,0
BRDA:110,7,1,0
BRDA:110,8,0,0
BRDA:110,8,1,0
BRDA:133,9,0,0
BRDA:133,9,1,0
BRDA:139,10,0,0
BRDA:141,11,0,0
BRDA:141,11,1,0
BRDA:141,11,2,0
BRDA:141,11,3,0
BRDA:141,11,4,0
BRDA:183,12,0,0
BRDA:183,12,1,0
BRDA:185,13,0,0
BRDA:185,13,1,0
BRDA:203,14,0,0
BRDA:204,15,0,0
BRDA:204,15,1,0
BRDA:215,16,0,0
BRDA:215,16,1,0
BRDA:215,17,0,0
BRDA:215,17,1,0
BRDA:219,18,0,0
BRDA:219,18,1,0
BRDA:221,19,0,0
BRDA:221,19,1,0
BRDA:227,20,0,0
BRDA:227,20,1,0
BRDA:227,21,0,0
BRDA:227,21,1,0
BRDA:233,22,0,0
BRDA:233,23,0,0
BRDA:234,24,0,0
BRDA:234,24,1,0
BRDA:262,25,0,0
BRDA:262,25,1,0
BRDA:262,26,0,0
BRDA:262,26,1,0
BRDA:264,27,0,0
BRDA:264,27,1,0
BRDA:265,28,0,0
BRDA:265,28,1,0
BRDA:267,29,0,0
BRDA:267,29,1,0
BRDA:270,30,0,0
BRDA:270,30,1,0
BRDA:273,31,0,0
BRDA:273,31,1,0
BRDA:273,32,0,0
BRDA:273,32,1,0
BRDA:281,33,0,0
BRDA:281,33,1,0
BRDA:283,34,0,0
BRDA:283,34,1,0
BRDA:287,35,0,0
BRDA:287,35,1,0
BRDA:291,36,0,0
BRDA:291,36,1,0
BRDA:299,37,0,0
BRDA:306,38,0,0
BRDA:306,38,1,0
BRDA:306,39,0,0
BRDA:306,39,1,0
BRDA:323,40,0,0
BRDA:323,40,1,0
BRDA:323,41,0,0
BRDA:323,41,1,0
BRDA:344,42,0,0
BRDA:344,42,1,0
BRDA:344,43,0,0
BRDA:344,43,1,0
BRDA:344,43,2,0
BRDA:344,43,3,0
BRDA:344,43,4,0
BRDA:344,43,5,0
BRDA:372,44,0,0
BRDA:372,44,1,0
BRDA:372,45,0,0
BRDA:372,45,1,0
BRDA:372,45,2,0
BRDA:372,45,3,0
BRDA:381,46,0,0
BRDA:381,46,1,0
BRDA:381,47,0,0
BRDA:381,47,1,0
BRDA:381,47,2,0
BRDA:393,48,0,0
BRDA:393,48,1,0
BRDA:393,49,0,0
BRDA:393,49,1,0
BRDA:393,49,2,0
BRDA:404,50,0,0
BRDA:404,50,1,0
BRDA:404,51,0,0
BRDA:404,51,1,0
BRDA:404,51,2,0
BRDA:426,52,0,0
BRDA:428,53,0,0
BRDA:428,53,1,0
BRDA:428,54,0,0
BRDA:428,54,1,0
BRDA:438,55,0,0
BRDA:438,55,1,0
BRDA:438,56,0,0
BRDA:438,56,1,0
BRDA:449,57,0,0
BRDA:449,57,1,0
BRDA:449,58,0,0
BRDA:449,58,1,0
BRDA:451,59,0,0
BRDA:451,59,1,0
BRDA:459,60,0,0
BRDA:459,60,1,0
BRDA:473,61,0,0
BRDA:473,61,1,0
BRDA:473,62,0,0
BRDA:473,62,1,0
BRDA:475,63,0,0
BRDA:475,63,1,0
BRDA:509,64,0,0
BRDA:529,65,0,0
BRDA:530,66,0,0
BRDA:530,66,1,0
BRDA:537,67,0,0
BRDA:537,67,1,0
BRDA:540,68,0,0
BRDA:540,68,1,0
BRDA:554,69,0,0
BRDA:554,69,1,0
BRDA:554,70,0,0
BRDA:554,70,1,0
BRDA:554,70,2,0
BRDA:554,70,3,0
BRDA:554,70,4,0
BRDA:559,71,0,0
BRDA:559,71,1,0
BRDA:559,72,0,0
BRDA:559,72,1,0
BRDA:559,72,2,0
BRDA:562,73,0,0
BRDA:562,73,1,0
BRDA:562,74,0,0
BRDA:562,74,1,0
BRDA:565,75,0,0
BRDA:565,75,1,0
BRDA:565,76,0,0
BRDA:565,76,1,0
BRDA:568,77,0,0
BRDA:568,77,1,0
BRDA:568,78,0,0
BRDA:568,78,1,0
BRDA:584,79,0,0
BRDA:584,80,0,0
BRDA:586,81,0,0
BRDA:586,81,1,0
BRDA:586,82,0,0
BRDA:586,82,1,0
BRDA:599,83,0,0
BRDA:599,83,1,0
BRDA:600,84,0,0
BRDA:600,84,1,0
BRDA:625,85,0,0
BRDA:625,85,1,0
BRDA:630,86,0,0
BRDA:630,86,1,0
BRDA:640,87,0,2
BRDA:640,87,1,0
BRDA:653,88,0,0
BRDA:653,88,1,0
BRDA:654,89,0,0
BRDA:654,89,1,0
BRDA:655,90,0,0
BRDA:655,90,1,0
BRDA:656,91,0,0
BRDA:656,91,1,0
BRF:191
BRH:1
end_of_record
TN:
SF:dist\controllers\contactController.js
FN:7,(anonymous_0)
FN:82,(anonymous_1)
FN:102,(anonymous_2)
FN:122,(anonymous_3)
FN:148,(anonymous_4)
FNF:5
FNH:0
FNDA:0,(anonymous_0)
FNDA:0,(anonymous_1)
FNDA:0,(anonymous_2)
FNDA:0,(anonymous_3)
FNDA:0,(anonymous_4)
DA:3,2
DA:7,2
DA:8,0
DA:9,0
DA:10,0
DA:12,0
DA:13,0
DA:19,0
DA:20,0
DA:21,0
DA:27,0
DA:35,0
DA:37,0
DA:38,0
DA:39,0
DA:55,0
DA:56,0
DA:58,0
DA:59,0
DA:72,0
DA:73,0
DA:82,2
DA:83,0
DA:84,0
DA:85,0
DA:92,0
DA:93,0
DA:102,2
DA:103,0
DA:104,0
DA:105,0
DA:112,0
DA:113,0
DA:122,2
DA:123,0
DA:124,0
DA:125,0
DA:126,0
DA:131,0
DA:138,0
DA:139,0
DA:148,2
DA:149,0
DA:150,0
DA:151,0
DA:152,0
DA:157,0
DA:163,0
DA:164,0
DA:170,2
LF:50
LH:7
BRDA:12,0,0,0
BRDA:12,0,1,0
BRDA:12,1,0,0
BRDA:12,1,1,0
BRDA:12,1,2,0
BRDA:20,2,0,0
BRDA:20,2,1,0
BRDA:30,3,0,0
BRDA:30,3,1,0
BRDA:38,4,0,0
BRDA:38,4,1,0
BRDA:49,5,0,0
BRDA:49,5,1,0
BRDA:125,6,0,0
BRDA:125,6,1,0
BRDA:151,7,0,0
BRDA:151,7,1,0
BRF:17
BRH:0
end_of_record
TN:
SF:dist\controllers\equipementController.js
FN:5,(anonymous_0)
FN:26,(anonymous_1)
FN:27,(anonymous_2)
FN:61,(anonymous_3)
FN:85,(anonymous_4)
FN:135,(anonymous_5)
FN:185,(anonymous_6)
FN:220,(anonymous_7)
FNF:8
FNH:0
FNDA:0,(anonymous_0)
FNDA:0,(anonymous_1)
FNDA:0,(anonymous_2)
FNDA:0,(anonymous_3)
FNDA:0,(anonymous_4)
FNDA:0,(anonymous_5)
FNDA:0,(anonymous_6)
FNDA:0,(anonymous_7)
DA:2,2
DA:3,2
DA:5,2
DA:6,0
DA:7,0
DA:8,0
DA:9,0
DA:14,0
DA:16,0
DA:17,0
DA:19,0
DA:23,0
DA:25,0
DA:26,0
DA:27,0
DA:28,0
DA:30,0
DA:32,0
DA:34,0
DA:35,0
DA:37,0
DA:39,0
DA:40,0
DA:41,0
DA:45,0
DA:46,0
DA:51,0
DA:52,0
DA:54,0
DA:58,0
DA:60,0
DA:61,0
DA:68,0
DA:76,0
DA:77,0
DA:85,2
DA:86,0
DA:87,0
DA:88,0
DA:89,0
DA:90,0
DA:93,0
DA:94,0
DA:100,0
DA:102,0
DA:107,0
DA:108,0
DA:113,0
DA:118,0
DA:120,0
DA:126,0
DA:127,0
DA:135,2
DA:136,0
DA:137,0
DA:138,0
DA:139,0
DA:145,0
DA:146,0
DA:147,0
DA:152,0
DA:161,0
DA:163,0
DA:164,0
DA:165,0
DA:170,0
DA:177,0
DA:178,0
DA:185,2
DA:186,0
DA:187,0
DA:188,0
DA:190,0
DA:191,0
DA:192,0
DA:194,0
DA:195,0
DA:200,0
DA:205,0
DA:212,0
DA:213,0
DA:220,2
DA:221,0
DA:222,0
DA:223,0
DA:224,0
DA:225,0
DA:230,0
DA:234,0
DA:240,0
DA:241,0
LF:91
LH:7
BRDA:16,0,0,0
BRDA:16,0,1,0
BRDA:32,1,0,0
BRDA:32,1,1,0
BRDA:32,2,0,0
BRDA:32,2,1,0
BRDA:37,3,0,0
BRDA:37,3,1,0
BRDA:39,4,0,0
BRDA:39,4,1,0
BRDA:60,5,0,0
BRDA:60,5,1,0
BRDA:93,6,0,0
BRDA:93,6,1,0
BRDA:100,7,0,0
BRDA:100,7,1,0
BRDA:107,8,0,0
BRDA:107,8,1,0
BRDA:138,9,0,0
BRDA:138,9,1,0
BRDA:138,10,0,0
BRDA:138,10,1,0
BRDA:138,10,2,0
BRDA:138,10,3,0
BRDA:146,11,0,0
BRDA:146,11,1,0
BRDA:155,12,0,0
BRDA:155,12,1,0
BRDA:156,13,0,0
BRDA:156,13,1,0
BRDA:194,14,0,0
BRDA:194,14,1,0
BRDA:224,15,0,0
BRDA:224,15,1,0
BRF:34
BRH:0
end_of_record
TN:
SF:dist\controllers\incidentController.js
FN:4,(anonymous_0)
FN:35,(anonymous_1)
FN:59,(anonymous_2)
FN:86,(anonymous_3)
FN:107,(anonymous_4)
FN:131,(anonymous_5)
FN:171,(anonymous_6)
FN:192,(anonymous_7)
FNF:8
FNH:0
FNDA:0,(anonymous_0)
FNDA:0,(anonymous_1)
FNDA:0,(anonymous_2)
FNDA:0,(anonymous_3)
FNDA:0,(anonymous_4)
FNDA:0,(anonymous_5)
FNDA:0,(anonymous_6)
FNDA:0,(anonymous_7)
DA:2,2
DA:4,2
DA:5,0
DA:6,0
DA:7,0
DA:13,0
DA:14,0
DA:15,0
DA:18,0
DA:23,0
DA:24,0
DA:30,0
DA:31,0
DA:35,2
DA:36,0
DA:37,0
DA:39,0
DA:40,0
DA:43,0
DA:47,0
DA:48,0
DA:52,0
DA:55,0
DA:59,2
DA:60,0
DA:61,0
DA:63,0
DA:64,0
DA:67,0
DA:68,0
DA:69,0
DA:73,0
DA:76,0
DA:82,0
DA:86,2
DA:87,0
DA:88,0
DA:90,0
DA:91,0
DA:94,0
DA:95,0
DA:96,0
DA:100,0
DA:103,0
DA:107,2
DA:108,0
DA:109,0
DA:111,0
DA:112,0
DA:115,0
DA:121,0
DA:127,0
DA:131,2
DA:132,0
DA:133,0
DA:135,0
DA:136,0
DA:139,0
DA:148,0
DA:149,0
DA:158,0
DA:167,0
DA:171,2
DA:172,0
DA:173,0
DA:177,0
DA:178,0
DA:179,0
DA:183,0
DA:189,0
DA:192,2
DA:193,0
DA:194,0
DA:195,0
DA:196,0
DA:198,0
DA:201,0
DA:202,0
DA:204,0
DA:210,0
DA:213,2
LF:81
LH:10
BRDA:13,0,0,0
BRDA:13,0,1,0
BRDA:13,1,0,0
BRDA:13,1,1,0
BRDA:39,2,0,0
BRDA:39,2,1,0
BRDA:39,3,0,0
BRDA:39,3,1,0
BRDA:47,4,0,0
BRDA:47,4,1,0
BRDA:63,5,0,0
BRDA:63,5,1,0
BRDA:63,6,0,0
BRDA:63,6,1,0
BRDA:68,7,0,0
BRDA:68,7,1,0
BRDA:90,8,0,0
BRDA:90,8,1,0
BRDA:90,9,0,0
BRDA:90,9,1,0
BRDA:95,10,0,0
BRDA:95,10,1,0
BRDA:111,11,0,0
BRDA:111,11,1,0
BRDA:111,12,0,0
BRDA:111,12,1,0
BRDA:135,13,0,0
BRDA:135,13,1,0
BRDA:135,14,0,0
BRDA:135,14,1,0
BRDA:175,15,0,0
BRDA:175,15,1,0
BRDA:195,16,0,0
BRDA:195,16,1,0
BRDA:201,17,0,0
BRDA:201,17,1,0
BRF:36
BRH:0
end_of_record
TN:
SF:dist\controllers\reportController.js
FN:7,(anonymous_0)
FN:154,(anonymous_1)
FN:198,(anonymous_2)
FN:315,(anonymous_3)
FN:370,(anonymous_4)
FN:392,(anonymous_5)
FN:400,(anonymous_6)
FNF:7
FNH:0
FNDA:0,(anonymous_0)
FNDA:0,(anonymous_1)
FNDA:0,(anonymous_2)
FNDA:0,(anonymous_3)
FNDA:0,(anonymous_4)
FNDA:0,(anonymous_5)
FNDA:0,(anonymous_6)
DA:2,2
DA:3,2
DA:4,2
DA:5,2
DA:6,2
DA:7,2
DA:8,0
DA:9,0
DA:10,0
DA:11,0
DA:13,0
DA:14,0
DA:15,0
DA:21,0
DA:22,0
DA:23,0
DA:24,0
DA:25,0
DA:31,0
DA:32,0
DA:33,0
DA:39,0
DA:40,0
DA:41,0
DA:46,0
DA:47,0
DA:49,0
DA:50,0
DA:51,0
DA:52,0
DA:53,0
DA:55,0
DA:58,0
DA:60,0
DA:61,0
DA:68,0
DA:71,0
DA:75,0
DA:76,0
DA:77,0
DA:79,0
DA:82,0
DA:84,0
DA:85,0
DA:91,0
DA:94,0
DA:97,0
DA:98,0
DA:99,0
DA:101,0
DA:104,0
DA:106,0
DA:107,0
DA:114,0
DA:117,0
DA:120,0
DA:122,0
DA:123,0
DA:131,0
DA:132,0
DA:133,0
DA:135,0
DA:138,0
DA:139,0
DA:146,0
DA:147,0
DA:149,0
DA:151,0
DA:152,0
DA:154,0
DA:155,0
DA:158,0
DA:161,0
DA:164,0
DA:165,0
DA:167,0
DA:168,0
DA:170,0
DA:171,0
DA:172,0
DA:173,0
DA:175,0
DA:179,0
DA:180,0
DA:181,0
DA:182,0
DA:184,0
DA:185,0
DA:187,0
DA:188,0
DA:189,0
DA:192,0
DA:193,0
DA:196,0
DA:197,0
DA:198,0
DA:200,0
DA:201,0
DA:203,0
DA:204,0
DA:205,0
DA:206,0
DA:208,0
DA:209,0
DA:210,0
DA:211,0
DA:212,0
DA:213,0
DA:216,0
DA:217,0
DA:218,0
DA:220,0
DA:221,0
DA:224,0
DA:225,0
DA:228,0
DA:229,0
DA:231,0
DA:232,0
DA:233,0
DA:234,0
DA:235,0
DA:236,0
DA:238,0
DA:239,0
DA:242,0
DA:243,0
DA:245,0
DA:246,0
DA:247,0
DA:248,0
DA:249,0
DA:250,0
DA:253,0
DA:254,0
DA:255,0
DA:257,0
DA:258,0
DA:261,0
DA:262,0
DA:265,0
DA:267,0
DA:272,0
DA:275,0
DA:279,0
DA:282,0
DA:283,0
DA:284,0
DA:285,0
DA:286,0
DA:289,0
DA:291,0
DA:292,0
DA:295,0
DA:296,0
DA:297,0
DA:298,0
DA:300,0
DA:301,0
DA:310,0
DA:315,2
DA:316,0
DA:317,0
DA:318,0
DA:320,0
DA:349,0
DA:350,0
DA:359,0
DA:360,0
DA:361,0
DA:370,2
DA:372,0
DA:374,0
DA:375,0
DA:377,0
DA:378,0
DA:380,0
DA:381,0
DA:383,0
DA:384,0
DA:386,0
DA:387,0
DA:389,0
DA:390,0
DA:392,2
DA:393,0
DA:398,0
DA:400,2
DA:401,0
DA:407,0
DA:410,2
LF:191
LH:11
BRDA:10,0,0,0
BRDA:10,0,1,0
BRDA:13,1,0,0
BRDA:13,1,1,0
BRDA:13,2,0,0
BRDA:13,2,1,0
BRDA:23,3,0,0
BRDA:23,3,1,0
BRDA:31,4,0,0
BRDA:31,4,1,0
BRDA:51,5,0,0
BRDA:51,5,1,0
BRDA:75,6,0,0
BRDA:75,6,1,0
BRDA:97,7,0,0
BRDA:97,7,1,0
BRDA:122,8,0,0
BRDA:122,8,1,0
BRDA:180,9,0,0
BRDA:180,9,1,0
BRDA:200,10,0,0
BRDA:200,10,1,0
BRDA:205,11,0,0
BRDA:205,11,1,0
BRDA:207,12,0,0
BRDA:207,12,1,0
BRDA:207,12,2,0
BRDA:209,13,0,0
BRDA:209,13,1,0
BRDA:209,13,2,0
BRDA:210,14,0,0
BRDA:210,14,1,0
BRDA:210,14,2,0
BRDA:211,15,0,0
BRDA:211,15,1,0
BRDA:213,16,0,0
BRDA:213,16,1,0
BRDA:216,17,0,0
BRDA:216,17,1,0
BRDA:217,18,0,0
BRDA:217,18,1,0
BRDA:217,19,0,0
BRDA:217,19,1,0
BRDA:218,20,0,0
BRDA:218,20,1,0
BRDA:220,21,0,0
BRDA:220,21,1,0
BRDA:224,22,0,0
BRDA:224,22,1,0
BRDA:228,23,0,0
BRDA:228,23,1,0
BRDA:230,24,0,0
BRDA:230,24,1,0
BRDA:230,24,2,0
BRDA:232,25,0,0
BRDA:232,25,1,0
BRDA:232,25,2,0
BRDA:233,26,0,0
BRDA:233,26,1,0
BRDA:234,27,0,0
BRDA:234,27,1,0
BRDA:234,27,2,0
BRDA:235,28,0,0
BRDA:235,28,1,0
BRDA:235,29,0,0
BRDA:235,29,1,0
BRDA:236,30,0,0
BRDA:236,30,1,0
BRDA:238,31,0,0
BRDA:238,31,1,0
BRDA:242,32,0,0
BRDA:242,32,1,0
BRDA:244,33,0,0
BRDA:244,33,1,0
BRDA:246,34,0,0
BRDA:246,34,1,0
BRDA:246,34,2,0
BRDA:247,35,0,0
BRDA:247,35,1,0
BRDA:248,36,0,0
BRDA:248,36,1,0
BRDA:250,37,0,0
BRDA:250,37,1,0
BRDA:253,38,0,0
BRDA:253,38,1,0
BRDA:254,39,0,0
BRDA:254,39,1,0
BRDA:254,40,0,0
BRDA:254,40,1,0
BRDA:255,41,0,0
BRDA:255,41,1,0
BRDA:257,42,0,0
BRDA:257,42,1,0
BRDA:261,43,0,0
BRDA:261,43,1,0
BRDA:300,44,0,0
BRDA:300,44,1,0
BRDA:305,45,0,0
BRDA:305,45,1,0
BRDA:317,46,0,0
BRDA:317,46,1,0
BRDA:372,47,0,0
BRDA:372,47,1,0
BRDA:372,47,2,0
BRDA:372,47,3,0
BRDA:372,47,4,0
BRDA:398,48,0,0
BRDA:398,48,1,0
BRDA:407,49,0,0
BRDA:407,49,1,0
BRF:110
BRH:0
end_of_record
TN:
SF:dist\controllers\userController.js
FN:11,(anonymous_0)
FN:23,(anonymous_1)
FN:41,(anonymous_2)
FN:55,(anonymous_3)
FN:73,(anonymous_4)
FN:87,(anonymous_5)
FN:108,(anonymous_6)
FN:121,(anonymous_7)
FN:138,(anonymous_8)
FN:241,(anonymous_9)
FN:327,(anonymous_10)
FN:386,(anonymous_11)
FN:450,(anonymous_12)
FN:474,(anonymous_13)
FN:498,(anonymous_14)
FN:525,(anonymous_15)
FN:565,(anonymous_16)
FN:599,(anonymous_17)
FN:657,(anonymous_18)
FN:702,(anonymous_19)
FN:734,(anonymous_20)
FN:783,(anonymous_21)
FN:836,(anonymous_22)
FN:841,(anonymous_23)
FN:842,(anonymous_24)
FN:843,(anonymous_25)
FNF:26
FNH:3
FNDA:2,(anonymous_0)
FNDA:2,(anonymous_1)
FNDA:0,(anonymous_2)
FNDA:0,(anonymous_3)
FNDA:0,(anonymous_4)
FNDA:0,(anonymous_5)
FNDA:0,(anonymous_6)
FNDA:0,(anonymous_7)
FNDA:0,(anonymous_8)
FNDA:2,(anonymous_9)
FNDA:0,(anonymous_10)
FNDA:0,(anonymous_11)
FNDA:0,(anonymous_12)
FNDA:0,(anonymous_13)
FNDA:0,(anonymous_14)
FNDA:0,(anonymous_15)
FNDA:0,(anonymous_16)
FNDA:0,(anonymous_17)
FNDA:0,(anonymous_18)
FNDA:0,(anonymous_19)
FNDA:0,(anonymous_20)
FNDA:0,(anonymous_21)
FNDA:0,(anonymous_22)
FNDA:0,(anonymous_23)
FNDA:0,(anonymous_24)
FNDA:0,(anonymous_25)
DA:2,2
DA:3,2
DA:4,2
DA:5,2
DA:6,2
DA:11,2
DA:12,2
DA:13,0
DA:18,2
DA:23,2
DA:24,2
DA:25,2
DA:26,2
DA:27,2
DA:28,2
DA:30,0
DA:31,0
DA:34,0
DA:35,0
DA:41,2
DA:42,0
DA:43,0
DA:44,0
DA:45,0
DA:48,0
DA:49,0
DA:55,2
DA:56,0
DA:57,0
DA:58,0
DA:59,0
DA:60,0
DA:61,0
DA:62,0
DA:65,0
DA:68,0
DA:73,2
DA:74,0
DA:75,0
DA:76,0
DA:82,0
DA:87,2
DA:88,0
DA:89,0
DA:95,0
DA:96,0
DA:97,0
DA:98,0
DA:101,0
DA:102,0
DA:108,2
DA:109,0
DA:110,0
DA:111,0
DA:112,0
DA:115,0
DA:121,2
DA:122,0
DA:138,2
DA:139,0
DA:140,0
DA:141,0
DA:143,0
DA:144,0
DA:150,0
DA:151,0
DA:157,0
DA:158,0
DA:164,0
DA:165,0
DA:166,0
DA:172,0
DA:173,0
DA:175,0
DA:186,0
DA:187,0
DA:189,0
DA:191,0
DA:192,0
DA:194,0
DA:202,0
DA:205,0
DA:208,0
DA:223,0
DA:225,0
DA:226,0
DA:231,0
DA:241,2
DA:242,2
DA:243,2
DA:244,2
DA:246,2
DA:247,2
DA:248,0
DA:249,0
DA:255,2
DA:256,2
DA:257,2
DA:258,2
DA:263,0
DA:265,0
DA:266,0
DA:267,0
DA:268,0
DA:269,0
DA:275,0
DA:276,0
DA:278,0
DA:279,0
DA:280,0
DA:287,0
DA:288,0
DA:289,0
DA:290,0
DA:297,0
DA:298,0
DA:300,0
DA:301,0
DA:309,0
DA:310,0
DA:321,2
DA:327,2
DA:328,0
DA:329,0
DA:330,0
DA:331,0
DA:332,0
DA:333,0
DA:334,0
DA:339,0
DA:340,0
DA:346,0
DA:347,0
DA:348,0
DA:349,0
DA:350,0
DA:351,0
DA:353,0
DA:354,0
DA:355,0
DA:358,0
DA:360,0
DA:361,0
DA:375,0
DA:376,0
DA:386,2
DA:387,0
DA:388,0
DA:389,0
DA:390,0
DA:391,0
DA:392,0
DA:397,0
DA:398,0
DA:399,0
DA:404,0
DA:405,0
DA:411,0
DA:412,0
DA:413,0
DA:414,0
DA:415,0
DA:416,0
DA:418,0
DA:419,0
DA:420,0
DA:423,0
DA:425,0
DA:426,0
DA:439,0
DA:440,0
DA:450,2
DA:451,0
DA:452,0
DA:455,0
DA:456,0
DA:463,0
DA:464,0
DA:474,2
DA:475,0
DA:476,0
DA:479,0
DA:480,0
DA:487,0
DA:488,0
DA:498,2
DA:499,0
DA:500,0
DA:502,0
DA:503,0
DA:508,0
DA:514,0
DA:515,0
DA:525,2
DA:526,0
DA:527,0
DA:529,0
DA:530,0
DA:535,0
DA:554,0
DA:555,0
DA:565,2
DA:566,0
DA:567,0
DA:568,0
DA:569,0
DA:577,0
DA:578,0
DA:583,0
DA:584,0
DA:591,0
DA:592,0
DA:599,2
DA:600,0
DA:601,0
DA:602,0
DA:604,0
DA:605,0
DA:611,0
DA:612,0
DA:613,0
DA:619,0
DA:620,0
DA:621,0
DA:622,0
DA:623,0
DA:630,0
DA:637,0
DA:638,0
DA:639,0
DA:646,0
DA:647,0
DA:657,2
DA:658,0
DA:659,0
DA:660,0
DA:661,0
DA:662,0
DA:667,0
DA:668,0
DA:669,0
DA:674,0
DA:675,0
DA:676,0
DA:681,0
DA:682,0
DA:683,0
DA:684,0
DA:690,0
DA:691,0
DA:702,2
DA:703,0
DA:704,0
DA:715,0
DA:716,0
DA:723,0
DA:724,0
DA:734,2
DA:735,0
DA:736,0
DA:737,0
DA:738,0
DA:743,0
DA:753,0
DA:754,0
DA:759,0
DA:760,0
DA:772,0
DA:773,0
DA:783,2
DA:784,0
DA:785,0
DA:786,0
DA:787,0
DA:792,0
DA:793,0
DA:794,0
DA:799,0
DA:809,0
DA:810,0
DA:811,0
DA:825,0
DA:826,0
DA:836,2
DA:837,0
DA:838,0
DA:839,0
DA:841,0
DA:842,0
DA:843,0
DA:845,0
DA:852,0
DA:853,0
DA:861,2
LF:294
LH:46
BRDA:12,0,0,0
BRDA:12,0,1,2
BRDA:12,1,0,2
BRDA:12,1,1,2
BRDA:26,2,0,2
BRDA:26,2,1,0
BRDA:56,3,0,0
BRDA:56,3,1,0
BRDA:74,4,0,0
BRDA:74,4,1,0
BRDA:96,5,0,0
BRDA:96,5,1,0
BRDA:143,6,0,0
BRDA:143,6,1,0
BRDA:143,7,0,0
BRDA:143,7,1,0
BRDA:143,7,2,0
BRDA:150,8,0,0
BRDA:150,8,1,0
BRDA:157,9,0,0
BRDA:157,9,1,0
BRDA:165,10,0,0
BRDA:165,10,1,0
BRDA:179,11,0,0
BRDA:179,11,1,0
BRDA:180,12,0,0
BRDA:180,12,1,0
BRDA:181,13,0,0
BRDA:181,13,1,0
BRDA:225,14,0,0
BRDA:225,14,1,0
BRDA:234,15,0,0
BRDA:234,15,1,0
BRDA:247,16,0,0
BRDA:247,16,1,2
BRDA:257,17,0,2
BRDA:257,17,1,0
BRDA:267,18,0,0
BRDA:267,18,1,0
BRDA:279,19,0,0
BRDA:279,19,1,0
BRDA:289,20,0,0
BRDA:289,20,1,0
BRDA:293,21,0,0
BRDA:293,21,1,0
BRDA:313,22,0,0
BRDA:313,22,1,0
BRDA:333,23,0,0
BRDA:333,23,1,0
BRDA:339,24,0,0
BRDA:339,24,1,0
BRDA:379,25,0,0
BRDA:379,25,1,0
BRDA:391,26,0,0
BRDA:391,26,1,0
BRDA:398,27,0,0
BRDA:398,27,1,0
BRDA:404,28,0,0
BRDA:404,28,1,0
BRDA:443,29,0,0
BRDA:443,29,1,0
BRDA:467,30,0,0
BRDA:467,30,1,0
BRDA:491,31,0,0
BRDA:491,31,1,0
BRDA:502,32,0,0
BRDA:502,32,1,0
BRDA:518,33,0,0
BRDA:518,33,1,0
BRDA:529,34,0,0
BRDA:529,34,1,0
BRDA:558,35,0,0
BRDA:558,35,1,0
BRDA:577,36,0,0
BRDA:577,36,1,0
BRDA:595,37,0,0
BRDA:595,37,1,0
BRDA:604,38,0,0
BRDA:604,38,1,0
BRDA:612,39,0,0
BRDA:612,39,1,0
BRDA:619,40,0,0
BRDA:619,40,1,0
BRDA:621,41,0,0
BRDA:621,41,1,0
BRDA:650,42,0,0
BRDA:650,42,1,0
BRDA:661,43,0,0
BRDA:661,43,1,0
BRDA:661,44,0,0
BRDA:661,44,1,0
BRDA:668,45,0,0
BRDA:668,45,1,0
BRDA:675,46,0,0
BRDA:675,46,1,0
BRDA:694,47,0,0
BRDA:694,47,1,0
BRDA:737,48,0,0
BRDA:737,48,1,0
BRDA:753,49,0,0
BRDA:753,49,1,0
BRDA:786,50,0,0
BRDA:786,50,1,0
BRDA:786,51,0,0
BRDA:786,51,1,0
BRDA:786,51,2,0
BRDA:793,52,0,0
BRDA:793,52,1,0
BRDA:805,53,0,0
BRDA:805,53,1,0
BRF:110
BRH:6
end_of_record
TN:
SF:dist\controllers\utilisateurController.js
FN:8,(anonymous_0)
FN:75,(anonymous_1)
FN:144,(anonymous_2)
FN:165,(anonymous_3)
FN:189,(anonymous_4)
FN:245,(anonymous_5)
FN:281,(anonymous_6)
FNF:7
FNH:0
FNDA:0,(anonymous_0)
FNDA:0,(anonymous_1)
FNDA:0,(anonymous_2)
FNDA:0,(anonymous_3)
FNDA:0,(anonymous_4)
FNDA:0,(anonymous_5)
FNDA:0,(anonymous_6)
DA:3,2
DA:4,2
DA:5,2
DA:6,2
DA:8,2
DA:9,0
DA:10,0
DA:11,0
DA:13,0
DA:14,0
DA:20,0
DA:21,0
DA:22,0
DA:28,0
DA:29,0
DA:30,0
DA:36,0
DA:37,0
DA:43,0
DA:44,0
DA:46,0
DA:53,0
DA:67,0
DA:68,0
DA:75,2
DA:76,0
DA:77,0
DA:78,0
DA:80,0
DA:81,0
DA:86,0
DA:87,0
DA:92,0
DA:93,0
DA:99,0
DA:100,0
DA:101,0
DA:107,0
DA:113,0
DA:115,0
DA:122,0
DA:136,0
DA:137,0
DA:144,2
DA:145,0
DA:146,0
DA:149,0
DA:156,0
DA:157,0
DA:165,2
DA:166,0
DA:167,0
DA:169,0
DA:170,0
DA:175,0
DA:181,0
DA:182,0
DA:189,2
DA:190,0
DA:191,0
DA:192,0
DA:194,0
DA:195,0
DA:200,0
DA:201,0
DA:207,0
DA:208,0
DA:209,0
DA:215,0
DA:222,0
DA:223,0
DA:237,0
DA:238,0
DA:245,2
DA:246,0
DA:247,0
DA:248,0
DA:249,0
DA:250,0
DA:251,0
DA:252,0
DA:253,0
DA:254,0
DA:255,0
DA:256,0
DA:257,0
DA:258,0
DA:259,0
DA:260,0
DA:261,0
DA:266,0
DA:273,0
DA:274,0
DA:281,2
DA:282,0
DA:283,0
DA:284,0
DA:285,0
DA:290,0
DA:296,0
DA:297,0
DA:303,2
LF:102
LH:12
BRDA:6,0,0,2
BRDA:6,0,1,2
BRDA:13,1,0,0
BRDA:13,1,1,0
BRDA:13,2,0,0
BRDA:13,2,1,0
BRDA:21,3,0,0
BRDA:21,3,1,0
BRDA:29,4,0,0
BRDA:29,4,1,0
BRDA:36,5,0,0
BRDA:36,5,1,0
BRDA:80,6,0,0
BRDA:80,6,1,0
BRDA:80,7,0,0
BRDA:80,7,1,0
BRDA:80,7,2,0
BRDA:80,7,3,0
BRDA:86,8,0,0
BRDA:86,8,1,0
BRDA:92,9,0,0
BRDA:92,9,1,0
BRDA:100,10,0,0
BRDA:100,10,1,0
BRDA:111,11,0,0
BRDA:111,11,1,0
BRDA:151,12,0,0
BRDA:151,12,1,0
BRDA:169,13,0,0
BRDA:169,13,1,0
BRDA:194,14,0,0
BRDA:194,14,1,0
BRDA:194,15,0,0
BRDA:194,15,1,0
BRDA:194,15,2,0
BRDA:200,16,0,0
BRDA:200,16,1,0
BRDA:208,17,0,0
BRDA:208,17,1,0
BRDA:219,18,0,0
BRDA:219,18,1,0
BRDA:220,19,0,0
BRDA:220,19,1,0
BRDA:249,20,0,0
BRDA:249,20,1,0
BRDA:251,21,0,0
BRDA:251,21,1,0
BRDA:253,22,0,0
BRDA:253,22,1,0
BRDA:255,23,0,0
BRDA:255,23,1,0
BRDA:257,24,0,0
BRDA:257,24,1,0
BRDA:260,25,0,0
BRDA:260,25,1,0
BRDA:284,26,0,0
BRDA:284,26,1,0
BRF:57
BRH:2
end_of_record
TN:
SF:dist\middleware\authMiddleware.js
FN:4,(anonymous_0)
FN:5,(anonymous_1)
FN:53,(anonymous_2)
FNF:3
FNH:2
FNDA:44,(anonymous_0)
FNDA:3,(anonymous_1)
FNDA:0,(anonymous_2)
DA:2,2
DA:3,2
DA:4,2
DA:5,44
DA:6,3
DA:7,3
DA:8,3
DA:9,3
DA:10,3
DA:11,3
DA:12,3
DA:15,0
DA:16,0
DA:17,0
DA:18,0
DA:19,0
DA:20,0
DA:21,0
DA:22,0
DA:23,0
DA:25,0
DA:32,0
DA:40,0
DA:41,0
DA:42,0
DA:43,0
DA:44,0
DA:48,0
DA:50,0
DA:51,0
DA:52,0
DA:53,0
DA:54,0
DA:59,0
DA:60,0
DA:64,0
DA:70,0
DA:73,0
DA:75,0
DA:76,0
DA:77,0
DA:80,0
DA:81,0
DA:82,0
DA:83,0
DA:85,0
DA:86,0
DA:88,0
DA:92,2
LF:49
LH:12
BRDA:9,0,0,0
BRDA:9,0,1,3
BRDA:10,1,0,3
BRDA:10,1,1,0
BRDA:15,2,0,0
BRDA:15,2,1,0
BRDA:21,3,0,0
BRDA:21,3,1,0
BRDA:41,4,0,0
BRDA:41,4,1,0
BRDA:42,5,0,0
BRDA:42,5,1,0
BRDA:50,6,0,0
BRDA:50,6,1,0
BRDA:52,7,0,0
BRDA:52,7,1,0
BRDA:59,8,0,0
BRDA:59,8,1,0
BRDA:82,9,0,0
BRDA:82,9,1,0
BRDA:85,10,0,0
BRDA:85,10,1,0
BRF:22
BRH:2
end_of_record
TN:
SF:dist\models\Admin.js
FN:34,(anonymous_0)
FNF:1
FNH:0
FNDA:0,(anonymous_0)
DA:2,2
DA:3,2
DA:4,2
DA:34,2
DA:35,0
DA:36,0
DA:37,0
DA:38,0
DA:40,2
LF:9
LH:5
BRDA:35,0,0,0
BRDA:35,0,1,0
BRF:2
BRH:0
end_of_record
TN:
SF:dist\models\Affectation.js
FNF:0
FNH:0
DA:2,2
DA:3,2
DA:10,2
LF:3
LH:3
BRDA:10,0,0,2
BRDA:10,0,1,2
BRF:2
BRH:2
end_of_record
TN:
SF:dist\models\Contact.js
FN:51,(anonymous_0)
FN:65,(anonymous_1)
FNF:2
FNH:0
FNDA:0,(anonymous_0)
FNDA:0,(anonymous_1)
DA:3,2
DA:4,2
DA:47,2
DA:48,2
DA:49,2
DA:51,2
DA:52,0
DA:65,2
DA:66,0
DA:67,0
DA:69,2
LF:11
LH:8
BRF:0
BRH:0
end_of_record
TN:
SF:dist\models\Equipement.js
FNF:0
FNH:0
DA:2,2
DA:3,2
DA:52,2
LF:3
LH:3
BRDA:52,0,0,2
BRDA:52,0,1,2
BRF:2
BRH:2
end_of_record
TN:
SF:dist\models\Incident.js
FN:65,(anonymous_0)
FN:75,(anonymous_1)
FNF:2
FNH:0
FNDA:0,(anonymous_0)
FNDA:0,(anonymous_1)
DA:3,2
DA:4,2
DA:61,2
DA:62,2
DA:63,2
DA:65,2
DA:66,0
DA:67,0
DA:69,0
DA:70,0
DA:72,0
DA:75,2
DA:76,0
DA:77,0
DA:79,0
DA:81,2
LF:16
LH:8
BRDA:66,0,0,0
BRDA:66,0,1,0
BRDA:66,1,0,0
BRDA:66,1,1,0
BRDA:69,2,0,0
BRDA:69,2,1,0
BRDA:76,3,0,0
BRDA:76,3,1,0
BRDA:81,4,0,2
BRDA:81,4,1,2
BRF:10
BRH:2
end_of_record
TN:
SF:dist\models\Message.js
FNF:0
FNH:0
DA:2,2
DA:3,2
DA:29,2
DA:30,2
LF:4
LH:4
BRF:0
BRH:0
end_of_record
TN:
SF:dist\models\User.js
FN:49,(anonymous_0)
FN:62,(anonymous_1)
FNF:2
FNH:0
FNDA:0,(anonymous_0)
FNDA:0,(anonymous_1)
DA:2,2
DA:3,2
DA:4,2
DA:49,2
DA:50,0
DA:51,0
DA:52,0
DA:53,0
DA:54,0
DA:55,0
DA:58,0
DA:62,2
DA:63,0
DA:65,2
LF:14
LH:6
BRDA:50,0,0,0
BRDA:50,0,1,0
BRF:2
BRH:0
end_of_record
TN:
SF:dist\models\maintenance.js
FNF:0
FNH:0
DA:2,2
DA:3,2
DA:16,2
DA:17,2
LF:4
LH:4
BRF:0
BRH:0
end_of_record
TN:
SF:dist\routes\adminRoutes.js
FN:25,(anonymous_0)
FN:26,(anonymous_1)
FN:27,(anonymous_2)
FN:34,(anonymous_3)
FN:93,(anonymous_4)
FN:134,(anonymous_5)
FN:189,(anonymous_6)
FN:240,(anonymous_7)
FN:268,(anonymous_8)
FN:330,(anonymous_9)
FN:362,(anonymous_10)
FN:386,(anonymous_11)
FNF:12
FNH:0
FNDA:0,(anonymous_0)
FNDA:0,(anonymous_1)
FNDA:0,(anonymous_2)
FNDA:0,(anonymous_3)
FNDA:0,(anonymous_4)
FNDA:0,(anonymous_5)
FNDA:0,(anonymous_6)
FNDA:0,(anonymous_7)
FNDA:0,(anonymous_8)
FNDA:0,(anonymous_9)
FNDA:0,(anonymous_10)
FNDA:0,(anonymous_11)
DA:2,2
DA:3,2
DA:4,2
DA:5,2
DA:7,2
DA:8,2
DA:11,0
DA:12,0
DA:15,2
DA:16,2
DA:19,0
DA:20,0
DA:22,2
DA:24,2
DA:25,0
DA:26,0
DA:27,0
DA:29,2
DA:34,2
DA:35,0
DA:36,0
DA:37,0
DA:42,0
DA:43,0
DA:44,0
DA:49,0
DA:50,0
DA:51,0
DA:56,0
DA:57,0
DA:58,0
DA:67,0
DA:68,0
DA:69,0
DA:81,0
DA:82,0
DA:93,2
DA:94,0
DA:95,0
DA:96,0
DA:101,0
DA:102,0
DA:103,0
DA:108,0
DA:123,0
DA:134,2
DA:135,0
DA:136,0
DA:137,0
DA:142,0
DA:143,0
DA:147,0
DA:148,0
DA:153,0
DA:154,0
DA:159,0
DA:160,0
DA:161,0
DA:162,0
DA:163,0
DA:164,0
DA:165,0
DA:177,0
DA:178,0
DA:189,2
DA:190,0
DA:191,0
DA:192,0
DA:197,0
DA:198,0
DA:199,0
DA:200,0
DA:201,0
DA:206,0
DA:207,0
DA:212,0
DA:213,0
DA:214,0
DA:215,0
DA:216,0
DA:217,0
DA:228,0
DA:229,0
DA:240,2
DA:241,0
DA:242,0
DA:243,0
DA:248,0
DA:250,0
DA:257,0
DA:268,2
DA:269,0
DA:270,0
DA:271,0
DA:276,0
DA:277,0
DA:278,0
DA:283,0
DA:284,0
DA:285,0
DA:290,0
DA:291,0
DA:297,0
DA:298,0
DA:299,0
DA:304,0
DA:305,0
DA:318,0
DA:319,0
DA:330,2
DA:331,0
DA:332,0
DA:333,0
DA:338,0
DA:339,0
DA:340,0
DA:345,0
DA:351,0
DA:362,2
DA:363,0
DA:364,0
DA:365,0
DA:370,0
DA:371,0
DA:378,0
DA:386,2
DA:387,0
DA:393,2
LF:128
LH:21
BRDA:29,0,0,2
BRDA:29,0,1,0
BRDA:36,1,0,0
BRDA:36,1,1,0
BRDA:43,2,0,0
BRDA:43,2,1,0
BRDA:43,3,0,0
BRDA:43,3,1,0
BRDA:43,3,2,0
BRDA:50,4,0,0
BRDA:50,4,1,0
BRDA:95,5,0,0
BRDA:95,5,1,0
BRDA:102,6,0,0
BRDA:102,6,1,0
BRDA:136,7,0,0
BRDA:136,7,1,0
BRDA:147,8,0,0
BRDA:147,8,1,0
BRDA:153,9,0,0
BRDA:153,9,1,0
BRDA:191,10,0,0
BRDA:191,10,1,0
BRDA:200,11,0,0
BRDA:200,11,1,0
BRDA:206,12,0,0
BRDA:206,12,1,0
BRDA:242,13,0,0
BRDA:242,13,1,0
BRDA:270,14,0,0
BRDA:270,14,1,0
BRDA:277,15,0,0
BRDA:277,15,1,0
BRDA:277,16,0,0
BRDA:277,16,1,0
BRDA:284,17,0,0
BRDA:284,17,1,0
BRDA:290,18,0,0
BRDA:290,18,1,0
BRDA:298,19,0,0
BRDA:298,19,1,0
BRDA:304,20,0,0
BRDA:304,20,1,0
BRDA:332,21,0,0
BRDA:332,21,1,0
BRDA:332,22,0,0
BRDA:332,22,1,0
BRDA:339,23,0,0
BRDA:339,23,1,0
BRDA:364,24,0,0
BRDA:364,24,1,0
BRDA:390,25,0,0
BRDA:390,25,1,0
BRF:53
BRH:1
end_of_record
TN:
SF:dist\routes\affectationRoutes.js
FN:6,(anonymous_0)
FN:24,(anonymous_1)
FN:36,(anonymous_2)
FN:48,(anonymous_3)
FNF:4
FNH:0
FNDA:0,(anonymous_0)
FNDA:0,(anonymous_1)
FNDA:0,(anonymous_2)
FNDA:0,(anonymous_3)
DA:2,2
DA:3,2
DA:4,2
DA:6,2
DA:7,0
DA:8,0
DA:9,0
DA:10,0
DA:11,0
DA:12,0
DA:13,0
DA:14,0
DA:17,0
DA:20,0
DA:24,2
DA:25,0
DA:26,0
DA:27,0
DA:28,0
DA:29,0
DA:32,0
DA:36,2
DA:37,0
DA:38,0
DA:39,0
DA:40,0
DA:41,0
DA:44,0
DA:48,2
DA:49,0
DA:50,0
DA:51,0
DA:52,0
DA:53,0
DA:56,0
DA:59,2
LF:36
LH:8
BRDA:9,0,0,0
BRDA:9,0,1,0
BRDA:11,1,0,0
BRDA:11,1,1,0
BRDA:39,2,0,0
BRDA:39,2,1,0
BRDA:51,3,0,0
BRDA:51,3,1,0
BRF:8
BRH:0
end_of_record
TN:
SF:dist\routes\chatRoutes.js
FN:6,(anonymous_0)
FN:28,(anonymous_1)
FN:89,(anonymous_2)
FN:104,(anonymous_3)
FN:127,(anonymous_4)
FN:147,(anonymous_5)
FN:165,(anonymous_6)
FN:168,(anonymous_7)
FN:191,(anonymous_8)
FN:220,(anonymous_9)
FN:247,(anonymous_10)
FN:271,(anonymous_11)
FN:276,(anonymous_12)
FNF:13
FNH:0
FNDA:0,(anonymous_0)
FNDA:0,(anonymous_1)
FNDA:0,(anonymous_2)
FNDA:0,(anonymous_3)
FNDA:0,(anonymous_4)
FNDA:0,(anonymous_5)
FNDA:0,(anonymous_6)
FNDA:0,(anonymous_7)
FNDA:0,(anonymous_8)
FNDA:0,(anonymous_9)
FNDA:0,(anonymous_10)
FNDA:0,(anonymous_11)
FNDA:0,(anonymous_12)
DA:2,2
DA:3,2
DA:4,2
DA:6,2
DA:7,0
DA:8,0
DA:9,0
DA:10,0
DA:15,0
DA:17,0
DA:22,0
DA:23,0
DA:24,0
DA:26,0
DA:27,0
DA:28,0
DA:29,0
DA:30,0
DA:33,0
DA:39,0
DA:48,0
DA:49,0
DA:50,0
DA:54,0
DA:63,0
DA:64,0
DA:69,0
DA:78,0
DA:79,0
DA:80,0
DA:89,2
DA:90,0
DA:91,0
DA:92,0
DA:93,0
DA:94,0
DA:100,0
DA:101,0
DA:104,0
DA:119,0
DA:120,0
DA:127,2
DA:128,0
DA:129,0
DA:130,0
DA:131,0
DA:132,0
DA:139,0
DA:140,0
DA:147,2
DA:148,0
DA:149,0
DA:150,0
DA:152,0
DA:165,0
DA:166,0
DA:168,0
DA:183,0
DA:184,0
DA:191,2
DA:192,0
DA:193,0
DA:194,0
DA:195,0
DA:196,0
DA:204,0
DA:213,0
DA:220,2
DA:221,0
DA:222,0
DA:223,0
DA:224,0
DA:229,0
DA:230,0
DA:231,0
DA:232,0
DA:240,0
DA:247,2
DA:248,0
DA:249,0
DA:250,0
DA:251,0
DA:256,0
DA:257,0
DA:264,0
DA:271,2
DA:272,0
DA:273,0
DA:274,0
DA:275,0
DA:276,0
DA:277,0
DA:296,0
DA:302,2
LF:94
LH:12
BRDA:8,0,0,0
BRDA:8,1,0,0
BRDA:9,2,0,0
BRDA:9,2,1,0
BRDA:9,3,0,0
BRDA:9,3,1,0
BRDA:15,4,0,0
BRDA:15,4,1,0
BRDA:23,5,0,0
BRDA:23,5,1,0
BRDA:26,6,0,0
BRDA:26,6,1,0
BRDA:26,7,0,0
BRDA:26,7,1,0
BRDA:29,8,0,0
BRDA:29,8,1,0
BRDA:29,9,0,0
BRDA:29,9,1,0
BRDA:29,9,2,0
BRDA:44,10,0,0
BRDA:44,10,1,0
BRDA:49,11,0,0
BRDA:49,11,1,0
BRDA:59,12,0,0
BRDA:59,12,1,0
BRDA:74,13,0,0
BRDA:74,13,1,0
BRDA:92,14,0,0
BRDA:92,15,0,0
BRDA:149,16,0,0
BRDA:149,17,0,0
BRDA:170,18,0,0
BRDA:170,18,1,0
BRDA:195,19,0,0
BRDA:195,19,1,0
BRDA:223,20,0,0
BRDA:223,20,1,0
BRDA:235,21,0,0
BRDA:235,21,1,0
BRDA:250,22,0,0
BRDA:250,22,1,0
BRDA:283,23,0,0
BRDA:283,23,1,0
BRF:43
BRH:0
end_of_record
TN:
SF:dist\routes\contacts.js
FN:6,(anonymous_0)
FNF:1
FNH:0
FNDA:0,(anonymous_0)
DA:2,2
DA:3,2
DA:4,2
DA:6,2
DA:7,0
DA:8,0
DA:11,2
DA:12,2
DA:13,2
DA:14,2
DA:15,2
DA:16,2
LF:12
LH:10
BRF:0
BRH:0
end_of_record
TN:
SF:dist\routes\dashboard.js
FN:9,(anonymous_0)
FN:29,(anonymous_1)
FN:56,(anonymous_2)
FN:113,(anonymous_3)
FN:154,(anonymous_4)
FNF:5
FNH:0
FNDA:0,(anonymous_0)
FNDA:0,(anonymous_1)
FNDA:0,(anonymous_2)
FNDA:0,(anonymous_3)
FNDA:0,(anonymous_4)
DA:2,2
DA:3,2
DA:4,2
DA:5,2
DA:6,2
DA:7,2
DA:9,2
DA:10,0
DA:11,0
DA:12,0
DA:14,0
DA:15,0
DA:17,0
DA:21,0
DA:29,0
DA:30,0
DA:32,0
DA:33,0
DA:35,0
DA:36,0
DA:38,0
DA:39,0
DA:41,0
DA:42,0
DA:44,0
DA:45,0
DA:47,0
DA:50,0
DA:54,0
DA:55,0
DA:56,0
DA:57,0
DA:58,0
DA:59,0
DA:60,0
DA:63,0
DA:69,0
DA:75,0
DA:76,0
DA:104,0
DA:105,0
DA:113,2
DA:114,0
DA:115,0
DA:116,0
DA:119,0
DA:139,0
DA:149,0
DA:150,0
DA:154,2
DA:155,0
DA:156,0
DA:157,0
DA:158,0
DA:167,0
DA:168,0
DA:171,2
LF:57
LH:10
BRDA:14,0,0,0
BRDA:14,0,1,0
BRDA:15,1,0,0
BRDA:15,1,1,0
BRDA:30,2,0,0
BRDA:30,2,1,0
BRDA:30,2,2,0
BRDA:30,2,3,0
BRDA:30,2,4,0
BRDA:57,3,0,0
BRDA:57,3,1,0
BRDA:59,4,0,0
BRDA:59,4,1,0
BRDA:75,5,0,0
BRDA:75,5,1,0
BRDA:88,6,0,0
BRDA:88,6,1,0
BRDA:108,7,0,0
BRDA:108,7,1,0
BRF:19
BRH:0
end_of_record
TN:
SF:dist\routes\equipementRoutes.js
FNF:0
FNH:0
DA:2,2
DA:3,2
DA:4,2
DA:5,2
DA:11,2
DA:13,2
DA:15,2
DA:17,2
DA:19,2
DA:20,2
LF:10
LH:10
BRF:0
BRH:0
end_of_record
TN:
SF:dist\routes\incidentRoutes.js
FNF:0
FNH:0
DA:2,2
DA:3,2
DA:4,2
DA:5,2
DA:7,2
DA:8,2
DA:9,2
DA:10,2
DA:11,2
DA:12,2
DA:13,2
DA:14,2
DA:15,2
LF:13
LH:13
BRF:0
BRH:0
end_of_record
TN:
SF:dist\routes\quickActions.js
FN:7,(anonymous_0)
FN:143,(anonymous_1)
FNF:2
FNH:0
FNDA:0,(anonymous_0)
FNDA:0,(anonymous_1)
DA:2,2
DA:3,2
DA:4,2
DA:5,2
DA:7,2
DA:8,0
DA:9,0
DA:10,0
DA:12,0
DA:13,0
DA:14,0
DA:22,0
DA:23,0
DA:32,0
DA:33,0
DA:34,0
DA:35,0
DA:37,0
DA:38,0
DA:132,0
DA:133,0
DA:143,2
DA:144,0
DA:145,0
DA:146,0
DA:147,0
DA:148,0
DA:149,0
DA:157,0
DA:158,0
DA:167,0
DA:168,0
DA:169,0
DA:170,0
DA:172,0
DA:173,0
DA:267,0
DA:268,0
DA:277,2
LF:39
LH:7
BRDA:13,0,0,0
BRDA:13,0,1,0
BRDA:22,1,0,0
BRDA:22,1,1,0
BRDA:148,2,0,0
BRDA:148,2,1,0
BRDA:157,3,0,0
BRDA:157,3,1,0
BRF:8
BRH:0
end_of_record
TN:
SF:dist\routes\reportRoutes.js
FN:10,(anonymous_0)
FN:17,(anonymous_1)
FNF:2
FNH:0
FNDA:0,(anonymous_0)
FNDA:0,(anonymous_1)
DA:3,2
DA:4,2
DA:5,2
DA:6,2
DA:8,2
DA:10,2
DA:11,0
DA:17,2
DA:18,0
DA:23,2
LF:10
LH:8
BRF:0
BRH:0
end_of_record
TN:
SF:dist\routes\userRoutes.js
FN:24,(anonymous_0)
FNF:1
FNH:0
FNDA:0,(anonymous_0)
DA:2,2
DA:3,2
DA:4,2
DA:6,2
DA:7,2
DA:8,2
DA:9,2
DA:10,2
DA:11,2
DA:12,2
DA:13,2
DA:14,2
DA:16,2
DA:17,2
DA:19,2
DA:20,2
DA:21,2
DA:22,2
DA:24,2
DA:25,0
DA:31,2
LF:21
LH:20
BRF:0
BRH:0
end_of_record
TN:
SF:dist\routes\utilisateurRoutes.js
FNF:0
FNH:0
DA:2,2
DA:3,2
DA:4,2
DA:6,2
DA:8,2
DA:10,2
DA:11,2
DA:15,2
DA:17,2
DA:19,2
DA:21,2
DA:23,2
DA:24,2
LF:13
LH:13
BRF:0
BRH:0
end_of_record
TN:
SF:dist\services\emailService.js
FN:8,(anonymous_0)
FN:30,(anonymous_1)
FN:42,(anonymous_2)
FN:390,(anonymous_3)
FN:435,(anonymous_4)
FN:476,(anonymous_5)
FN:519,(anonymous_6)
FN:555,(anonymous_7)
FNF:8
FNH:2
FNDA:2,(anonymous_0)
FNDA:1,(anonymous_1)
FNDA:0,(anonymous_2)
FNDA:0,(anonymous_3)
FNDA:0,(anonymous_4)
FNDA:0,(anonymous_5)
FNDA:0,(anonymous_6)
FNDA:0,(anonymous_7)
DA:3,2
DA:4,2
DA:5,2
DA:6,2
DA:8,2
DA:9,2
DA:10,2
DA:11,2
DA:19,0
DA:20,0
DA:29,2
DA:30,2
DA:31,1
DA:32,0
DA:35,1
DA:38,2
DA:43,0
DA:44,0
DA:45,0
DA:47,0
DA:48,0
DA:49,0
DA:50,0
DA:341,0
DA:342,0
DA:343,0
DA:344,0
DA:345,0
DA:346,0
DA:347,0
DA:348,0
DA:349,0
DA:350,0
DA:352,0
DA:362,0
DA:364,0
DA:365,0
DA:366,0
DA:367,0
DA:368,0
DA:369,0
DA:370,0
DA:371,0
DA:372,0
DA:373,0
DA:374,0
DA:375,0
DA:376,0
DA:377,0
DA:378,0
DA:379,0
DA:380,0
DA:381,0
DA:391,0
DA:392,0
DA:393,0
DA:423,0
DA:424,0
DA:425,0
DA:431,0
DA:432,0
DA:436,0
DA:437,0
DA:438,0
DA:464,0
DA:465,0
DA:466,0
DA:472,0
DA:473,0
DA:477,0
DA:478,0
DA:479,0
DA:507,0
DA:508,0
DA:509,0
DA:515,0
DA:516,0
DA:520,0
DA:521,0
DA:522,0
DA:543,0
DA:544,0
DA:545,0
DA:551,0
DA:552,0
DA:556,0
DA:557,0
DA:560,2
LF:88
LH:14
BRDA:5,0,0,2
BRDA:5,0,1,0
BRDA:6,1,0,2
BRDA:6,1,1,0
BRDA:9,2,0,2
BRDA:9,2,1,0
BRDA:9,3,0,2
BRDA:9,3,1,2
BRDA:31,4,0,0
BRDA:31,4,1,1
BRDA:51,5,0,0
BRDA:51,5,1,0
BRDA:235,6,0,0
BRDA:235,6,1,0
BRDA:242,7,0,0
BRDA:242,7,1,0
BRDA:250,8,0,0
BRDA:250,8,1,0
BRDA:349,9,0,0
BRDA:349,9,1,0
BRDA:349,10,0,0
BRDA:349,10,1,0
BRDA:371,11,0,0
BRDA:371,11,1,0
BRDA:372,12,0,0
BRDA:372,12,1,0
BRDA:394,13,0,0
BRDA:394,13,1,0
BRDA:439,14,0,0
BRDA:439,14,1,0
BRDA:480,15,0,0
BRDA:480,15,1,0
BRDA:523,16,0,0
BRDA:523,16,1,0
BRDA:537,17,0,0
BRDA:537,17,1,0
BRF:36
BRH:6
end_of_record
TN:
SF:middleware\authMiddleware.js
FN:4,(anonymous_0)
FN:5,(anonymous_1)
FN:65,(anonymous_2)
FNF:3
FNH:1
FNDA:50,(anonymous_0)
FNDA:0,(anonymous_1)
FNDA:0,(anonymous_2)
DA:1,2
DA:2,2
DA:4,2
DA:5,50
DA:6,0
DA:7,0
DA:9,0
DA:10,0
DA:12,0
DA:13,0
DA:14,0
DA:18,0
DA:19,0
DA:21,0
DA:22,0
DA:23,0
DA:25,0
DA:26,0
DA:27,0
DA:28,0
DA:31,0
DA:39,0
DA:48,0
DA:49,0
DA:51,0
DA:52,0
DA:53,0
DA:58,0
DA:61,0
DA:62,0
DA:64,0
DA:65,0
DA:67,0
DA:73,0
DA:74,0
DA:78,0
DA:85,0
DA:87,0
DA:90,0
DA:91,0
DA:92,0
DA:94,0
DA:95,0
DA:97,0
DA:98,0
DA:100,0
DA:101,0
DA:104,0
DA:109,2
LF:49
LH:5
BRDA:10,0,0,0
BRDA:10,0,1,0
BRDA:12,1,0,0
BRDA:12,1,1,0
BRDA:18,2,0,0
BRDA:18,2,1,0
BRDA:26,3,0,0
BRDA:26,3,1,0
BRDA:49,4,0,0
BRDA:49,4,1,0
BRDA:51,5,0,0
BRDA:51,5,1,0
BRDA:61,6,0,0
BRDA:61,6,1,0
BRDA:64,7,0,0
BRDA:64,7,1,0
BRDA:73,8,0,0
BRDA:73,8,1,0
BRDA:97,9,0,0
BRDA:97,9,1,0
BRDA:100,10,0,0
BRDA:100,10,1,0
BRF:22
BRH:0
end_of_record
TN:
SF:models\Admin.js
FN:35,(anonymous_0)
FNF:1
FNH:0
FNDA:0,(anonymous_0)
DA:1,2
DA:2,2
DA:4,2
DA:35,2
DA:36,0
DA:37,0
DA:38,0
DA:41,2
LF:8
LH:5
BRDA:36,0,0,0
BRDA:36,0,1,0
BRF:2
BRH:0
end_of_record
TN:
SF:models\Affectation.js
FNF:0
FNH:0
DA:1,2
DA:3,2
DA:11,2
LF:3
LH:3
BRDA:11,0,0,2
BRDA:11,0,1,2
BRF:2
BRH:2
end_of_record
TN:
SF:models\Contact.js
FN:53,(anonymous_0)
FN:68,(anonymous_1)
FNF:2
FNH:0
FNDA:0,(anonymous_0)
FNDA:0,(anonymous_1)
DA:2,2
DA:4,2
DA:48,2
DA:49,2
DA:50,2
DA:53,2
DA:54,0
DA:68,2
DA:69,0
DA:70,0
DA:73,2
LF:11
LH:8
BRF:0
BRH:0
end_of_record
TN:
SF:models\Equipement.js
FNF:0
FNH:0
DA:1,2
DA:3,2
DA:53,2
LF:3
LH:3
BRDA:53,0,0,2
BRDA:53,0,1,2
BRF:2
BRH:2
end_of_record
TN:
SF:models\Incident.js
FN:67,(anonymous_0)
FN:77,(anonymous_1)
FNF:2
FNH:0
FNDA:0,(anonymous_0)
FNDA:0,(anonymous_1)
DA:2,2
DA:4,2
DA:62,2
DA:63,2
DA:64,2
DA:67,2
DA:68,0
DA:69,0
DA:70,0
DA:71,0
DA:73,0
DA:77,2
DA:78,0
DA:79,0
DA:81,0
DA:84,2
LF:16
LH:8
BRDA:68,0,0,0
BRDA:68,0,1,0
BRDA:68,1,0,0
BRDA:68,1,1,0
BRDA:70,2,0,0
BRDA:70,2,1,0
BRDA:78,3,0,0
BRDA:78,3,1,0
BRDA:84,4,0,2
BRDA:84,4,1,2
BRF:10
BRH:2
end_of_record
TN:
SF:models\Message.js
FNF:0
FNH:0
DA:1,2
DA:3,2
DA:30,2
DA:32,2
LF:4
LH:4
BRF:0
BRH:0
end_of_record
TN:
SF:models\User.js
FN:50,(anonymous_0)
FN:63,(anonymous_1)
FNF:2
FNH:0
FNDA:0,(anonymous_0)
FNDA:0,(anonymous_1)
DA:1,2
DA:2,2
DA:4,2
DA:50,2
DA:51,0
DA:53,0
DA:54,0
DA:55,0
DA:56,0
DA:58,0
DA:63,2
DA:64,0
DA:67,2
LF:13
LH:6
BRDA:51,0,0,0
BRDA:51,0,1,0
BRF:2
BRH:0
end_of_record
TN:
SF:models\maintenance.js
FNF:0
FNH:0
DA:1,2
DA:3,2
DA:17,2
DA:19,2
LF:4
LH:4
BRF:0
BRH:0
end_of_record
TN:
SF:routes\adminRoutes.js
FN:26,(anonymous_0)
FN:27,(anonymous_1)
FN:28,(anonymous_2)
FN:37,(anonymous_3)
FN:105,(anonymous_4)
FN:150,(anonymous_5)
FN:214,(anonymous_6)
FN:274,(anonymous_7)
FN:305,(anonymous_8)
FN:380,(anonymous_9)
FN:415,(anonymous_10)
FN:441,(anonymous_11)
FNF:12
FNH:0
FNDA:0,(anonymous_0)
FNDA:0,(anonymous_1)
FNDA:0,(anonymous_2)
FNDA:0,(anonymous_3)
FNDA:0,(anonymous_4)
FNDA:0,(anonymous_5)
FNDA:0,(anonymous_6)
FNDA:0,(anonymous_7)
FNDA:0,(anonymous_8)
FNDA:0,(anonymous_9)
FNDA:0,(anonymous_10)
FNDA:0,(anonymous_11)
DA:1,2
DA:2,2
DA:3,2
DA:4,2
DA:7,2
DA:8,2
DA:10,0
DA:11,0
DA:15,2
DA:16,2
DA:18,0
DA:19,0
DA:22,2
DA:25,2
DA:26,0
DA:27,0
DA:28,0
DA:31,2
DA:37,2
DA:38,0
DA:39,0
DA:40,0
DA:46,0
DA:48,0
DA:49,0
DA:55,0
DA:56,0
DA:57,0
DA:63,0
DA:64,0
DA:66,0
DA:76,0
DA:78,0
DA:80,0
DA:92,0
DA:93,0
DA:105,2
DA:106,0
DA:107,0
DA:108,0
DA:114,0
DA:116,0
DA:117,0
DA:123,0
DA:138,0
DA:150,2
DA:151,0
DA:152,0
DA:153,0
DA:159,0
DA:161,0
DA:166,0
DA:167,0
DA:173,0
DA:174,0
DA:180,0
DA:181,0
DA:182,0
DA:183,0
DA:185,0
DA:187,0
DA:189,0
DA:201,0
DA:202,0
DA:214,2
DA:215,0
DA:216,0
DA:217,0
DA:223,0
DA:224,0
DA:226,0
DA:228,0
DA:229,0
DA:235,0
DA:236,0
DA:242,0
DA:243,0
DA:244,0
DA:246,0
DA:248,0
DA:250,0
DA:261,0
DA:262,0
DA:274,2
DA:275,0
DA:276,0
DA:277,0
DA:283,0
DA:286,0
DA:293,0
DA:305,2
DA:306,0
DA:307,0
DA:308,0
DA:314,0
DA:316,0
DA:317,0
DA:323,0
DA:325,0
DA:326,0
DA:332,0
DA:333,0
DA:340,0
DA:341,0
DA:342,0
DA:348,0
DA:354,0
DA:367,0
DA:368,0
DA:380,2
DA:381,0
DA:382,0
DA:383,0
DA:389,0
DA:391,0
DA:392,0
DA:398,0
DA:403,0
DA:415,2
DA:416,0
DA:417,0
DA:418,0
DA:424,0
DA:426,0
DA:432,0
DA:441,2
DA:442,0
DA:449,2
LF:128
LH:21
BRDA:31,0,0,2
BRDA:31,0,1,0
BRDA:39,1,0,0
BRDA:39,1,1,0
BRDA:48,2,0,0
BRDA:48,2,1,0
BRDA:48,3,0,0
BRDA:48,3,1,0
BRDA:48,3,2,0
BRDA:56,4,0,0
BRDA:56,4,1,0
BRDA:107,5,0,0
BRDA:107,5,1,0
BRDA:116,6,0,0
BRDA:116,6,1,0
BRDA:152,7,0,0
BRDA:152,7,1,0
BRDA:166,8,0,0
BRDA:166,8,1,0
BRDA:173,9,0,0
BRDA:173,9,1,0
BRDA:216,10,0,0
BRDA:216,10,1,0
BRDA:228,11,0,0
BRDA:228,11,1,0
BRDA:235,12,0,0
BRDA:235,12,1,0
BRDA:276,13,0,0
BRDA:276,13,1,0
BRDA:307,14,0,0
BRDA:307,14,1,0
BRDA:316,15,0,0
BRDA:316,15,1,0
BRDA:316,16,0,0
BRDA:316,16,1,0
BRDA:325,17,0,0
BRDA:325,17,1,0
BRDA:332,18,0,0
BRDA:332,18,1,0
BRDA:341,19,0,0
BRDA:341,19,1,0
BRDA:350,20,0,0
BRDA:350,20,1,0
BRDA:382,21,0,0
BRDA:382,21,1,0
BRDA:382,22,0,0
BRDA:382,22,1,0
BRDA:391,23,0,0
BRDA:391,23,1,0
BRDA:417,24,0,0
BRDA:417,24,1,0
BRDA:445,25,0,0
BRDA:445,25,1,0
BRF:53
BRH:1
end_of_record
TN:
SF:routes\affectationRoutes.js
FN:6,(anonymous_0)
FN:23,(anonymous_1)
FN:36,(anonymous_2)
FN:47,(anonymous_3)
FNF:4
FNH:0
FNDA:0,(anonymous_0)
FNDA:0,(anonymous_1)
FNDA:0,(anonymous_2)
FNDA:0,(anonymous_3)
DA:1,2
DA:2,2
DA:3,2
DA:6,2
DA:7,0
DA:8,0
DA:9,0
DA:10,0
DA:12,0
DA:13,0
DA:16,0
DA:18,0
DA:23,2
DA:24,0
DA:25,0
DA:27,0
DA:28,0
DA:29,0
DA:31,0
DA:36,2
DA:37,0
DA:38,0
DA:39,0
DA:40,0
DA:42,0
DA:47,2
DA:48,0
DA:49,0
DA:50,0
DA:51,0
DA:53,0
DA:57,2
LF:32
LH:8
BRDA:9,0,0,0
BRDA:9,0,1,0
BRDA:10,1,0,0
BRDA:10,1,1,0
BRDA:39,2,0,0
BRDA:39,2,1,0
BRDA:50,3,0,0
BRDA:50,3,1,0
BRF:8
BRH:0
end_of_record
TN:
SF:routes\chatRoutes.js
FN:12,(anonymous_0)
FN:39,(anonymous_1)
FN:112,(anonymous_2)
FN:131,(anonymous_3)
FN:155,(anonymous_4)
FN:178,(anonymous_5)
FN:198,(anonymous_6)
FN:202,(anonymous_7)
FN:226,(anonymous_8)
FN:255,(anonymous_9)
FN:286,(anonymous_10)
FN:314,(anonymous_11)
FN:320,(anonymous_12)
FNF:13
FNH:0
FNDA:0,(anonymous_0)
FNDA:0,(anonymous_1)
FNDA:0,(anonymous_2)
FNDA:0,(anonymous_3)
FNDA:0,(anonymous_4)
FNDA:0,(anonymous_5)
FNDA:0,(anonymous_6)
FNDA:0,(anonymous_7)
FNDA:0,(anonymous_8)
FNDA:0,(anonymous_9)
FNDA:0,(anonymous_10)
FNDA:0,(anonymous_11)
FNDA:0,(anonymous_12)
DA:1,2
DA:2,2
DA:9,2
DA:12,2
DA:13,0
DA:14,0
DA:16,0
DA:17,0
DA:23,0
DA:26,0
DA:32,0
DA:33,0
DA:34,0
DA:37,0
DA:38,0
DA:39,0
DA:41,0
DA:42,0
DA:46,0
DA:53,0
DA:63,0
DA:65,0
DA:66,0
DA:71,0
DA:81,0
DA:83,0
DA:89,0
DA:98,0
DA:100,0
DA:102,0
DA:112,2
DA:113,0
DA:114,0
DA:115,0
DA:117,0
DA:119,0
DA:126,0
DA:128,0
DA:131,0
DA:146,0
DA:147,0
DA:155,2
DA:156,0
DA:157,0
DA:158,0
DA:160,0
DA:162,0
DA:169,0
DA:170,0
DA:178,2
DA:179,0
DA:180,0
DA:181,0
DA:184,0
DA:198,0
DA:200,0
DA:202,0
DA:217,0
DA:218,0
DA:226,2
DA:227,0
DA:228,0
DA:229,0
DA:231,0
DA:232,0
DA:239,0
DA:247,0
DA:255,2
DA:256,0
DA:257,0
DA:259,0
DA:260,0
DA:266,0
DA:267,0
DA:268,0
DA:270,0
DA:278,0
DA:286,2
DA:287,0
DA:288,0
DA:290,0
DA:291,0
DA:297,0
DA:299,0
DA:306,0
DA:314,2
DA:315,0
DA:316,0
DA:317,0
DA:319,0
DA:320,0
DA:322,0
DA:341,0
DA:348,2
LF:94
LH:12
BRDA:14,0,0,0
BRDA:14,1,0,0
BRDA:16,2,0,0
BRDA:16,2,1,0
BRDA:16,3,0,0
BRDA:16,3,1,0
BRDA:23,4,0,0
BRDA:23,4,1,0
BRDA:33,5,0,0
BRDA:33,5,1,0
BRDA:37,6,0,0
BRDA:37,6,1,0
BRDA:37,7,0,0
BRDA:37,7,1,0
BRDA:41,8,0,0
BRDA:41,8,1,0
BRDA:41,9,0,0
BRDA:41,9,1,0
BRDA:41,9,2,0
BRDA:58,10,0,0
BRDA:58,10,1,0
BRDA:65,11,0,0
BRDA:65,11,1,0
BRDA:76,12,0,0
BRDA:76,12,1,0
BRDA:94,13,0,0
BRDA:94,13,1,0
BRDA:115,14,0,0
BRDA:115,15,0,0
BRDA:180,16,0,0
BRDA:180,17,0,0
BRDA:204,18,0,0
BRDA:204,18,1,0
BRDA:231,19,0,0
BRDA:231,19,1,0
BRDA:259,20,0,0
BRDA:259,20,1,0
BRDA:273,21,0,0
BRDA:273,21,1,0
BRDA:290,22,0,0
BRDA:290,22,1,0
BRDA:328,23,0,0
BRDA:328,23,1,0
BRF:43
BRH:0
end_of_record
TN:
SF:routes\contacts.js
FN:6,(anonymous_0)
FNF:1
FNH:0
FNDA:0,(anonymous_0)
DA:1,2
DA:2,2
DA:3,2
DA:6,2
DA:7,0
DA:8,0
DA:12,2
DA:13,2
DA:14,2
DA:15,2
DA:16,2
DA:18,2
LF:12
LH:10
BRF:0
BRH:0
end_of_record
TN:
SF:routes\dashboard.js
FN:9,(anonymous_0)
FN:33,(anonymous_1)
FN:52,(anonymous_2)
FN:112,(anonymous_3)
FN:156,(anonymous_4)
FNF:5
FNH:0
FNDA:0,(anonymous_0)
FNDA:0,(anonymous_1)
FNDA:0,(anonymous_2)
FNDA:0,(anonymous_3)
FNDA:0,(anonymous_4)
DA:1,2
DA:2,2
DA:3,2
DA:4,2
DA:5,2
DA:6,2
DA:9,2
DA:10,0
DA:11,0
DA:12,0
DA:15,0
DA:16,0
DA:19,0
DA:24,0
DA:33,0
DA:34,0
DA:35,0
DA:36,0
DA:37,0
DA:38,0
DA:39,0
DA:41,0
DA:45,0
DA:50,0
DA:51,0
DA:52,0
DA:53,0
DA:54,0
DA:58,0
DA:65,0
DA:72,0
DA:74,0
DA:102,0
DA:103,0
DA:112,2
DA:113,0
DA:114,0
DA:116,0
DA:120,0
DA:141,0
DA:150,0
DA:151,0
DA:156,2
DA:157,0
DA:158,0
DA:159,0
DA:161,0
DA:169,0
DA:170,0
DA:174,2
LF:50
LH:10
BRDA:15,0,0,0
BRDA:15,0,1,0
BRDA:16,1,0,0
BRDA:16,1,1,0
BRDA:34,2,0,0
BRDA:34,2,1,0
BRDA:34,2,2,0
BRDA:34,2,3,0
BRDA:34,2,4,0
BRDA:53,3,0,0
BRDA:53,3,1,0
BRDA:54,4,0,0
BRDA:54,4,1,0
BRDA:72,5,0,0
BRDA:72,5,1,0
BRDA:86,6,0,0
BRDA:86,6,1,0
BRDA:106,7,0,0
BRDA:106,7,1,0
BRF:19
BRH:0
end_of_record
TN:
SF:routes\equipementRoutes.js
FNF:0
FNH:0
DA:1,2
DA:2,2
DA:3,2
DA:11,2
DA:19,2
DA:22,2
DA:25,2
DA:28,2
DA:31,2
DA:33,2
LF:10
LH:10
BRF:0
BRH:0
end_of_record
TN:
SF:routes\incidentRoutes.js
FNF:0
FNH:0
DA:1,2
DA:2,2
DA:12,2
DA:13,2
DA:16,2
DA:17,2
DA:18,2
DA:19,2
DA:20,2
DA:21,2
DA:22,2
DA:23,2
DA:25,2
LF:13
LH:13
BRF:0
BRH:0
end_of_record
TN:
SF:routes\quickActions.js
FN:7,(anonymous_0)
FN:152,(anonymous_1)
FNF:2
FNH:0
FNDA:0,(anonymous_0)
FNDA:0,(anonymous_1)
DA:1,2
DA:2,2
DA:3,2
DA:4,2
DA:7,2
DA:8,0
DA:9,0
DA:11,0
DA:14,0
DA:16,0
DA:17,0
DA:26,0
DA:27,0
DA:37,0
DA:38,0
DA:39,0
DA:41,0
DA:44,0
DA:46,0
DA:140,0
DA:141,0
DA:152,2
DA:153,0
DA:154,0
DA:156,0
DA:158,0
DA:160,0
DA:161,0
DA:170,0
DA:171,0
DA:181,0
DA:182,0
DA:183,0
DA:185,0
DA:188,0
DA:190,0
DA:284,0
DA:285,0
DA:295,2
LF:39
LH:7
BRDA:16,0,0,0
BRDA:16,0,1,0
BRDA:26,1,0,0
BRDA:26,1,1,0
BRDA:160,2,0,0
BRDA:160,2,1,0
BRDA:170,3,0,0
BRDA:170,3,1,0
BRF:8
BRH:0
end_of_record
TN:
SF:routes\reportRoutes.js
FN:11,(anonymous_0)
FN:19,(anonymous_1)
FNF:2
FNH:0
FNDA:0,(anonymous_0)
FNDA:0,(anonymous_1)
DA:2,2
DA:3,2
DA:4,2
DA:5,2
DA:8,2
DA:11,2
DA:12,0
DA:19,2
DA:20,0
DA:26,2
LF:10
LH:8
BRF:0
BRH:0
end_of_record
TN:
SF:routes\userRoutes.js
FN:27,(anonymous_0)
FNF:1
FNH:0
FNDA:0,(anonymous_0)
DA:1,2
DA:2,2
DA:3,2
DA:6,2
DA:7,2
DA:8,2
DA:9,2
DA:10,2
DA:11,2
DA:12,2
DA:13,2
DA:14,2
DA:17,2
DA:18,2
DA:21,2
DA:22,2
DA:23,2
DA:24,2
DA:27,2
DA:28,0
DA:35,2
LF:21
LH:20
BRF:0
BRH:0
end_of_record
TN:
SF:routes\utilisateurRoutes.js
FN:46,(anonymous_0)
FN:115,(anonymous_1)
FN:140,(anonymous_2)
FN:151,(anonymous_3)
FN:165,(anonymous_4)
FN:175,(anonymous_5)
FN:200,(anonymous_6)
FN:224,(anonymous_7)
FN:231,(anonymous_8)
FN:272,(anonymous_9)
FN:319,(anonymous_10)
FN:340,(anonymous_11)
FNF:12
FNH:0
FNDA:0,(anonymous_0)
FNDA:0,(anonymous_1)
FNDA:0,(anonymous_2)
FNDA:0,(anonymous_3)
FNDA:0,(anonymous_4)
FNDA:0,(anonymous_5)
FNDA:0,(anonymous_6)
FNDA:0,(anonymous_7)
FNDA:0,(anonymous_8)
FNDA:0,(anonymous_9)
FNDA:0,(anonymous_10)
FNDA:0,(anonymous_11)
DA:1,2
DA:2,2
DA:3,2
DA:7,2
DA:17,2
DA:20,2
DA:21,2
DA:27,2
DA:30,2
DA:33,2
DA:36,2
DA:39,2
DA:41,2
DA:46,2
DA:47,0
DA:48,0
DA:49,0
DA:50,0
DA:51,0
DA:53,0
DA:55,0
DA:56,0
DA:57,0
DA:59,0
DA:60,0
DA:63,0
DA:64,0
DA:66,0
DA:67,0
DA:70,0
DA:83,0
DA:84,0
DA:85,0
DA:86,0
DA:87,0
DA:88,0
DA:90,0
DA:93,0
DA:95,0
DA:96,0
DA:97,0
DA:106,0
DA:108,0
DA:109,0
DA:111,0
DA:113,0
DA:114,0
DA:115,0
DA:116,0
DA:117,0
DA:118,0
DA:119,0
DA:120,0
DA:121,0
DA:122,0
DA:129,0
DA:132,0
DA:133,0
DA:136,0
DA:137,0
DA:140,0
DA:141,0
DA:142,0
DA:143,0
DA:145,0
DA:147,0
DA:151,0
DA:163,0
DA:165,0
DA:166,0
DA:167,0
DA:168,0
DA:171,0
DA:173,0
DA:175,0
DA:186,0
DA:188,0
DA:196,0
DA:198,0
DA:200,0
DA:212,0
DA:213,0
DA:215,0
DA:223,0
DA:224,0
DA:225,0
DA:226,0
DA:227,0
DA:231,0
DA:241,0
DA:242,0
DA:243,0
DA:245,0
DA:247,0
DA:255,0
DA:256,0
DA:258,0
DA:261,0
DA:262,0
DA:272,2
DA:273,0
DA:274,0
DA:275,0
DA:276,0
DA:277,0
DA:278,0
DA:280,0
DA:281,0
DA:283,0
DA:284,0
DA:285,0
DA:288,0
DA:290,0
DA:293,0
DA:297,0
DA:298,0
DA:306,0
DA:314,0
DA:315,0
DA:319,0
DA:324,0
DA:326,0
DA:327,0
DA:334,0
DA:340,0
DA:343,0
DA:345,0
DA:348,0
DA:349,0
DA:354,2
LF:130
LH:16
BRDA:59,0,0,0
BRDA:59,0,1,0
BRDA:66,1,0,0
BRDA:66,1,1,0
BRDA:95,2,0,0
BRDA:95,2,1,0
BRDA:113,3,0,0
BRDA:113,3,1,0
BRDA:121,4,0,0
BRDA:121,4,1,0
BRDA:122,5,0,0
BRDA:122,5,1,0
BRDA:141,6,0,0
BRDA:141,6,1,0
BRDA:166,7,0,0
BRDA:166,7,1,0
BRDA:212,8,0,0
BRDA:212,8,1,0
BRDA:226,9,0,0
BRDA:226,9,1,0
BRDA:250,10,0,0
BRDA:250,10,1,0
BRDA:284,11,0,0
BRDA:284,11,1,0
BRDA:297,12,0,0
BRDA:297,12,1,0
BRDA:314,13,0,0
BRDA:314,13,1,0
BRDA:326,14,0,0
BRDA:326,14,1,0
BRDA:338,15,0,0
BRDA:338,15,1,0
BRF:32
BRH:0
end_of_record
TN:
SF:services\emailService.js
FN:9,(anonymous_0)
FN:34,(anonymous_1)
FN:46,(anonymous_2)
FN:406,(anonymous_3)
FN:455,(anonymous_4)
FN:500,(anonymous_5)
FN:547,(anonymous_6)
FN:587,(anonymous_7)
FNF:8
FNH:2
FNDA:2,(anonymous_0)
FNDA:2,(anonymous_1)
FNDA:0,(anonymous_2)
FNDA:0,(anonymous_3)
FNDA:0,(anonymous_4)
FNDA:0,(anonymous_5)
FNDA:0,(anonymous_6)
FNDA:0,(anonymous_7)
DA:2,2
DA:4,2
DA:5,2
DA:6,2
DA:9,2
DA:10,2
DA:11,2
DA:12,2
DA:21,0
DA:22,0
DA:32,2
DA:34,2
DA:35,2
DA:36,0
DA:38,2
DA:42,2
DA:47,0
DA:49,0
DA:50,0
DA:53,0
DA:54,0
DA:55,0
DA:57,0
DA:351,0
DA:353,0
DA:354,0
DA:355,0
DA:356,0
DA:357,0
DA:358,0
DA:359,0
DA:361,0
DA:362,0
DA:365,0
DA:375,0
DA:378,0
DA:379,0
DA:380,0
DA:381,0
DA:382,0
DA:383,0
DA:384,0
DA:385,0
DA:386,0
DA:387,0
DA:388,0
DA:389,0
DA:390,0
DA:391,0
DA:392,0
DA:393,0
DA:394,0
DA:396,0
DA:407,0
DA:408,0
DA:410,0
DA:441,0
DA:442,0
DA:444,0
DA:450,0
DA:451,0
DA:456,0
DA:457,0
DA:459,0
DA:486,0
DA:487,0
DA:489,0
DA:495,0
DA:496,0
DA:501,0
DA:502,0
DA:504,0
DA:533,0
DA:534,0
DA:536,0
DA:542,0
DA:543,0
DA:548,0
DA:549,0
DA:551,0
DA:573,0
DA:574,0
DA:576,0
DA:582,0
DA:583,0
DA:588,0
DA:589,0
DA:593,2
LF:88
LH:14
BRDA:5,0,0,2
BRDA:5,0,1,0
BRDA:6,1,0,2
BRDA:6,1,1,0
BRDA:10,2,0,2
BRDA:10,2,1,0
BRDA:10,3,0,2
BRDA:10,3,1,2
BRDA:35,4,0,0
BRDA:35,4,1,2
BRDA:58,5,0,0
BRDA:58,5,1,0
BRDA:242,6,0,0
BRDA:242,6,1,0
BRDA:249,7,0,0
BRDA:249,7,1,0
BRDA:258,8,0,0
BRDA:258,8,1,0
BRDA:361,9,0,0
BRDA:361,9,1,0
BRDA:361,10,0,0
BRDA:361,10,1,0
BRDA:385,11,0,0
BRDA:385,11,1,0
BRDA:386,12,0,0
BRDA:386,12,1,0
BRDA:411,13,0,0
BRDA:411,13,1,0
BRDA:460,14,0,0
BRDA:460,14,1,0
BRDA:505,15,0,0
BRDA:505,15,1,0
BRDA:552,16,0,0
BRDA:552,16,1,0
BRDA:566,17,0,0
BRDA:566,17,1,0
BRF:36
BRH:6
end_of_record
